Copyright 1986-2017 Xilinx, Inc. All Rights Reserved.
---------------------------------------------------------------------------------------------------
| Tool Version : Vivado v.2017.3 (lin64) Build 2018833 Wed Oct  4 19:58:07 MDT 2017
| Date         : Thu Jul 11 06:11:16 2019
| Host         : travis-job-7480e71d-f7ab-48a5-b7a8-09e366e8a2a0 running 64-bit Ubuntu 14.04.5 LTS
| Command      : report_timing_summary -datasheet -max_paths 10 -file top_timing.rpt
| Design       : top
| Device       : 7a35t-cpg236
| Speed File   : -1  PRODUCTION 1.19 2017-08-11
---------------------------------------------------------------------------------------------------

Timing Summary Report

------------------------------------------------------------------------------------------------
| Timer Settings
| --------------
------------------------------------------------------------------------------------------------

  Enable Multi Corner Analysis               :  Yes
  Enable Pessimism Removal                   :  Yes
  Pessimism Removal Resolution               :  Nearest Common Node
  Enable Input Delay Default Clock           :  No
  Enable Preset / Clear Arcs                 :  No
  Disable Flight Delays                      :  No
  Ignore I/O Paths                           :  No
  Timing Early Launch at Borrowing Latches   :  false

  Corner  Analyze    Analyze    
  Name    Max Paths  Min Paths  
  ------  ---------  ---------  
  Slow    Yes        Yes        
  Fast    Yes        Yes        



check_timing report

Table of Contents
-----------------
1. checking no_clock
2. checking constant_clock
3. checking pulse_width_clock
4. checking unconstrained_internal_endpoints
5. checking no_input_delay
6. checking no_output_delay
7. checking multiple_clock
8. checking generated_clocks
9. checking loops
10. checking partial_input_delay
11. checking partial_output_delay
12. checking latch_loops

1. checking no_clock
--------------------
 There is 1 register/latch pin with no clock driven by root clock pin: dna_cnt_reg[0]/Q (HIGH)


2. checking constant_clock
--------------------------
 There are 0 register/latch pins with constant_clock.


3. checking pulse_width_clock
-----------------------------
 There are 0 register/latch pins which need pulse_width check


4. checking unconstrained_internal_endpoints
--------------------------------------------
 There are 2 pins that are not constrained for maximum delay. (HIGH)

 There are 0 pins that are not constrained for maximum delay due to constant clock.


5. checking no_input_delay
--------------------------
 There are 3 input ports with no input delay specified. (HIGH)

 There are 0 input ports with no input delay but user has a false path constraint.


6. checking no_output_delay
---------------------------
 There are 3 ports with no output delay specified. (HIGH)

 There are 0 ports with no output delay but user has a false path constraint

 There are 0 ports with no output delay but with a timing clock defined on it or propagating through it


7. checking multiple_clock
--------------------------
 There are 0 register/latch pins with multiple clocks.


8. checking generated_clocks
----------------------------
 There are 0 generated clocks that are not connected to a clock source.


9. checking loops
-----------------
 There are 0 combinational loops in the design.


10. checking partial_input_delay
--------------------------------
 There are 0 input ports with partial input delay specified.


11. checking partial_output_delay
---------------------------------
 There are 0 ports with partial output delay specified.


12. checking latch_loops
------------------------
 There are 0 combinational latch loops in the design through latch input



------------------------------------------------------------------------------------------------
| Design Timing Summary
| ---------------------
------------------------------------------------------------------------------------------------

    WNS(ns)      TNS(ns)  TNS Failing Endpoints  TNS Total Endpoints      WHS(ns)      THS(ns)  THS Failing Endpoints  THS Total Endpoints     WPWS(ns)     TPWS(ns)  TPWS Failing Endpoints  TPWS Total Endpoints  
    -------      -------  ---------------------  -------------------      -------      -------  ---------------------  -------------------     --------     --------  ----------------------  --------------------  
      0.966        0.000                      0                 6222        0.024        0.000                      0                 6221        3.750        0.000                       0                  1956  


All user specified timing constraints are met.


------------------------------------------------------------------------------------------------
| Clock Summary
| -------------
------------------------------------------------------------------------------------------------

Clock    Waveform(ns)       Period(ns)      Frequency(MHz)
-----    ------------       ----------      --------------
clk12    {0.000 41.666}     83.333          12.000          
sys_clk  {0.000 5.000}      10.000          100.000         


------------------------------------------------------------------------------------------------
| Intra Clock Table
| -----------------
------------------------------------------------------------------------------------------------

Clock             WNS(ns)      TNS(ns)  TNS Failing Endpoints  TNS Total Endpoints      WHS(ns)      THS(ns)  THS Failing Endpoints  THS Total Endpoints     WPWS(ns)     TPWS(ns)  TPWS Failing Endpoints  TPWS Total Endpoints  
-----             -------      -------  ---------------------  -------------------      -------      -------  ---------------------  -------------------     --------     --------  ----------------------  --------------------  
clk12                                                                                                                                                          81.178        0.000                       0                     1  
sys_clk             0.966        0.000                      0                 6221        0.024        0.000                      0                 6221        3.750        0.000                       0                  1955  


------------------------------------------------------------------------------------------------
| Inter Clock Table
| -----------------
------------------------------------------------------------------------------------------------

From Clock    To Clock          WNS(ns)      TNS(ns)  TNS Failing Endpoints  TNS Total Endpoints      WHS(ns)      THS(ns)  THS Failing Endpoints  THS Total Endpoints  
----------    --------          -------      -------  ---------------------  -------------------      -------      -------  ---------------------  -------------------  
              sys_clk             2.569        0.000                      0                    1                                                                        


------------------------------------------------------------------------------------------------
| Other Path Groups Table
| -----------------------
------------------------------------------------------------------------------------------------

Path Group    From Clock    To Clock          WNS(ns)      TNS(ns)  TNS Failing Endpoints  TNS Total Endpoints      WHS(ns)      THS(ns)  THS Failing Endpoints  THS Total Endpoints  
----------    ----------    --------          -------      -------  ---------------------  -------------------      -------      -------  ---------------------  -------------------  


------------------------------------------------------------------------------------------------
| Timing Details
| --------------
------------------------------------------------------------------------------------------------


---------------------------------------------------------------------------------------------------
From Clock:  clk12
  To Clock:  clk12

Setup :           NA  Failing Endpoints,  Worst Slack           NA  ,  Total Violation           NA
Hold  :           NA  Failing Endpoints,  Worst Slack           NA  ,  Total Violation           NA
PW    :            0  Failing Endpoints,  Worst Slack       81.178ns,  Total Violation        0.000ns
---------------------------------------------------------------------------------------------------


Pulse Width Checks
--------------------------------------------------------------------------------------
Clock Name:         clk12
Waveform(ns):       { 0.000 41.667 }
Period(ns):         83.333
Sources:            { clk12 }

Check Type  Corner  Lib Pin  Reference Pin  Required(ns)  Actual(ns)  Slack(ns)  Location       Pin
Min Period  n/a     BUFG/I   n/a            2.155         83.333      81.178     BUFGCTRL_X0Y0  BUFG/I



---------------------------------------------------------------------------------------------------
From Clock:  sys_clk
  To Clock:  sys_clk

Setup :            0  Failing Endpoints,  Worst Slack        0.966ns,  Total Violation        0.000ns
Hold  :            0  Failing Endpoints,  Worst Slack        0.024ns,  Total Violation        0.000ns
PW    :            0  Failing Endpoints,  Worst Slack        3.750ns,  Total Violation        0.000ns
---------------------------------------------------------------------------------------------------


Max Delay Paths
--------------------------------------------------------------------------------------
Slack (MET) :             0.966ns  (required time - arrival time)
  Source:                 basesoc_uart_tx_pending_reg/C
                            (rising edge-triggered cell FDRE clocked by sys_clk  {rise@0.000ns fall@5.000ns period=10.000ns})
  Destination:            lm32_cpu/instruction_unit/icache/memories[0].way_0_data_ram/mem_reg/ADDRBWRADDR[11]
                            (rising edge-triggered cell RAMB36E1 clocked by sys_clk  {rise@0.000ns fall@5.000ns period=10.000ns})
  Path Group:             sys_clk
  Path Type:              Setup (Max at Slow Process Corner)
  Requirement:            10.000ns  (sys_clk rise@10.000ns - sys_clk rise@0.000ns)
  Data Path Delay:        8.364ns  (logic 1.520ns (18.174%)  route 6.844ns (81.826%))
  Logic Levels:           7  (LUT3=1 LUT4=3 LUT5=1 LUT6=2)
  Clock Path Skew:        -0.069ns (DCD - SCD + CPR)
    Destination Clock Delay (DCD):    1.484ns = ( 11.484 - 10.000 ) 
    Source Clock Delay      (SCD):    1.553ns
    Clock Pessimism Removal (CPR):    0.000ns
  Clock Uncertainty:      0.035ns  ((TSJ^2 + TIJ^2)^1/2 + DJ) / 2 + PE
    Total System Jitter     (TSJ):    0.071ns
    Total Input Jitter      (TIJ):    0.000ns
    Discrete Jitter          (DJ):    0.000ns
    Phase Error              (PE):    0.000ns

    Location             Delay type                Incr(ns)  Path(ns)    Netlist Resource(s)
  -------------------------------------------------------------------    -------------------
                         (clock sys_clk rise edge)    0.000     0.000 r  
    BUFGCTRL_X0Y0        BUFG                         0.000     0.000 r  BUFG/O
                         net (fo=1956, routed)        1.553     1.553    sys_clk
    SLICE_X37Y56         FDRE                                         r  basesoc_uart_tx_pending_reg/C
  -------------------------------------------------------------------    -------------------
    SLICE_X37Y56         FDRE (Prop_fdre_C_Q)         0.456     2.009 f  basesoc_uart_tx_pending_reg/Q
                         net (fo=3, routed)           0.823     2.832    lm32_cpu/multiplier/basesoc_uart_tx_pending
    SLICE_X35Y55         LUT4 (Prop_lut4_I0_O)        0.124     2.956 f  lm32_cpu/multiplier/pc_m[31]_i_5/O
                         net (fo=2, routed)           0.856     3.812    lm32_cpu/interrupt_unit/basesoc_lm32_interrupt[0]
    SLICE_X35Y44         LUT6 (Prop_lut6_I5_O)        0.124     3.936 r  lm32_cpu/interrupt_unit/pc_m[31]_i_2/O
                         net (fo=4, routed)           0.520     4.456    lm32_cpu/load_store_unit/dcache/memories[0].data_memories.way_0_data_ram/ie_reg
    SLICE_X35Y37         LUT5 (Prop_lut5_I2_O)        0.124     4.580 r  lm32_cpu/load_store_unit/dcache/memories[0].data_memories.way_0_data_ram/pc_m[31]_i_1/O
                         net (fo=187, routed)         0.634     5.214    lm32_cpu/load_store_unit/dcache/E[0]
    SLICE_X35Y36         LUT4 (Prop_lut4_I1_O)        0.124     5.338 r  lm32_cpu/load_store_unit/dcache/exception_m_i_2/O
                         net (fo=10, routed)          0.743     6.081    lm32_cpu/mc_arithmetic/valid_x_reg_0
    SLICE_X35Y40         LUT4 (Prop_lut4_I3_O)        0.118     6.199 f  lm32_cpu/mc_arithmetic/b[31]_i_7/O
                         net (fo=2, routed)           0.873     7.072    lm32_cpu/instruction_unit/load_x_reg_0
    SLICE_X35Y40         LUT6 (Prop_lut6_I0_O)        0.326     7.398 r  lm32_cpu/instruction_unit/mem_reg_i_12/O
                         net (fo=156, routed)         1.461     8.859    lm32_cpu/instruction_unit/icache/memories[0].way_0_tag_ram/load_x_reg
    SLICE_X47Y27         LUT3 (Prop_lut3_I1_O)        0.124     8.983 r  lm32_cpu/instruction_unit/icache/memories[0].way_0_tag_ram/mem_reg_i_4__2/O
                         net (fo=2, routed)           0.934     9.917    lm32_cpu/instruction_unit/icache/memories[0].way_0_data_ram/mem_reg_i_11__0[4]
    RAMB36_X1Y6          RAMB36E1                                     r  lm32_cpu/instruction_unit/icache/memories[0].way_0_data_ram/mem_reg/ADDRBWRADDR[11]
  -------------------------------------------------------------------    -------------------

                         (clock sys_clk rise edge)   10.000    10.000 r  
    BUFGCTRL_X0Y0        BUFG                         0.000    10.000 r  BUFG/O
                         net (fo=1956, routed)        1.484    11.484    lm32_cpu/instruction_unit/icache/memories[0].way_0_data_ram/out
    RAMB36_X1Y6          RAMB36E1                                     r  lm32_cpu/instruction_unit/icache/memories[0].way_0_data_ram/mem_reg/CLKBWRCLK
                         clock pessimism              0.000    11.484    
                         clock uncertainty           -0.035    11.449    
    RAMB36_X1Y6          RAMB36E1 (Setup_ramb36e1_CLKBWRCLK_ADDRBWRADDR[11])
                                                     -0.566    10.883    lm32_cpu/instruction_unit/icache/memories[0].way_0_data_ram/mem_reg
  -------------------------------------------------------------------
                         required time                         10.883    
                         arrival time                          -9.917    
  -------------------------------------------------------------------
                         slack                                  0.966    

Slack (MET) :             1.083ns  (required time - arrival time)
  Source:                 basesoc_uart_tx_pending_reg/C
                            (rising edge-triggered cell FDRE clocked by sys_clk  {rise@0.000ns fall@5.000ns period=10.000ns})
  Destination:            lm32_cpu/instruction_unit/icache/memories[0].way_0_data_ram/mem_reg/ADDRBWRADDR[7]
                            (rising edge-triggered cell RAMB36E1 clocked by sys_clk  {rise@0.000ns fall@5.000ns period=10.000ns})
  Path Group:             sys_clk
  Path Type:              Setup (Max at Slow Process Corner)
  Requirement:            10.000ns  (sys_clk rise@10.000ns - sys_clk rise@0.000ns)
  Data Path Delay:        8.246ns  (logic 1.520ns (18.433%)  route 6.726ns (81.567%))
  Logic Levels:           7  (LUT3=1 LUT4=3 LUT5=1 LUT6=2)
  Clock Path Skew:        -0.069ns (DCD - SCD + CPR)
    Destination Clock Delay (DCD):    1.484ns = ( 11.484 - 10.000 ) 
    Source Clock Delay      (SCD):    1.553ns
    Clock Pessimism Removal (CPR):    0.000ns
  Clock Uncertainty:      0.035ns  ((TSJ^2 + TIJ^2)^1/2 + DJ) / 2 + PE
    Total System Jitter     (TSJ):    0.071ns
    Total Input Jitter      (TIJ):    0.000ns
    Discrete Jitter          (DJ):    0.000ns
    Phase Error              (PE):    0.000ns

    Location             Delay type                Incr(ns)  Path(ns)    Netlist Resource(s)
  -------------------------------------------------------------------    -------------------
                         (clock sys_clk rise edge)    0.000     0.000 r  
    BUFGCTRL_X0Y0        BUFG                         0.000     0.000 r  BUFG/O
                         net (fo=1956, routed)        1.553     1.553    sys_clk
    SLICE_X37Y56         FDRE                                         r  basesoc_uart_tx_pending_reg/C
  -------------------------------------------------------------------    -------------------
    SLICE_X37Y56         FDRE (Prop_fdre_C_Q)         0.456     2.009 f  basesoc_uart_tx_pending_reg/Q
                         net (fo=3, routed)           0.823     2.832    lm32_cpu/multiplier/basesoc_uart_tx_pending
    SLICE_X35Y55         LUT4 (Prop_lut4_I0_O)        0.124     2.956 f  lm32_cpu/multiplier/pc_m[31]_i_5/O
                         net (fo=2, routed)           0.856     3.812    lm32_cpu/interrupt_unit/basesoc_lm32_interrupt[0]
    SLICE_X35Y44         LUT6 (Prop_lut6_I5_O)        0.124     3.936 r  lm32_cpu/interrupt_unit/pc_m[31]_i_2/O
                         net (fo=4, routed)           0.520     4.456    lm32_cpu/load_store_unit/dcache/memories[0].data_memories.way_0_data_ram/ie_reg
    SLICE_X35Y37         LUT5 (Prop_lut5_I2_O)        0.124     4.580 r  lm32_cpu/load_store_unit/dcache/memories[0].data_memories.way_0_data_ram/pc_m[31]_i_1/O
                         net (fo=187, routed)         0.634     5.214    lm32_cpu/load_store_unit/dcache/E[0]
    SLICE_X35Y36         LUT4 (Prop_lut4_I1_O)        0.124     5.338 r  lm32_cpu/load_store_unit/dcache/exception_m_i_2/O
                         net (fo=10, routed)          0.743     6.081    lm32_cpu/mc_arithmetic/valid_x_reg_0
    SLICE_X35Y40         LUT4 (Prop_lut4_I3_O)        0.118     6.199 f  lm32_cpu/mc_arithmetic/b[31]_i_7/O
                         net (fo=2, routed)           0.873     7.072    lm32_cpu/instruction_unit/load_x_reg_0
    SLICE_X35Y40         LUT6 (Prop_lut6_I0_O)        0.326     7.398 r  lm32_cpu/instruction_unit/mem_reg_i_12/O
                         net (fo=156, routed)         1.375     8.773    lm32_cpu/instruction_unit/icache/memories[0].way_0_tag_ram/load_x_reg
    SLICE_X47Y27         LUT3 (Prop_lut3_I1_O)        0.124     8.897 r  lm32_cpu/instruction_unit/icache/memories[0].way_0_tag_ram/mem_reg_i_8__2/O
                         net (fo=2, routed)           0.902     9.799    lm32_cpu/instruction_unit/icache/memories[0].way_0_data_ram/mem_reg_i_11__0[0]
    RAMB36_X1Y6          RAMB36E1                                     r  lm32_cpu/instruction_unit/icache/memories[0].way_0_data_ram/mem_reg/ADDRBWRADDR[7]
  -------------------------------------------------------------------    -------------------

                         (clock sys_clk rise edge)   10.000    10.000 r  
    BUFGCTRL_X0Y0        BUFG                         0.000    10.000 r  BUFG/O
                         net (fo=1956, routed)        1.484    11.484    lm32_cpu/instruction_unit/icache/memories[0].way_0_data_ram/out
    RAMB36_X1Y6          RAMB36E1                                     r  lm32_cpu/instruction_unit/icache/memories[0].way_0_data_ram/mem_reg/CLKBWRCLK
                         clock pessimism              0.000    11.484    
                         clock uncertainty           -0.035    11.449    
    RAMB36_X1Y6          RAMB36E1 (Setup_ramb36e1_CLKBWRCLK_ADDRBWRADDR[7])
                                                     -0.566    10.883    lm32_cpu/instruction_unit/icache/memories[0].way_0_data_ram/mem_reg
  -------------------------------------------------------------------
                         required time                         10.883    
                         arrival time                          -9.799    
  -------------------------------------------------------------------
                         slack                                  1.083    

Slack (MET) :             1.095ns  (required time - arrival time)
  Source:                 basesoc_uart_tx_pending_reg/C
                            (rising edge-triggered cell FDRE clocked by sys_clk  {rise@0.000ns fall@5.000ns period=10.000ns})
  Destination:            lm32_cpu/instruction_unit/icache/memories[0].way_0_data_ram/mem_reg/ADDRBWRADDR[14]
                            (rising edge-triggered cell RAMB36E1 clocked by sys_clk  {rise@0.000ns fall@5.000ns period=10.000ns})
  Path Group:             sys_clk
  Path Type:              Setup (Max at Slow Process Corner)
  Requirement:            10.000ns  (sys_clk rise@10.000ns - sys_clk rise@0.000ns)
  Data Path Delay:        8.235ns  (logic 1.520ns (18.459%)  route 6.715ns (81.541%))
  Logic Levels:           7  (LUT3=1 LUT4=3 LUT5=1 LUT6=2)
  Clock Path Skew:        -0.069ns (DCD - SCD + CPR)
    Destination Clock Delay (DCD):    1.484ns = ( 11.484 - 10.000 ) 
    Source Clock Delay      (SCD):    1.553ns
    Clock Pessimism Removal (CPR):    0.000ns
  Clock Uncertainty:      0.035ns  ((TSJ^2 + TIJ^2)^1/2 + DJ) / 2 + PE
    Total System Jitter     (TSJ):    0.071ns
    Total Input Jitter      (TIJ):    0.000ns
    Discrete Jitter          (DJ):    0.000ns
    Phase Error              (PE):    0.000ns

    Location             Delay type                Incr(ns)  Path(ns)    Netlist Resource(s)
  -------------------------------------------------------------------    -------------------
                         (clock sys_clk rise edge)    0.000     0.000 r  
    BUFGCTRL_X0Y0        BUFG                         0.000     0.000 r  BUFG/O
                         net (fo=1956, routed)        1.553     1.553    sys_clk
    SLICE_X37Y56         FDRE                                         r  basesoc_uart_tx_pending_reg/C
  -------------------------------------------------------------------    -------------------
    SLICE_X37Y56         FDRE (Prop_fdre_C_Q)         0.456     2.009 f  basesoc_uart_tx_pending_reg/Q
                         net (fo=3, routed)           0.823     2.832    lm32_cpu/multiplier/basesoc_uart_tx_pending
    SLICE_X35Y55         LUT4 (Prop_lut4_I0_O)        0.124     2.956 f  lm32_cpu/multiplier/pc_m[31]_i_5/O
                         net (fo=2, routed)           0.856     3.812    lm32_cpu/interrupt_unit/basesoc_lm32_interrupt[0]
    SLICE_X35Y44         LUT6 (Prop_lut6_I5_O)        0.124     3.936 r  lm32_cpu/interrupt_unit/pc_m[31]_i_2/O
                         net (fo=4, routed)           0.520     4.456    lm32_cpu/load_store_unit/dcache/memories[0].data_memories.way_0_data_ram/ie_reg
    SLICE_X35Y37         LUT5 (Prop_lut5_I2_O)        0.124     4.580 r  lm32_cpu/load_store_unit/dcache/memories[0].data_memories.way_0_data_ram/pc_m[31]_i_1/O
                         net (fo=187, routed)         0.634     5.214    lm32_cpu/load_store_unit/dcache/E[0]
    SLICE_X35Y36         LUT4 (Prop_lut4_I1_O)        0.124     5.338 r  lm32_cpu/load_store_unit/dcache/exception_m_i_2/O
                         net (fo=10, routed)          0.743     6.081    lm32_cpu/mc_arithmetic/valid_x_reg_0
    SLICE_X35Y40         LUT4 (Prop_lut4_I3_O)        0.118     6.199 f  lm32_cpu/mc_arithmetic/b[31]_i_7/O
                         net (fo=2, routed)           0.873     7.072    lm32_cpu/instruction_unit/load_x_reg_0
    SLICE_X35Y40         LUT6 (Prop_lut6_I0_O)        0.326     7.398 r  lm32_cpu/instruction_unit/mem_reg_i_12/O
                         net (fo=156, routed)         1.372     8.770    lm32_cpu/instruction_unit/icache/memories[0].way_0_tag_ram/load_x_reg
    SLICE_X46Y30         LUT3 (Prop_lut3_I1_O)        0.124     8.894 r  lm32_cpu/instruction_unit/icache/memories[0].way_0_tag_ram/mem_reg_i_1__1/O
                         net (fo=2, routed)           0.894     9.788    lm32_cpu/instruction_unit/icache/memories[0].way_0_data_ram/mem_reg_i_11__0[7]
    RAMB36_X1Y6          RAMB36E1                                     r  lm32_cpu/instruction_unit/icache/memories[0].way_0_data_ram/mem_reg/ADDRBWRADDR[14]
  -------------------------------------------------------------------    -------------------

                         (clock sys_clk rise edge)   10.000    10.000 r  
    BUFGCTRL_X0Y0        BUFG                         0.000    10.000 r  BUFG/O
                         net (fo=1956, routed)        1.484    11.484    lm32_cpu/instruction_unit/icache/memories[0].way_0_data_ram/out
    RAMB36_X1Y6          RAMB36E1                                     r  lm32_cpu/instruction_unit/icache/memories[0].way_0_data_ram/mem_reg/CLKBWRCLK
                         clock pessimism              0.000    11.484    
                         clock uncertainty           -0.035    11.449    
    RAMB36_X1Y6          RAMB36E1 (Setup_ramb36e1_CLKBWRCLK_ADDRBWRADDR[14])
                                                     -0.566    10.883    lm32_cpu/instruction_unit/icache/memories[0].way_0_data_ram/mem_reg
  -------------------------------------------------------------------
                         required time                         10.883    
                         arrival time                          -9.788    
  -------------------------------------------------------------------
                         slack                                  1.095    

Slack (MET) :             1.105ns  (required time - arrival time)
  Source:                 basesoc_uart_tx_pending_reg/C
                            (rising edge-triggered cell FDRE clocked by sys_clk  {rise@0.000ns fall@5.000ns period=10.000ns})
  Destination:            lm32_cpu/instruction_unit/icache/memories[0].way_0_data_ram/mem_reg/ADDRBWRADDR[9]
                            (rising edge-triggered cell RAMB36E1 clocked by sys_clk  {rise@0.000ns fall@5.000ns period=10.000ns})
  Path Group:             sys_clk
  Path Type:              Setup (Max at Slow Process Corner)
  Requirement:            10.000ns  (sys_clk rise@10.000ns - sys_clk rise@0.000ns)
  Data Path Delay:        8.224ns  (logic 1.520ns (18.482%)  route 6.704ns (81.518%))
  Logic Levels:           7  (LUT3=1 LUT4=3 LUT5=1 LUT6=2)
  Clock Path Skew:        -0.069ns (DCD - SCD + CPR)
    Destination Clock Delay (DCD):    1.484ns = ( 11.484 - 10.000 ) 
    Source Clock Delay      (SCD):    1.553ns
    Clock Pessimism Removal (CPR):    0.000ns
  Clock Uncertainty:      0.035ns  ((TSJ^2 + TIJ^2)^1/2 + DJ) / 2 + PE
    Total System Jitter     (TSJ):    0.071ns
    Total Input Jitter      (TIJ):    0.000ns
    Discrete Jitter          (DJ):    0.000ns
    Phase Error              (PE):    0.000ns

    Location             Delay type                Incr(ns)  Path(ns)    Netlist Resource(s)
  -------------------------------------------------------------------    -------------------
                         (clock sys_clk rise edge)    0.000     0.000 r  
    BUFGCTRL_X0Y0        BUFG                         0.000     0.000 r  BUFG/O
                         net (fo=1956, routed)        1.553     1.553    sys_clk
    SLICE_X37Y56         FDRE                                         r  basesoc_uart_tx_pending_reg/C
  -------------------------------------------------------------------    -------------------
    SLICE_X37Y56         FDRE (Prop_fdre_C_Q)         0.456     2.009 f  basesoc_uart_tx_pending_reg/Q
                         net (fo=3, routed)           0.823     2.832    lm32_cpu/multiplier/basesoc_uart_tx_pending
    SLICE_X35Y55         LUT4 (Prop_lut4_I0_O)        0.124     2.956 f  lm32_cpu/multiplier/pc_m[31]_i_5/O
                         net (fo=2, routed)           0.856     3.812    lm32_cpu/interrupt_unit/basesoc_lm32_interrupt[0]
    SLICE_X35Y44         LUT6 (Prop_lut6_I5_O)        0.124     3.936 r  lm32_cpu/interrupt_unit/pc_m[31]_i_2/O
                         net (fo=4, routed)           0.520     4.456    lm32_cpu/load_store_unit/dcache/memories[0].data_memories.way_0_data_ram/ie_reg
    SLICE_X35Y37         LUT5 (Prop_lut5_I2_O)        0.124     4.580 r  lm32_cpu/load_store_unit/dcache/memories[0].data_memories.way_0_data_ram/pc_m[31]_i_1/O
                         net (fo=187, routed)         0.634     5.214    lm32_cpu/load_store_unit/dcache/E[0]
    SLICE_X35Y36         LUT4 (Prop_lut4_I1_O)        0.124     5.338 r  lm32_cpu/load_store_unit/dcache/exception_m_i_2/O
                         net (fo=10, routed)          0.743     6.081    lm32_cpu/mc_arithmetic/valid_x_reg_0
    SLICE_X35Y40         LUT4 (Prop_lut4_I3_O)        0.118     6.199 f  lm32_cpu/mc_arithmetic/b[31]_i_7/O
                         net (fo=2, routed)           0.873     7.072    lm32_cpu/instruction_unit/load_x_reg_0
    SLICE_X35Y40         LUT6 (Prop_lut6_I0_O)        0.326     7.398 r  lm32_cpu/instruction_unit/mem_reg_i_12/O
                         net (fo=156, routed)         1.218     8.616    lm32_cpu/instruction_unit/icache/memories[0].way_0_tag_ram/load_x_reg
    SLICE_X42Y26         LUT3 (Prop_lut3_I1_O)        0.124     8.740 r  lm32_cpu/instruction_unit/icache/memories[0].way_0_tag_ram/mem_reg_i_6__2/O
                         net (fo=2, routed)           1.038     9.777    lm32_cpu/instruction_unit/icache/memories[0].way_0_data_ram/mem_reg_i_11__0[2]
    RAMB36_X1Y6          RAMB36E1                                     r  lm32_cpu/instruction_unit/icache/memories[0].way_0_data_ram/mem_reg/ADDRBWRADDR[9]
  -------------------------------------------------------------------    -------------------

                         (clock sys_clk rise edge)   10.000    10.000 r  
    BUFGCTRL_X0Y0        BUFG                         0.000    10.000 r  BUFG/O
                         net (fo=1956, routed)        1.484    11.484    lm32_cpu/instruction_unit/icache/memories[0].way_0_data_ram/out
    RAMB36_X1Y6          RAMB36E1                                     r  lm32_cpu/instruction_unit/icache/memories[0].way_0_data_ram/mem_reg/CLKBWRCLK
                         clock pessimism              0.000    11.484    
                         clock uncertainty           -0.035    11.449    
    RAMB36_X1Y6          RAMB36E1 (Setup_ramb36e1_CLKBWRCLK_ADDRBWRADDR[9])
                                                     -0.566    10.883    lm32_cpu/instruction_unit/icache/memories[0].way_0_data_ram/mem_reg
  -------------------------------------------------------------------
                         required time                         10.883    
                         arrival time                          -9.777    
  -------------------------------------------------------------------
                         slack                                  1.105    

Slack (MET) :             1.109ns  (required time - arrival time)
  Source:                 basesoc_uart_tx_pending_reg/C
                            (rising edge-triggered cell FDRE clocked by sys_clk  {rise@0.000ns fall@5.000ns period=10.000ns})
  Destination:            lm32_cpu/instruction_unit/icache/memories[0].way_0_tag_ram/mem_reg/ADDRARDADDR[12]
                            (rising edge-triggered cell RAMB18E1 clocked by sys_clk  {rise@0.000ns fall@5.000ns period=10.000ns})
  Path Group:             sys_clk
  Path Type:              Setup (Max at Slow Process Corner)
  Requirement:            10.000ns  (sys_clk rise@10.000ns - sys_clk rise@0.000ns)
  Data Path Delay:        8.218ns  (logic 1.520ns (18.496%)  route 6.698ns (81.504%))
  Logic Levels:           7  (LUT3=1 LUT4=3 LUT5=1 LUT6=2)
  Clock Path Skew:        -0.071ns (DCD - SCD + CPR)
    Destination Clock Delay (DCD):    1.482ns = ( 11.482 - 10.000 ) 
    Source Clock Delay      (SCD):    1.553ns
    Clock Pessimism Removal (CPR):    0.000ns
  Clock Uncertainty:      0.035ns  ((TSJ^2 + TIJ^2)^1/2 + DJ) / 2 + PE
    Total System Jitter     (TSJ):    0.071ns
    Total Input Jitter      (TIJ):    0.000ns
    Discrete Jitter          (DJ):    0.000ns
    Phase Error              (PE):    0.000ns

    Location             Delay type                Incr(ns)  Path(ns)    Netlist Resource(s)
  -------------------------------------------------------------------    -------------------
                         (clock sys_clk rise edge)    0.000     0.000 r  
    BUFGCTRL_X0Y0        BUFG                         0.000     0.000 r  BUFG/O
                         net (fo=1956, routed)        1.553     1.553    sys_clk
    SLICE_X37Y56         FDRE                                         r  basesoc_uart_tx_pending_reg/C
  -------------------------------------------------------------------    -------------------
    SLICE_X37Y56         FDRE (Prop_fdre_C_Q)         0.456     2.009 f  basesoc_uart_tx_pending_reg/Q
                         net (fo=3, routed)           0.823     2.832    lm32_cpu/multiplier/basesoc_uart_tx_pending
    SLICE_X35Y55         LUT4 (Prop_lut4_I0_O)        0.124     2.956 f  lm32_cpu/multiplier/pc_m[31]_i_5/O
                         net (fo=2, routed)           0.856     3.812    lm32_cpu/interrupt_unit/basesoc_lm32_interrupt[0]
    SLICE_X35Y44         LUT6 (Prop_lut6_I5_O)        0.124     3.936 r  lm32_cpu/interrupt_unit/pc_m[31]_i_2/O
                         net (fo=4, routed)           0.520     4.456    lm32_cpu/load_store_unit/dcache/memories[0].data_memories.way_0_data_ram/ie_reg
    SLICE_X35Y37         LUT5 (Prop_lut5_I2_O)        0.124     4.580 r  lm32_cpu/load_store_unit/dcache/memories[0].data_memories.way_0_data_ram/pc_m[31]_i_1/O
                         net (fo=187, routed)         0.634     5.214    lm32_cpu/load_store_unit/dcache/E[0]
    SLICE_X35Y36         LUT4 (Prop_lut4_I1_O)        0.124     5.338 r  lm32_cpu/load_store_unit/dcache/exception_m_i_2/O
                         net (fo=10, routed)          0.743     6.081    lm32_cpu/mc_arithmetic/valid_x_reg_0
    SLICE_X35Y40         LUT4 (Prop_lut4_I3_O)        0.118     6.199 f  lm32_cpu/mc_arithmetic/b[31]_i_7/O
                         net (fo=2, routed)           0.873     7.072    lm32_cpu/instruction_unit/load_x_reg_0
    SLICE_X35Y40         LUT6 (Prop_lut6_I0_O)        0.326     7.398 r  lm32_cpu/instruction_unit/mem_reg_i_12/O
                         net (fo=156, routed)         1.372     8.770    lm32_cpu/instruction_unit/icache/memories[0].way_0_tag_ram/load_x_reg
    SLICE_X46Y30         LUT3 (Prop_lut3_I1_O)        0.124     8.894 r  lm32_cpu/instruction_unit/icache/memories[0].way_0_tag_ram/mem_reg_i_1__1/O
                         net (fo=2, routed)           0.878     9.771    lm32_cpu/instruction_unit/icache/memories[0].way_0_tag_ram/mem_reg_0[7]
    RAMB18_X1Y10         RAMB18E1                                     r  lm32_cpu/instruction_unit/icache/memories[0].way_0_tag_ram/mem_reg/ADDRARDADDR[12]
  -------------------------------------------------------------------    -------------------

                         (clock sys_clk rise edge)   10.000    10.000 r  
    BUFGCTRL_X0Y0        BUFG                         0.000    10.000 r  BUFG/O
                         net (fo=1956, routed)        1.482    11.482    lm32_cpu/instruction_unit/icache/memories[0].way_0_tag_ram/out
    RAMB18_X1Y10         RAMB18E1                                     r  lm32_cpu/instruction_unit/icache/memories[0].way_0_tag_ram/mem_reg/CLKARDCLK
                         clock pessimism              0.000    11.482    
                         clock uncertainty           -0.035    11.447    
    RAMB18_X1Y10         RAMB18E1 (Setup_ramb18e1_CLKARDCLK_ADDRARDADDR[12])
                                                     -0.566    10.881    lm32_cpu/instruction_unit/icache/memories[0].way_0_tag_ram/mem_reg
  -------------------------------------------------------------------
                         required time                         10.881    
                         arrival time                          -9.771    
  -------------------------------------------------------------------
                         slack                                  1.109    

Slack (MET) :             1.125ns  (required time - arrival time)
  Source:                 basesoc_uart_tx_pending_reg/C
                            (rising edge-triggered cell FDRE clocked by sys_clk  {rise@0.000ns fall@5.000ns period=10.000ns})
  Destination:            lm32_cpu/instruction_unit/icache/memories[0].way_0_data_ram/mem_reg/ADDRBWRADDR[5]
                            (rising edge-triggered cell RAMB36E1 clocked by sys_clk  {rise@0.000ns fall@5.000ns period=10.000ns})
  Path Group:             sys_clk
  Path Type:              Setup (Max at Slow Process Corner)
  Requirement:            10.000ns  (sys_clk rise@10.000ns - sys_clk rise@0.000ns)
  Data Path Delay:        8.204ns  (logic 1.520ns (18.526%)  route 6.684ns (81.474%))
  Logic Levels:           7  (LUT3=1 LUT4=3 LUT5=1 LUT6=2)
  Clock Path Skew:        -0.069ns (DCD - SCD + CPR)
    Destination Clock Delay (DCD):    1.484ns = ( 11.484 - 10.000 ) 
    Source Clock Delay      (SCD):    1.553ns
    Clock Pessimism Removal (CPR):    0.000ns
  Clock Uncertainty:      0.035ns  ((TSJ^2 + TIJ^2)^1/2 + DJ) / 2 + PE
    Total System Jitter     (TSJ):    0.071ns
    Total Input Jitter      (TIJ):    0.000ns
    Discrete Jitter          (DJ):    0.000ns
    Phase Error              (PE):    0.000ns

    Location             Delay type                Incr(ns)  Path(ns)    Netlist Resource(s)
  -------------------------------------------------------------------    -------------------
                         (clock sys_clk rise edge)    0.000     0.000 r  
    BUFGCTRL_X0Y0        BUFG                         0.000     0.000 r  BUFG/O
                         net (fo=1956, routed)        1.553     1.553    sys_clk
    SLICE_X37Y56         FDRE                                         r  basesoc_uart_tx_pending_reg/C
  -------------------------------------------------------------------    -------------------
    SLICE_X37Y56         FDRE (Prop_fdre_C_Q)         0.456     2.009 f  basesoc_uart_tx_pending_reg/Q
                         net (fo=3, routed)           0.823     2.832    lm32_cpu/multiplier/basesoc_uart_tx_pending
    SLICE_X35Y55         LUT4 (Prop_lut4_I0_O)        0.124     2.956 f  lm32_cpu/multiplier/pc_m[31]_i_5/O
                         net (fo=2, routed)           0.856     3.812    lm32_cpu/interrupt_unit/basesoc_lm32_interrupt[0]
    SLICE_X35Y44         LUT6 (Prop_lut6_I5_O)        0.124     3.936 r  lm32_cpu/interrupt_unit/pc_m[31]_i_2/O
                         net (fo=4, routed)           0.520     4.456    lm32_cpu/load_store_unit/dcache/memories[0].data_memories.way_0_data_ram/ie_reg
    SLICE_X35Y37         LUT5 (Prop_lut5_I2_O)        0.124     4.580 r  lm32_cpu/load_store_unit/dcache/memories[0].data_memories.way_0_data_ram/pc_m[31]_i_1/O
                         net (fo=187, routed)         0.634     5.214    lm32_cpu/load_store_unit/dcache/E[0]
    SLICE_X35Y36         LUT4 (Prop_lut4_I1_O)        0.124     5.338 r  lm32_cpu/load_store_unit/dcache/exception_m_i_2/O
                         net (fo=10, routed)          0.743     6.081    lm32_cpu/mc_arithmetic/valid_x_reg_0
    SLICE_X35Y40         LUT4 (Prop_lut4_I3_O)        0.118     6.199 f  lm32_cpu/mc_arithmetic/b[31]_i_7/O
                         net (fo=2, routed)           0.873     7.072    lm32_cpu/instruction_unit/load_x_reg_0
    SLICE_X35Y40         LUT6 (Prop_lut6_I0_O)        0.326     7.398 r  lm32_cpu/instruction_unit/mem_reg_i_12/O
                         net (fo=156, routed)         1.364     8.761    lm32_cpu/instruction_unit/icache/memories[0].way_0_data_ram/load_x_reg
    SLICE_X47Y30         LUT3 (Prop_lut3_I1_O)        0.124     8.885 r  lm32_cpu/instruction_unit/icache/memories[0].way_0_data_ram/mem_reg_i_10/O
                         net (fo=1, routed)           0.872     9.757    lm32_cpu/instruction_unit/icache/memories[0].way_0_data_ram/mem_reg_i_10_n_0
    RAMB36_X1Y6          RAMB36E1                                     r  lm32_cpu/instruction_unit/icache/memories[0].way_0_data_ram/mem_reg/ADDRBWRADDR[5]
  -------------------------------------------------------------------    -------------------

                         (clock sys_clk rise edge)   10.000    10.000 r  
    BUFGCTRL_X0Y0        BUFG                         0.000    10.000 r  BUFG/O
                         net (fo=1956, routed)        1.484    11.484    lm32_cpu/instruction_unit/icache/memories[0].way_0_data_ram/out
    RAMB36_X1Y6          RAMB36E1                                     r  lm32_cpu/instruction_unit/icache/memories[0].way_0_data_ram/mem_reg/CLKBWRCLK
                         clock pessimism              0.000    11.484    
                         clock uncertainty           -0.035    11.449    
    RAMB36_X1Y6          RAMB36E1 (Setup_ramb36e1_CLKBWRCLK_ADDRBWRADDR[5])
                                                     -0.566    10.883    lm32_cpu/instruction_unit/icache/memories[0].way_0_data_ram/mem_reg
  -------------------------------------------------------------------
                         required time                         10.883    
                         arrival time                          -9.757    
  -------------------------------------------------------------------
                         slack                                  1.125    

Slack (MET) :             1.168ns  (required time - arrival time)
  Source:                 FDPE_1/C
                            (rising edge-triggered cell FDPE clocked by sys_clk  {rise@0.000ns fall@5.000ns period=10.000ns})
  Destination:            count_reg[16]/S
                            (rising edge-triggered cell FDSE clocked by sys_clk  {rise@0.000ns fall@5.000ns period=10.000ns})
  Path Group:             sys_clk
  Path Type:              Setup (Max at Slow Process Corner)
  Requirement:            10.000ns  (sys_clk rise@10.000ns - sys_clk rise@0.000ns)
  Data Path Delay:        7.911ns  (logic 0.718ns (9.076%)  route 7.193ns (90.924%))
  Logic Levels:           1  (LUT3=1)
  Clock Path Skew:        -0.362ns (DCD - SCD + CPR)
    Destination Clock Delay (DCD):    1.446ns = ( 11.446 - 10.000 ) 
    Source Clock Delay      (SCD):    1.808ns
    Clock Pessimism Removal (CPR):    0.000ns
  Clock Uncertainty:      0.035ns  ((TSJ^2 + TIJ^2)^1/2 + DJ) / 2 + PE
    Total System Jitter     (TSJ):    0.071ns
    Total Input Jitter      (TIJ):    0.000ns
    Discrete Jitter          (DJ):    0.000ns
    Phase Error              (PE):    0.000ns

    Location             Delay type                Incr(ns)  Path(ns)    Netlist Resource(s)
  -------------------------------------------------------------------    -------------------
                         (clock sys_clk rise edge)    0.000     0.000 r  
    BUFGCTRL_X0Y0        BUFG                         0.000     0.000 r  BUFG/O
                         net (fo=1956, routed)        1.808     1.808    sys_clk
    SLICE_X0Y108         FDPE                                         r  FDPE_1/C
  -------------------------------------------------------------------    -------------------
    SLICE_X0Y108         FDPE (Prop_fdpe_C_Q)         0.419     2.227 r  FDPE_1/Q
                         net (fo=509, routed)         5.902     8.129    lm32_cpu/load_store_unit/sys_rst
    SLICE_X32Y36         LUT3 (Prop_lut3_I1_O)        0.299     8.428 r  lm32_cpu/load_store_unit/count[0]_i_1/O
                         net (fo=20, routed)          1.291     9.719    lm32_cpu_n_54
    SLICE_X30Y47         FDSE                                         r  count_reg[16]/S
  -------------------------------------------------------------------    -------------------

                         (clock sys_clk rise edge)   10.000    10.000 r  
    BUFGCTRL_X0Y0        BUFG                         0.000    10.000 r  BUFG/O
                         net (fo=1956, routed)        1.446    11.446    sys_clk
    SLICE_X30Y47         FDSE                                         r  count_reg[16]/C
                         clock pessimism              0.000    11.446    
                         clock uncertainty           -0.035    11.411    
    SLICE_X30Y47         FDSE (Setup_fdse_C_S)       -0.524    10.887    count_reg[16]
  -------------------------------------------------------------------
                         required time                         10.887    
                         arrival time                          -9.719    
  -------------------------------------------------------------------
                         slack                                  1.168    

Slack (MET) :             1.168ns  (required time - arrival time)
  Source:                 FDPE_1/C
                            (rising edge-triggered cell FDPE clocked by sys_clk  {rise@0.000ns fall@5.000ns period=10.000ns})
  Destination:            count_reg[17]/S
                            (rising edge-triggered cell FDSE clocked by sys_clk  {rise@0.000ns fall@5.000ns period=10.000ns})
  Path Group:             sys_clk
  Path Type:              Setup (Max at Slow Process Corner)
  Requirement:            10.000ns  (sys_clk rise@10.000ns - sys_clk rise@0.000ns)
  Data Path Delay:        7.911ns  (logic 0.718ns (9.076%)  route 7.193ns (90.924%))
  Logic Levels:           1  (LUT3=1)
  Clock Path Skew:        -0.362ns (DCD - SCD + CPR)
    Destination Clock Delay (DCD):    1.446ns = ( 11.446 - 10.000 ) 
    Source Clock Delay      (SCD):    1.808ns
    Clock Pessimism Removal (CPR):    0.000ns
  Clock Uncertainty:      0.035ns  ((TSJ^2 + TIJ^2)^1/2 + DJ) / 2 + PE
    Total System Jitter     (TSJ):    0.071ns
    Total Input Jitter      (TIJ):    0.000ns
    Discrete Jitter          (DJ):    0.000ns
    Phase Error              (PE):    0.000ns

    Location             Delay type                Incr(ns)  Path(ns)    Netlist Resource(s)
  -------------------------------------------------------------------    -------------------
                         (clock sys_clk rise edge)    0.000     0.000 r  
    BUFGCTRL_X0Y0        BUFG                         0.000     0.000 r  BUFG/O
                         net (fo=1956, routed)        1.808     1.808    sys_clk
    SLICE_X0Y108         FDPE                                         r  FDPE_1/C
  -------------------------------------------------------------------    -------------------
    SLICE_X0Y108         FDPE (Prop_fdpe_C_Q)         0.419     2.227 r  FDPE_1/Q
                         net (fo=509, routed)         5.902     8.129    lm32_cpu/load_store_unit/sys_rst
    SLICE_X32Y36         LUT3 (Prop_lut3_I1_O)        0.299     8.428 r  lm32_cpu/load_store_unit/count[0]_i_1/O
                         net (fo=20, routed)          1.291     9.719    lm32_cpu_n_54
    SLICE_X30Y47         FDSE                                         r  count_reg[17]/S
  -------------------------------------------------------------------    -------------------

                         (clock sys_clk rise edge)   10.000    10.000 r  
    BUFGCTRL_X0Y0        BUFG                         0.000    10.000 r  BUFG/O
                         net (fo=1956, routed)        1.446    11.446    sys_clk
    SLICE_X30Y47         FDSE                                         r  count_reg[17]/C
                         clock pessimism              0.000    11.446    
                         clock uncertainty           -0.035    11.411    
    SLICE_X30Y47         FDSE (Setup_fdse_C_S)       -0.524    10.887    count_reg[17]
  -------------------------------------------------------------------
                         required time                         10.887    
                         arrival time                          -9.719    
  -------------------------------------------------------------------
                         slack                                  1.168    

Slack (MET) :             1.168ns  (required time - arrival time)
  Source:                 FDPE_1/C
                            (rising edge-triggered cell FDPE clocked by sys_clk  {rise@0.000ns fall@5.000ns period=10.000ns})
  Destination:            count_reg[18]/S
                            (rising edge-triggered cell FDSE clocked by sys_clk  {rise@0.000ns fall@5.000ns period=10.000ns})
  Path Group:             sys_clk
  Path Type:              Setup (Max at Slow Process Corner)
  Requirement:            10.000ns  (sys_clk rise@10.000ns - sys_clk rise@0.000ns)
  Data Path Delay:        7.911ns  (logic 0.718ns (9.076%)  route 7.193ns (90.924%))
  Logic Levels:           1  (LUT3=1)
  Clock Path Skew:        -0.362ns (DCD - SCD + CPR)
    Destination Clock Delay (DCD):    1.446ns = ( 11.446 - 10.000 ) 
    Source Clock Delay      (SCD):    1.808ns
    Clock Pessimism Removal (CPR):    0.000ns
  Clock Uncertainty:      0.035ns  ((TSJ^2 + TIJ^2)^1/2 + DJ) / 2 + PE
    Total System Jitter     (TSJ):    0.071ns
    Total Input Jitter      (TIJ):    0.000ns
    Discrete Jitter          (DJ):    0.000ns
    Phase Error              (PE):    0.000ns

    Location             Delay type                Incr(ns)  Path(ns)    Netlist Resource(s)
  -------------------------------------------------------------------    -------------------
                         (clock sys_clk rise edge)    0.000     0.000 r  
    BUFGCTRL_X0Y0        BUFG                         0.000     0.000 r  BUFG/O
                         net (fo=1956, routed)        1.808     1.808    sys_clk
    SLICE_X0Y108         FDPE                                         r  FDPE_1/C
  -------------------------------------------------------------------    -------------------
    SLICE_X0Y108         FDPE (Prop_fdpe_C_Q)         0.419     2.227 r  FDPE_1/Q
                         net (fo=509, routed)         5.902     8.129    lm32_cpu/load_store_unit/sys_rst
    SLICE_X32Y36         LUT3 (Prop_lut3_I1_O)        0.299     8.428 r  lm32_cpu/load_store_unit/count[0]_i_1/O
                         net (fo=20, routed)          1.291     9.719    lm32_cpu_n_54
    SLICE_X30Y47         FDSE                                         r  count_reg[18]/S
  -------------------------------------------------------------------    -------------------

                         (clock sys_clk rise edge)   10.000    10.000 r  
    BUFGCTRL_X0Y0        BUFG                         0.000    10.000 r  BUFG/O
                         net (fo=1956, routed)        1.446    11.446    sys_clk
    SLICE_X30Y47         FDSE                                         r  count_reg[18]/C
                         clock pessimism              0.000    11.446    
                         clock uncertainty           -0.035    11.411    
    SLICE_X30Y47         FDSE (Setup_fdse_C_S)       -0.524    10.887    count_reg[18]
  -------------------------------------------------------------------
                         required time                         10.887    
                         arrival time                          -9.719    
  -------------------------------------------------------------------
                         slack                                  1.168    

Slack (MET) :             1.168ns  (required time - arrival time)
  Source:                 FDPE_1/C
                            (rising edge-triggered cell FDPE clocked by sys_clk  {rise@0.000ns fall@5.000ns period=10.000ns})
  Destination:            count_reg[19]/S
                            (rising edge-triggered cell FDSE clocked by sys_clk  {rise@0.000ns fall@5.000ns period=10.000ns})
  Path Group:             sys_clk
  Path Type:              Setup (Max at Slow Process Corner)
  Requirement:            10.000ns  (sys_clk rise@10.000ns - sys_clk rise@0.000ns)
  Data Path Delay:        7.911ns  (logic 0.718ns (9.076%)  route 7.193ns (90.924%))
  Logic Levels:           1  (LUT3=1)
  Clock Path Skew:        -0.362ns (DCD - SCD + CPR)
    Destination Clock Delay (DCD):    1.446ns = ( 11.446 - 10.000 ) 
    Source Clock Delay      (SCD):    1.808ns
    Clock Pessimism Removal (CPR):    0.000ns
  Clock Uncertainty:      0.035ns  ((TSJ^2 + TIJ^2)^1/2 + DJ) / 2 + PE
    Total System Jitter     (TSJ):    0.071ns
    Total Input Jitter      (TIJ):    0.000ns
    Discrete Jitter          (DJ):    0.000ns
    Phase Error              (PE):    0.000ns

    Location             Delay type                Incr(ns)  Path(ns)    Netlist Resource(s)
  -------------------------------------------------------------------    -------------------
                         (clock sys_clk rise edge)    0.000     0.000 r  
    BUFGCTRL_X0Y0        BUFG                         0.000     0.000 r  BUFG/O
                         net (fo=1956, routed)        1.808     1.808    sys_clk
    SLICE_X0Y108         FDPE                                         r  FDPE_1/C
  -------------------------------------------------------------------    -------------------
    SLICE_X0Y108         FDPE (Prop_fdpe_C_Q)         0.419     2.227 r  FDPE_1/Q
                         net (fo=509, routed)         5.902     8.129    lm32_cpu/load_store_unit/sys_rst
    SLICE_X32Y36         LUT3 (Prop_lut3_I1_O)        0.299     8.428 r  lm32_cpu/load_store_unit/count[0]_i_1/O
                         net (fo=20, routed)          1.291     9.719    lm32_cpu_n_54
    SLICE_X30Y47         FDSE                                         r  count_reg[19]/S
  -------------------------------------------------------------------    -------------------

                         (clock sys_clk rise edge)   10.000    10.000 r  
    BUFGCTRL_X0Y0        BUFG                         0.000    10.000 r  BUFG/O
                         net (fo=1956, routed)        1.446    11.446    sys_clk
    SLICE_X30Y47         FDSE                                         r  count_reg[19]/C
                         clock pessimism              0.000    11.446    
                         clock uncertainty           -0.035    11.411    
    SLICE_X30Y47         FDSE (Setup_fdse_C_S)       -0.524    10.887    count_reg[19]
  -------------------------------------------------------------------
                         required time                         10.887    
                         arrival time                          -9.719    
  -------------------------------------------------------------------
                         slack                                  1.168    





Min Delay Paths
--------------------------------------------------------------------------------------
Slack (MET) :             0.024ns  (arrival time - required time)
  Source:                 basesoc_uart_tx_fifo_produce_reg[0]/C
                            (rising edge-triggered cell FDRE clocked by sys_clk  {rise@0.000ns fall@5.000ns period=10.000ns})
  Destination:            storage_reg_0_15_6_9/RAMA/WADR0
                            (rising edge-triggered cell RAMD32 clocked by sys_clk  {rise@0.000ns fall@5.000ns period=10.000ns})
  Path Group:             sys_clk
  Path Type:              Hold (Min at Fast Process Corner)
  Requirement:            0.000ns  (sys_clk rise@0.000ns - sys_clk rise@0.000ns)
  Data Path Delay:        0.347ns  (logic 0.141ns (40.599%)  route 0.206ns (59.401%))
  Logic Levels:           0  
  Clock Path Skew:        0.013ns (DCD - SCD - CPR)
    Destination Clock Delay (DCD):    0.831ns
    Source Clock Delay      (SCD):    0.561ns
    Clock Pessimism Removal (CPR):    0.257ns

    Location             Delay type                Incr(ns)  Path(ns)    Netlist Resource(s)
  -------------------------------------------------------------------    -------------------
                         (clock sys_clk rise edge)    0.000     0.000 r  
    BUFGCTRL_X0Y0        BUFG                         0.000     0.000 r  BUFG/O
                         net (fo=1956, routed)        0.561     0.561    sys_clk
    SLICE_X43Y56         FDRE                                         r  basesoc_uart_tx_fifo_produce_reg[0]/C
  -------------------------------------------------------------------    -------------------
    SLICE_X43Y56         FDRE (Prop_fdre_C_Q)         0.141     0.702 r  basesoc_uart_tx_fifo_produce_reg[0]/Q
                         net (fo=20, routed)          0.206     0.908    storage_reg_0_15_6_9/ADDRD0
    SLICE_X42Y56         RAMD32                                       r  storage_reg_0_15_6_9/RAMA/WADR0
  -------------------------------------------------------------------    -------------------

                         (clock sys_clk rise edge)    0.000     0.000 r  
    BUFGCTRL_X0Y0        BUFG                         0.000     0.000 r  BUFG/O
                         net (fo=1956, routed)        0.831     0.831    storage_reg_0_15_6_9/WCLK
    SLICE_X42Y56         RAMD32                                       r  storage_reg_0_15_6_9/RAMA/CLK
                         clock pessimism             -0.257     0.574    
    SLICE_X42Y56         RAMD32 (Hold_ramd32_CLK_WADR0)
                                                      0.310     0.884    storage_reg_0_15_6_9/RAMA
  -------------------------------------------------------------------
                         required time                         -0.884    
                         arrival time                           0.908    
  -------------------------------------------------------------------
                         slack                                  0.024    

Slack (MET) :             0.024ns  (arrival time - required time)
  Source:                 basesoc_uart_tx_fifo_produce_reg[0]/C
                            (rising edge-triggered cell FDRE clocked by sys_clk  {rise@0.000ns fall@5.000ns period=10.000ns})
  Destination:            storage_reg_0_15_6_9/RAMA_D1/WADR0
                            (rising edge-triggered cell RAMD32 clocked by sys_clk  {rise@0.000ns fall@5.000ns period=10.000ns})
  Path Group:             sys_clk
  Path Type:              Hold (Min at Fast Process Corner)
  Requirement:            0.000ns  (sys_clk rise@0.000ns - sys_clk rise@0.000ns)
  Data Path Delay:        0.347ns  (logic 0.141ns (40.599%)  route 0.206ns (59.401%))
  Logic Levels:           0  
  Clock Path Skew:        0.013ns (DCD - SCD - CPR)
    Destination Clock Delay (DCD):    0.831ns
    Source Clock Delay      (SCD):    0.561ns
    Clock Pessimism Removal (CPR):    0.257ns

    Location             Delay type                Incr(ns)  Path(ns)    Netlist Resource(s)
  -------------------------------------------------------------------    -------------------
                         (clock sys_clk rise edge)    0.000     0.000 r  
    BUFGCTRL_X0Y0        BUFG                         0.000     0.000 r  BUFG/O
                         net (fo=1956, routed)        0.561     0.561    sys_clk
    SLICE_X43Y56         FDRE                                         r  basesoc_uart_tx_fifo_produce_reg[0]/C
  -------------------------------------------------------------------    -------------------
    SLICE_X43Y56         FDRE (Prop_fdre_C_Q)         0.141     0.702 r  basesoc_uart_tx_fifo_produce_reg[0]/Q
                         net (fo=20, routed)          0.206     0.908    storage_reg_0_15_6_9/ADDRD0
    SLICE_X42Y56         RAMD32                                       r  storage_reg_0_15_6_9/RAMA_D1/WADR0
  -------------------------------------------------------------------    -------------------

                         (clock sys_clk rise edge)    0.000     0.000 r  
    BUFGCTRL_X0Y0        BUFG                         0.000     0.000 r  BUFG/O
                         net (fo=1956, routed)        0.831     0.831    storage_reg_0_15_6_9/WCLK
    SLICE_X42Y56         RAMD32                                       r  storage_reg_0_15_6_9/RAMA_D1/CLK
                         clock pessimism             -0.257     0.574    
    SLICE_X42Y56         RAMD32 (Hold_ramd32_CLK_WADR0)
                                                      0.310     0.884    storage_reg_0_15_6_9/RAMA_D1
  -------------------------------------------------------------------
                         required time                         -0.884    
                         arrival time                           0.908    
  -------------------------------------------------------------------
                         slack                                  0.024    

Slack (MET) :             0.024ns  (arrival time - required time)
  Source:                 basesoc_uart_tx_fifo_produce_reg[0]/C
                            (rising edge-triggered cell FDRE clocked by sys_clk  {rise@0.000ns fall@5.000ns period=10.000ns})
  Destination:            storage_reg_0_15_6_9/RAMB/WADR0
                            (rising edge-triggered cell RAMD32 clocked by sys_clk  {rise@0.000ns fall@5.000ns period=10.000ns})
  Path Group:             sys_clk
  Path Type:              Hold (Min at Fast Process Corner)
  Requirement:            0.000ns  (sys_clk rise@0.000ns - sys_clk rise@0.000ns)
  Data Path Delay:        0.347ns  (logic 0.141ns (40.599%)  route 0.206ns (59.401%))
  Logic Levels:           0  
  Clock Path Skew:        0.013ns (DCD - SCD - CPR)
    Destination Clock Delay (DCD):    0.831ns
    Source Clock Delay      (SCD):    0.561ns
    Clock Pessimism Removal (CPR):    0.257ns

    Location             Delay type                Incr(ns)  Path(ns)    Netlist Resource(s)
  -------------------------------------------------------------------    -------------------
                         (clock sys_clk rise edge)    0.000     0.000 r  
    BUFGCTRL_X0Y0        BUFG                         0.000     0.000 r  BUFG/O
                         net (fo=1956, routed)        0.561     0.561    sys_clk
    SLICE_X43Y56         FDRE                                         r  basesoc_uart_tx_fifo_produce_reg[0]/C
  -------------------------------------------------------------------    -------------------
    SLICE_X43Y56         FDRE (Prop_fdre_C_Q)         0.141     0.702 r  basesoc_uart_tx_fifo_produce_reg[0]/Q
                         net (fo=20, routed)          0.206     0.908    storage_reg_0_15_6_9/ADDRD0
    SLICE_X42Y56         RAMD32                                       r  storage_reg_0_15_6_9/RAMB/WADR0
  -------------------------------------------------------------------    -------------------

                         (clock sys_clk rise edge)    0.000     0.000 r  
    BUFGCTRL_X0Y0        BUFG                         0.000     0.000 r  BUFG/O
                         net (fo=1956, routed)        0.831     0.831    storage_reg_0_15_6_9/WCLK
    SLICE_X42Y56         RAMD32                                       r  storage_reg_0_15_6_9/RAMB/CLK
                         clock pessimism             -0.257     0.574    
    SLICE_X42Y56         RAMD32 (Hold_ramd32_CLK_WADR0)
                                                      0.310     0.884    storage_reg_0_15_6_9/RAMB
  -------------------------------------------------------------------
                         required time                         -0.884    
                         arrival time                           0.908    
  -------------------------------------------------------------------
                         slack                                  0.024    

Slack (MET) :             0.024ns  (arrival time - required time)
  Source:                 basesoc_uart_tx_fifo_produce_reg[0]/C
                            (rising edge-triggered cell FDRE clocked by sys_clk  {rise@0.000ns fall@5.000ns period=10.000ns})
  Destination:            storage_reg_0_15_6_9/RAMB_D1/WADR0
                            (rising edge-triggered cell RAMD32 clocked by sys_clk  {rise@0.000ns fall@5.000ns period=10.000ns})
  Path Group:             sys_clk
  Path Type:              Hold (Min at Fast Process Corner)
  Requirement:            0.000ns  (sys_clk rise@0.000ns - sys_clk rise@0.000ns)
  Data Path Delay:        0.347ns  (logic 0.141ns (40.599%)  route 0.206ns (59.401%))
  Logic Levels:           0  
  Clock Path Skew:        0.013ns (DCD - SCD - CPR)
    Destination Clock Delay (DCD):    0.831ns
    Source Clock Delay      (SCD):    0.561ns
    Clock Pessimism Removal (CPR):    0.257ns

    Location             Delay type                Incr(ns)  Path(ns)    Netlist Resource(s)
  -------------------------------------------------------------------    -------------------
                         (clock sys_clk rise edge)    0.000     0.000 r  
    BUFGCTRL_X0Y0        BUFG                         0.000     0.000 r  BUFG/O
                         net (fo=1956, routed)        0.561     0.561    sys_clk
    SLICE_X43Y56         FDRE                                         r  basesoc_uart_tx_fifo_produce_reg[0]/C
  -------------------------------------------------------------------    -------------------
    SLICE_X43Y56         FDRE (Prop_fdre_C_Q)         0.141     0.702 r  basesoc_uart_tx_fifo_produce_reg[0]/Q
                         net (fo=20, routed)          0.206     0.908    storage_reg_0_15_6_9/ADDRD0
    SLICE_X42Y56         RAMD32                                       r  storage_reg_0_15_6_9/RAMB_D1/WADR0
  -------------------------------------------------------------------    -------------------

                         (clock sys_clk rise edge)    0.000     0.000 r  
    BUFGCTRL_X0Y0        BUFG                         0.000     0.000 r  BUFG/O
                         net (fo=1956, routed)        0.831     0.831    storage_reg_0_15_6_9/WCLK
    SLICE_X42Y56         RAMD32                                       r  storage_reg_0_15_6_9/RAMB_D1/CLK
                         clock pessimism             -0.257     0.574    
    SLICE_X42Y56         RAMD32 (Hold_ramd32_CLK_WADR0)
                                                      0.310     0.884    storage_reg_0_15_6_9/RAMB_D1
  -------------------------------------------------------------------
                         required time                         -0.884    
                         arrival time                           0.908    
  -------------------------------------------------------------------
                         slack                                  0.024    

Slack (MET) :             0.024ns  (arrival time - required time)
  Source:                 basesoc_uart_tx_fifo_produce_reg[0]/C
                            (rising edge-triggered cell FDRE clocked by sys_clk  {rise@0.000ns fall@5.000ns period=10.000ns})
  Destination:            storage_reg_0_15_6_9/RAMC/WADR0
                            (rising edge-triggered cell RAMD32 clocked by sys_clk  {rise@0.000ns fall@5.000ns period=10.000ns})
  Path Group:             sys_clk
  Path Type:              Hold (Min at Fast Process Corner)
  Requirement:            0.000ns  (sys_clk rise@0.000ns - sys_clk rise@0.000ns)
  Data Path Delay:        0.347ns  (logic 0.141ns (40.599%)  route 0.206ns (59.401%))
  Logic Levels:           0  
  Clock Path Skew:        0.013ns (DCD - SCD - CPR)
    Destination Clock Delay (DCD):    0.831ns
    Source Clock Delay      (SCD):    0.561ns
    Clock Pessimism Removal (CPR):    0.257ns

    Location             Delay type                Incr(ns)  Path(ns)    Netlist Resource(s)
  -------------------------------------------------------------------    -------------------
                         (clock sys_clk rise edge)    0.000     0.000 r  
    BUFGCTRL_X0Y0        BUFG                         0.000     0.000 r  BUFG/O
                         net (fo=1956, routed)        0.561     0.561    sys_clk
    SLICE_X43Y56         FDRE                                         r  basesoc_uart_tx_fifo_produce_reg[0]/C
  -------------------------------------------------------------------    -------------------
    SLICE_X43Y56         FDRE (Prop_fdre_C_Q)         0.141     0.702 r  basesoc_uart_tx_fifo_produce_reg[0]/Q
                         net (fo=20, routed)          0.206     0.908    storage_reg_0_15_6_9/ADDRD0
    SLICE_X42Y56         RAMD32                                       r  storage_reg_0_15_6_9/RAMC/WADR0
  -------------------------------------------------------------------    -------------------

                         (clock sys_clk rise edge)    0.000     0.000 r  
    BUFGCTRL_X0Y0        BUFG                         0.000     0.000 r  BUFG/O
                         net (fo=1956, routed)        0.831     0.831    storage_reg_0_15_6_9/WCLK
    SLICE_X42Y56         RAMD32                                       r  storage_reg_0_15_6_9/RAMC/CLK
                         clock pessimism             -0.257     0.574    
    SLICE_X42Y56         RAMD32 (Hold_ramd32_CLK_WADR0)
                                                      0.310     0.884    storage_reg_0_15_6_9/RAMC
  -------------------------------------------------------------------
                         required time                         -0.884    
                         arrival time                           0.908    
  -------------------------------------------------------------------
                         slack                                  0.024    

Slack (MET) :             0.024ns  (arrival time - required time)
  Source:                 basesoc_uart_tx_fifo_produce_reg[0]/C
                            (rising edge-triggered cell FDRE clocked by sys_clk  {rise@0.000ns fall@5.000ns period=10.000ns})
  Destination:            storage_reg_0_15_6_9/RAMC_D1/WADR0
                            (rising edge-triggered cell RAMD32 clocked by sys_clk  {rise@0.000ns fall@5.000ns period=10.000ns})
  Path Group:             sys_clk
  Path Type:              Hold (Min at Fast Process Corner)
  Requirement:            0.000ns  (sys_clk rise@0.000ns - sys_clk rise@0.000ns)
  Data Path Delay:        0.347ns  (logic 0.141ns (40.599%)  route 0.206ns (59.401%))
  Logic Levels:           0  
  Clock Path Skew:        0.013ns (DCD - SCD - CPR)
    Destination Clock Delay (DCD):    0.831ns
    Source Clock Delay      (SCD):    0.561ns
    Clock Pessimism Removal (CPR):    0.257ns

    Location             Delay type                Incr(ns)  Path(ns)    Netlist Resource(s)
  -------------------------------------------------------------------    -------------------
                         (clock sys_clk rise edge)    0.000     0.000 r  
    BUFGCTRL_X0Y0        BUFG                         0.000     0.000 r  BUFG/O
                         net (fo=1956, routed)        0.561     0.561    sys_clk
    SLICE_X43Y56         FDRE                                         r  basesoc_uart_tx_fifo_produce_reg[0]/C
  -------------------------------------------------------------------    -------------------
    SLICE_X43Y56         FDRE (Prop_fdre_C_Q)         0.141     0.702 r  basesoc_uart_tx_fifo_produce_reg[0]/Q
                         net (fo=20, routed)          0.206     0.908    storage_reg_0_15_6_9/ADDRD0
    SLICE_X42Y56         RAMD32                                       r  storage_reg_0_15_6_9/RAMC_D1/WADR0
  -------------------------------------------------------------------    -------------------

                         (clock sys_clk rise edge)    0.000     0.000 r  
    BUFGCTRL_X0Y0        BUFG                         0.000     0.000 r  BUFG/O
                         net (fo=1956, routed)        0.831     0.831    storage_reg_0_15_6_9/WCLK
    SLICE_X42Y56         RAMD32                                       r  storage_reg_0_15_6_9/RAMC_D1/CLK
                         clock pessimism             -0.257     0.574    
    SLICE_X42Y56         RAMD32 (Hold_ramd32_CLK_WADR0)
                                                      0.310     0.884    storage_reg_0_15_6_9/RAMC_D1
  -------------------------------------------------------------------
                         required time                         -0.884    
                         arrival time                           0.908    
  -------------------------------------------------------------------
                         slack                                  0.024    

Slack (MET) :             0.024ns  (arrival time - required time)
  Source:                 basesoc_uart_tx_fifo_produce_reg[0]/C
                            (rising edge-triggered cell FDRE clocked by sys_clk  {rise@0.000ns fall@5.000ns period=10.000ns})
  Destination:            storage_reg_0_15_6_9/RAMD/ADR0
                            (rising edge-triggered cell RAMS32 clocked by sys_clk  {rise@0.000ns fall@5.000ns period=10.000ns})
  Path Group:             sys_clk
  Path Type:              Hold (Min at Fast Process Corner)
  Requirement:            0.000ns  (sys_clk rise@0.000ns - sys_clk rise@0.000ns)
  Data Path Delay:        0.347ns  (logic 0.141ns (40.599%)  route 0.206ns (59.401%))
  Logic Levels:           0  
  Clock Path Skew:        0.013ns (DCD - SCD - CPR)
    Destination Clock Delay (DCD):    0.831ns
    Source Clock Delay      (SCD):    0.561ns
    Clock Pessimism Removal (CPR):    0.257ns

    Location             Delay type                Incr(ns)  Path(ns)    Netlist Resource(s)
  -------------------------------------------------------------------    -------------------
                         (clock sys_clk rise edge)    0.000     0.000 r  
    BUFGCTRL_X0Y0        BUFG                         0.000     0.000 r  BUFG/O
                         net (fo=1956, routed)        0.561     0.561    sys_clk
    SLICE_X43Y56         FDRE                                         r  basesoc_uart_tx_fifo_produce_reg[0]/C
  -------------------------------------------------------------------    -------------------
    SLICE_X43Y56         FDRE (Prop_fdre_C_Q)         0.141     0.702 r  basesoc_uart_tx_fifo_produce_reg[0]/Q
                         net (fo=20, routed)          0.206     0.908    storage_reg_0_15_6_9/ADDRD0
    SLICE_X42Y56         RAMS32                                       r  storage_reg_0_15_6_9/RAMD/ADR0
  -------------------------------------------------------------------    -------------------

                         (clock sys_clk rise edge)    0.000     0.000 r  
    BUFGCTRL_X0Y0        BUFG                         0.000     0.000 r  BUFG/O
                         net (fo=1956, routed)        0.831     0.831    storage_reg_0_15_6_9/WCLK
    SLICE_X42Y56         RAMS32                                       r  storage_reg_0_15_6_9/RAMD/CLK
                         clock pessimism             -0.257     0.574    
    SLICE_X42Y56         RAMS32 (Hold_rams32_CLK_ADR0)
                                                      0.310     0.884    storage_reg_0_15_6_9/RAMD
  -------------------------------------------------------------------
                         required time                         -0.884    
                         arrival time                           0.908    
  -------------------------------------------------------------------
                         slack                                  0.024    

Slack (MET) :             0.024ns  (arrival time - required time)
  Source:                 basesoc_uart_tx_fifo_produce_reg[0]/C
                            (rising edge-triggered cell FDRE clocked by sys_clk  {rise@0.000ns fall@5.000ns period=10.000ns})
  Destination:            storage_reg_0_15_6_9/RAMD_D1/ADR0
                            (rising edge-triggered cell RAMS32 clocked by sys_clk  {rise@0.000ns fall@5.000ns period=10.000ns})
  Path Group:             sys_clk
  Path Type:              Hold (Min at Fast Process Corner)
  Requirement:            0.000ns  (sys_clk rise@0.000ns - sys_clk rise@0.000ns)
  Data Path Delay:        0.347ns  (logic 0.141ns (40.599%)  route 0.206ns (59.401%))
  Logic Levels:           0  
  Clock Path Skew:        0.013ns (DCD - SCD - CPR)
    Destination Clock Delay (DCD):    0.831ns
    Source Clock Delay      (SCD):    0.561ns
    Clock Pessimism Removal (CPR):    0.257ns

    Location             Delay type                Incr(ns)  Path(ns)    Netlist Resource(s)
  -------------------------------------------------------------------    -------------------
                         (clock sys_clk rise edge)    0.000     0.000 r  
    BUFGCTRL_X0Y0        BUFG                         0.000     0.000 r  BUFG/O
                         net (fo=1956, routed)        0.561     0.561    sys_clk
    SLICE_X43Y56         FDRE                                         r  basesoc_uart_tx_fifo_produce_reg[0]/C
  -------------------------------------------------------------------    -------------------
    SLICE_X43Y56         FDRE (Prop_fdre_C_Q)         0.141     0.702 r  basesoc_uart_tx_fifo_produce_reg[0]/Q
                         net (fo=20, routed)          0.206     0.908    storage_reg_0_15_6_9/ADDRD0
    SLICE_X42Y56         RAMS32                                       r  storage_reg_0_15_6_9/RAMD_D1/ADR0
  -------------------------------------------------------------------    -------------------

                         (clock sys_clk rise edge)    0.000     0.000 r  
    BUFGCTRL_X0Y0        BUFG                         0.000     0.000 r  BUFG/O
                         net (fo=1956, routed)        0.831     0.831    storage_reg_0_15_6_9/WCLK
    SLICE_X42Y56         RAMS32                                       r  storage_reg_0_15_6_9/RAMD_D1/CLK
                         clock pessimism             -0.257     0.574    
    SLICE_X42Y56         RAMS32 (Hold_rams32_CLK_ADR0)
                                                      0.310     0.884    storage_reg_0_15_6_9/RAMD_D1
  -------------------------------------------------------------------
                         required time                         -0.884    
                         arrival time                           0.908    
  -------------------------------------------------------------------
                         slack                                  0.024    

Slack (MET) :             0.030ns  (arrival time - required time)
  Source:                 lm32_cpu/load_store_unit/store_data_m_reg[4]/C
                            (rising edge-triggered cell FDRE clocked by sys_clk  {rise@0.000ns fall@5.000ns period=10.000ns})
  Destination:            lm32_cpu/load_store_unit/d_dat_o_reg[4]/D
                            (rising edge-triggered cell FDRE clocked by sys_clk  {rise@0.000ns fall@5.000ns period=10.000ns})
  Path Group:             sys_clk
  Path Type:              Hold (Min at Fast Process Corner)
  Requirement:            0.000ns  (sys_clk rise@0.000ns - sys_clk rise@0.000ns)
  Data Path Delay:        0.304ns  (logic 0.128ns (42.116%)  route 0.176ns (57.884%))
  Logic Levels:           0  
  Clock Path Skew:        0.264ns (DCD - SCD - CPR)
    Destination Clock Delay (DCD):    0.830ns
    Source Clock Delay      (SCD):    0.561ns
    Clock Pessimism Removal (CPR):    0.005ns

    Location             Delay type                Incr(ns)  Path(ns)    Netlist Resource(s)
  -------------------------------------------------------------------    -------------------
                         (clock sys_clk rise edge)    0.000     0.000 r  
    BUFGCTRL_X0Y0        BUFG                         0.000     0.000 r  BUFG/O
                         net (fo=1956, routed)        0.561     0.561    lm32_cpu/load_store_unit/out
    SLICE_X37Y38         FDRE                                         r  lm32_cpu/load_store_unit/store_data_m_reg[4]/C
  -------------------------------------------------------------------    -------------------
    SLICE_X37Y38         FDRE (Prop_fdre_C_Q)         0.128     0.689 r  lm32_cpu/load_store_unit/store_data_m_reg[4]/Q
                         net (fo=2, routed)           0.176     0.865    lm32_cpu/load_store_unit/store_data_m[4]
    SLICE_X34Y40         FDRE                                         r  lm32_cpu/load_store_unit/d_dat_o_reg[4]/D
  -------------------------------------------------------------------    -------------------

                         (clock sys_clk rise edge)    0.000     0.000 r  
    BUFGCTRL_X0Y0        BUFG                         0.000     0.000 r  BUFG/O
                         net (fo=1956, routed)        0.830     0.830    lm32_cpu/load_store_unit/out
    SLICE_X34Y40         FDRE                                         r  lm32_cpu/load_store_unit/d_dat_o_reg[4]/C
                         clock pessimism             -0.005     0.825    
    SLICE_X34Y40         FDRE (Hold_fdre_C_D)         0.010     0.835    lm32_cpu/load_store_unit/d_dat_o_reg[4]
  -------------------------------------------------------------------
                         required time                         -0.835    
                         arrival time                           0.865    
  -------------------------------------------------------------------
                         slack                                  0.030    

Slack (MET) :             0.055ns  (arrival time - required time)
  Source:                 lm32_cpu/load_store_unit/store_data_m_reg[7]/C
                            (rising edge-triggered cell FDRE clocked by sys_clk  {rise@0.000ns fall@5.000ns period=10.000ns})
  Destination:            lm32_cpu/load_store_unit/d_dat_o_reg[7]/D
                            (rising edge-triggered cell FDRE clocked by sys_clk  {rise@0.000ns fall@5.000ns period=10.000ns})
  Path Group:             sys_clk
  Path Type:              Hold (Min at Fast Process Corner)
  Requirement:            0.000ns  (sys_clk rise@0.000ns - sys_clk rise@0.000ns)
  Data Path Delay:        0.338ns  (logic 0.128ns (37.899%)  route 0.210ns (62.101%))
  Logic Levels:           0  
  Clock Path Skew:        0.264ns (DCD - SCD - CPR)
    Destination Clock Delay (DCD):    0.830ns
    Source Clock Delay      (SCD):    0.561ns
    Clock Pessimism Removal (CPR):    0.005ns

    Location             Delay type                Incr(ns)  Path(ns)    Netlist Resource(s)
  -------------------------------------------------------------------    -------------------
                         (clock sys_clk rise edge)    0.000     0.000 r  
    BUFGCTRL_X0Y0        BUFG                         0.000     0.000 r  BUFG/O
                         net (fo=1956, routed)        0.561     0.561    lm32_cpu/load_store_unit/out
    SLICE_X37Y39         FDRE                                         r  lm32_cpu/load_store_unit/store_data_m_reg[7]/C
  -------------------------------------------------------------------    -------------------
    SLICE_X37Y39         FDRE (Prop_fdre_C_Q)         0.128     0.689 r  lm32_cpu/load_store_unit/store_data_m_reg[7]/Q
                         net (fo=2, routed)           0.210     0.898    lm32_cpu/load_store_unit/store_data_m[7]
    SLICE_X35Y42         FDRE                                         r  lm32_cpu/load_store_unit/d_dat_o_reg[7]/D
  -------------------------------------------------------------------    -------------------

                         (clock sys_clk rise edge)    0.000     0.000 r  
    BUFGCTRL_X0Y0        BUFG                         0.000     0.000 r  BUFG/O
                         net (fo=1956, routed)        0.830     0.830    lm32_cpu/load_store_unit/out
    SLICE_X35Y42         FDRE                                         r  lm32_cpu/load_store_unit/d_dat_o_reg[7]/C
                         clock pessimism             -0.005     0.825    
    SLICE_X35Y42         FDRE (Hold_fdre_C_D)         0.019     0.844    lm32_cpu/load_store_unit/d_dat_o_reg[7]
  -------------------------------------------------------------------
                         required time                         -0.844    
                         arrival time                           0.898    
  -------------------------------------------------------------------
                         slack                                  0.055    





Pulse Width Checks
--------------------------------------------------------------------------------------
Clock Name:         sys_clk
Waveform(ns):       { 0.000 5.000 }
Period(ns):         10.000
Sources:            { BUFG/O }

Check Type        Corner  Lib Pin             Reference Pin  Required(ns)  Actual(ns)  Slack(ns)  Location      Pin
Min Period        n/a     XADC/DCLK           n/a            4.000         10.000      6.000      XADC_X0Y0     XADC/DCLK
Min Period        n/a     DSP48E1/CLK         n/a            3.884         10.000      6.116      DSP48_X1Y16   lm32_cpu/multiplier/product_reg__0/CLK
Min Period        n/a     DSP48E1/CLK         n/a            3.884         10.000      6.116      DSP48_X1Y17   lm32_cpu/multiplier/product0/CLK
Min Period        n/a     RAMB36E1/CLKARDCLK  n/a            2.576         10.000      7.424      RAMB36_X2Y5   mem_1_reg_3_0/CLKARDCLK
Min Period        n/a     RAMB36E1/CLKARDCLK  n/a            2.576         10.000      7.424      RAMB36_X2Y7   mem_1_reg_3_1/CLKARDCLK
Min Period        n/a     RAMB36E1/CLKARDCLK  n/a            2.576         10.000      7.424      RAMB36_X1Y7   lm32_cpu/load_store_unit/dcache/memories[0].data_memories.way_0_data_ram/mem_reg/CLKARDCLK
Min Period        n/a     RAMB36E1/CLKBWRCLK  n/a            2.576         10.000      7.424      RAMB36_X1Y7   lm32_cpu/load_store_unit/dcache/memories[0].data_memories.way_0_data_ram/mem_reg/CLKBWRCLK
Min Period        n/a     RAMB36E1/CLKARDCLK  n/a            2.576         10.000      7.424      RAMB36_X0Y8   memadr_reg_0/CLKARDCLK
Min Period        n/a     RAMB36E1/CLKARDCLK  n/a            2.576         10.000      7.424      RAMB36_X2Y4   memadr_reg_1/CLKARDCLK
Min Period        n/a     RAMB18E1/CLKARDCLK  n/a            2.576         10.000      7.424      RAMB18_X1Y11  lm32_cpu/load_store_unit/dcache/memories[0].way_0_tag_ram/mem_reg/CLKARDCLK
Low Pulse Width   Fast    RAMD32/CLK          n/a            1.250         5.000       3.750      SLICE_X38Y38  lm32_cpu/registers_reg_r1_0_31_0_5/RAMA/CLK
Low Pulse Width   Fast    RAMD32/CLK          n/a            1.250         5.000       3.750      SLICE_X38Y38  lm32_cpu/registers_reg_r1_0_31_0_5/RAMA_D1/CLK
Low Pulse Width   Fast    RAMD32/CLK          n/a            1.250         5.000       3.750      SLICE_X38Y38  lm32_cpu/registers_reg_r1_0_31_0_5/RAMB/CLK
Low Pulse Width   Fast    RAMD32/CLK          n/a            1.250         5.000       3.750      SLICE_X38Y38  lm32_cpu/registers_reg_r1_0_31_0_5/RAMB_D1/CLK
Low Pulse Width   Fast    RAMD32/CLK          n/a            1.250         5.000       3.750      SLICE_X38Y38  lm32_cpu/registers_reg_r1_0_31_0_5/RAMC/CLK
Low Pulse Width   Fast    RAMD32/CLK          n/a            1.250         5.000       3.750      SLICE_X38Y38  lm32_cpu/registers_reg_r1_0_31_0_5/RAMC_D1/CLK
Low Pulse Width   Fast    RAMS32/CLK          n/a            1.250         5.000       3.750      SLICE_X38Y38  lm32_cpu/registers_reg_r1_0_31_0_5/RAMD/CLK
Low Pulse Width   Fast    RAMS32/CLK          n/a            1.250         5.000       3.750      SLICE_X38Y38  lm32_cpu/registers_reg_r1_0_31_0_5/RAMD_D1/CLK
Low Pulse Width   Slow    RAMD32/CLK          n/a            1.250         5.000       3.750      SLICE_X38Y43  lm32_cpu/registers_reg_r1_0_31_12_17/RAMA/CLK
Low Pulse Width   Fast    RAMD32/CLK          n/a            1.250         5.000       3.750      SLICE_X38Y43  lm32_cpu/registers_reg_r1_0_31_12_17/RAMA/CLK
High Pulse Width  Slow    RAMD32/CLK          n/a            1.250         5.000       3.750      SLICE_X38Y43  lm32_cpu/registers_reg_r1_0_31_12_17/RAMA/CLK
High Pulse Width  Slow    RAMD32/CLK          n/a            1.250         5.000       3.750      SLICE_X38Y43  lm32_cpu/registers_reg_r1_0_31_12_17/RAMA_D1/CLK
High Pulse Width  Slow    RAMD32/CLK          n/a            1.250         5.000       3.750      SLICE_X38Y43  lm32_cpu/registers_reg_r1_0_31_12_17/RAMB/CLK
High Pulse Width  Slow    RAMD32/CLK          n/a            1.250         5.000       3.750      SLICE_X38Y43  lm32_cpu/registers_reg_r1_0_31_12_17/RAMB_D1/CLK
High Pulse Width  Slow    RAMD32/CLK          n/a            1.250         5.000       3.750      SLICE_X38Y43  lm32_cpu/registers_reg_r1_0_31_12_17/RAMC/CLK
High Pulse Width  Slow    RAMD32/CLK          n/a            1.250         5.000       3.750      SLICE_X38Y43  lm32_cpu/registers_reg_r1_0_31_12_17/RAMC_D1/CLK
High Pulse Width  Slow    RAMS32/CLK          n/a            1.250         5.000       3.750      SLICE_X38Y43  lm32_cpu/registers_reg_r1_0_31_12_17/RAMD/CLK
High Pulse Width  Slow    RAMS32/CLK          n/a            1.250         5.000       3.750      SLICE_X38Y43  lm32_cpu/registers_reg_r1_0_31_12_17/RAMD_D1/CLK
High Pulse Width  Slow    RAMD32/CLK          n/a            1.250         5.000       3.750      SLICE_X38Y45  lm32_cpu/registers_reg_r1_0_31_30_31/RAMA/CLK
High Pulse Width  Slow    RAMD32/CLK          n/a            1.250         5.000       3.750      SLICE_X38Y45  lm32_cpu/registers_reg_r1_0_31_30_31/RAMA_D1/CLK



---------------------------------------------------------------------------------------------------
From Clock:  
  To Clock:  sys_clk

Setup :            0  Failing Endpoints,  Worst Slack        2.569ns,  Total Violation        0.000ns
Hold  :           NA  Failing Endpoints,  Worst Slack           NA  ,  Total Violation           NA
---------------------------------------------------------------------------------------------------


Max Delay Paths
--------------------------------------------------------------------------------------
Slack (MET) :             2.569ns  (required time - arrival time)
  Source:                 FDPE/Q
                            (internal pin)
  Destination:            FDPE_1/D
                            (rising edge-triggered cell FDPE clocked by sys_clk  {rise@0.000ns fall@5.000ns period=10.000ns})
  Path Group:             sys_clk
  Path Type:              Setup (Max at Fast Process Corner)
  Requirement:            2.000ns  (MaxDelay Path 2.000ns)
  Data Path Delay:        0.075ns  (logic 0.000ns (0.000%)  route 0.075ns (100.000%))
  Logic Levels:           0  
  Clock Path Skew:        0.674ns (DCD - SCD + CPR)
    Destination Clock Delay (DCD):    0.674ns
    Source Clock Delay      (SCD):    0.000ns
    Clock Pessimism Removal (CPR):    0.000ns
  Clock Uncertainty:      0.025ns  ((TSJ^2 + TIJ^2)^1/2 + DJ) / 2 + PE
    Total System Jitter     (TSJ):    0.050ns
    Total Input Jitter      (TIJ):    0.000ns
    Discrete Jitter          (DJ):    0.000ns
    Phase Error              (PE):    0.000ns
  Timing Exception:       MaxDelay Path 2.000ns

    Location             Delay type                Incr(ns)  Path(ns)    Netlist Resource(s)
  -------------------------------------------------------------------    -------------------
    SLICE_X0Y108         FDPE                         0.000     0.000 r  FDPE/Q
                         net (fo=1, routed)           0.075     0.075    rst_meta
    SLICE_X0Y108         FDPE                                         r  FDPE_1/D
  -------------------------------------------------------------------    -------------------

                         max delay                    2.000     2.000    
    BUFGCTRL_X0Y0        BUFG                         0.000     2.000 r  BUFG/O
                         net (fo=1956, routed)        0.674     2.674    sys_clk
    SLICE_X0Y108         FDPE                                         r  FDPE_1/C
                         clock pessimism              0.000     2.674    
                         clock uncertainty           -0.025     2.649    
    SLICE_X0Y108         FDPE (Setup_fdpe_C_D)       -0.005     2.644    FDPE_1
  -------------------------------------------------------------------
                         required time                          2.644    
                         arrival time                          -0.075    
  -------------------------------------------------------------------
                         slack                                  2.569    





------------------------------------------------------------------------------------------------
| Data sheet
| ----------
------------------------------------------------------------------------------------------------

Input Ports Setup/Hold

----------+------------------+---------+-------+---------------+---------+---------------+---------+----------+
Reference | Input            | IO Reg  | Delay |     Setup(ns) | Process |      Hold(ns) | Process | Internal |
Clock     | Port             | Type    | Type  | to Clk (Edge) | Corner  | to Clk (Edge) | Corner  | Clock    |
----------+------------------+---------+-------+---------------+---------+---------------+---------+----------+
sys_clk   | serial_rx        | FDRE    | -     |     1.989 (r) | SLOW    |    -0.157 (r) | FAST    |          |
sys_clk   | spiflash_1x_miso | FDRE    | -     |     2.224 (r) | SLOW    |    -0.196 (r) | FAST    |          |
sys_clk   | user_btn0        | FDPE    | -     |     1.325 (r) | SLOW    |     0.159 (r) | FAST    |          |
----------+------------------+---------+-------+---------------+---------+---------------+---------+----------+


Output Ports Clock-to-out

----------+------------------+--------+-------+----------------+---------+----------------+---------+----------+
Reference | Output           | IO Reg | Delay | Max Clk (Edge) | Process | Min Clk (Edge) | Process | Internal |
Clock     | Port             | Type   | Type  |    to port(ns) | Corner  |    to port(ns) | Corner  | Clock    |
----------+------------------+--------+-------+----------------+---------+----------------+---------+----------+
sys_clk   | serial_tx        | FDSE   | -     |      8.790 (r) | SLOW    |      3.007 (r) | FAST    |          |
sys_clk   | spiflash_1x_cs_n | FDRE   | -     |      9.470 (r) | SLOW    |      2.924 (r) | FAST    |          |
sys_clk   | spiflash_1x_mosi | FDRE   | -     |      9.986 (r) | SLOW    |      3.058 (r) | FAST    |          |
----------+------------------+--------+-------+----------------+---------+----------------+---------+----------+


Setup between Clocks

--------+-------------+---------------+---------+---------------+---------+---------------+---------+---------------+---------+
Source  | Destination |  Src:Rise     | Process |  Src:Rise     | Process |  Src:Fall     | Process |  Src:Fall     | Process |
Clock   | Clock       | Dest:Rise(ns) | Corner  | Dest:Fall(ns) | Corner  | Dest:Rise(ns) | Corner  | Dest:Fall(ns) | Corner  |
--------+-------------+---------------+---------+---------------+---------+---------------+---------+---------------+---------+
sys_clk | sys_clk     |         9.034 | SLOW    |               |         |               |         |               |         |
--------+-------------+---------------+---------+---------------+---------+---------------+---------+---------------+---------+



