Copyright 1986-2017 Xilinx, Inc. All Rights Reserved.
---------------------------------------------------------------------------------------------------
| Tool Version : Vivado v.2017.3 (lin64) Build 2018833 Wed Oct  4 19:58:07 MDT 2017
| Date         : Tue Jul  9 03:41:09 2019
| Host         : travis-job-85fa93b6-b41d-4f7a-a8c6-f8510295b937 running 64-bit Ubuntu 14.04.5 LTS
| Command      : report_utilization -hierarchical -file top_utilization_hierarchical_place.rpt
| Design       : top
| Device       : 7a35tcsg324-1
| Design State : Fully Placed
---------------------------------------------------------------------------------------------------

Utilization Design Information

Table of Contents
-----------------
1. Utilization by Hierarchy

1. Utilization by Hierarchy
---------------------------

+----------------------------+------------------+------------+------------+---------+------+------+--------+--------+--------------+
|          Instance          |      Module      | Total LUTs | Logic LUTs | LUTRAMs | SRLs |  FFs | RAMB36 | RAMB18 | DSP48 Blocks |
+----------------------------+------------------+------------+------------+---------+------+------+--------+--------+--------------+
| top                        |            (top) |       4829 |       4643 |     184 |    2 | 4133 |     19 |     35 |            4 |
|   (top)                    |            (top) |       2675 |       2489 |     184 |    2 | 2905 |     18 |     27 |            0 |
|   VexRiscv                 |         VexRiscv |       2154 |       2154 |       0 |    0 | 1228 |      1 |      8 |            4 |
|     (VexRiscv)             |         VexRiscv |       1066 |       1066 |       0 |    0 | 1007 |      0 |      2 |            4 |
|     IBusCachedPlugin_cache | InstructionCache |        582 |        582 |       0 |    0 |  100 |      1 |      1 |            0 |
|     dataCache_1_           |        DataCache |        507 |        507 |       0 |    0 |  121 |      0 |      5 |            0 |
+----------------------------+------------------+------------+------------+---------+------+------+--------+--------+--------------+
* Note: The sum of lower-level cells may be larger than their parent cells total, due to cross-hierarchy LUT combining


