Copyright 1986-2017 Xilinx, Inc. All Rights Reserved.
---------------------------------------------------------------------------------------------------
| Tool Version : Vivado v.2017.3 (lin64) Build 2018833 Wed Oct  4 19:58:07 MDT 2017
| Date         : Thu Jul 11 07:48:09 2019
| Host         : travis-job-10556f50-c325-4d29-9232-3dfc9e8fd589 running 64-bit Ubuntu 14.04.5 LTS
| Command      : report_utilization -hierarchical -file top_utilization_hierarchical_synth.rpt
| Design       : top
| Device       : 7a35tcsg324-1
| Design State : Synthesized
---------------------------------------------------------------------------------------------------

Utilization Design Information

Table of Contents
-----------------
1. Utilization by Hierarchy

1. Utilization by Hierarchy
---------------------------

+----------------------+-----------------------+------------+------------+---------+------+------+--------+--------+--------------+
|       Instance       |         Module        | Total LUTs | Logic LUTs | LUTRAMs | SRLs |  FFs | RAMB36 | RAMB18 | DSP48 Blocks |
+----------------------+-----------------------+------------+------------+---------+------+------+--------+--------+--------------+
| top                  |                 (top) |       3683 |       3489 |     192 |    2 | 3313 |     16 |     17 |            0 |
|   (top)              |                 (top) |       2200 |       2054 |     144 |    2 | 2412 |     16 |     17 |            0 |
|   lm32_cpu           |              lm32_cpu |       1483 |       1435 |      48 |    0 |  901 |      0 |      0 |            0 |
|     (lm32_cpu)       |              lm32_cpu |        138 |         90 |      48 |    0 |  334 |      0 |      0 |            0 |
|     instruction_unit | lm32_instruction_unit |        494 |        494 |       0 |    0 |  216 |      0 |      0 |            0 |
|     interrupt_unit   |        lm32_interrupt |         39 |         39 |       0 |    0 |   34 |      0 |      0 |            0 |
|     load_store_unit  |  lm32_load_store_unit |        425 |        425 |       0 |    0 |  178 |      0 |      0 |            0 |
|     mc_arithmetic    |    lm32_mc_arithmetic |        387 |        387 |       0 |    0 |  139 |      0 |      0 |            0 |
+----------------------+-----------------------+------------+------------+---------+------+------+--------+--------+--------------+


