Copyright 1986-2017 Xilinx, Inc. All Rights Reserved.
-----------------------------------------------------------------------------------------------------------
| Tool Version : Vivado v.2017.3 (lin64) Build 2018833 Wed Oct  4 19:58:07 MDT 2017
| Date         : Fri Oct  5 06:55:26 2018
| Host         : travis-job-mithro-hdmi2usb-litex-437398906.travisci.net running 64-bit Ubuntu 14.04.5 LTS
| Command      : report_timing_summary -datasheet -max_paths 10 -file top_timing.rpt
| Design       : top
| Device       : 7a35t-cpg236
| Speed File   : -1  PRODUCTION 1.19 2017-08-11
-----------------------------------------------------------------------------------------------------------

Timing Summary Report

------------------------------------------------------------------------------------------------
| Timer Settings
| --------------
------------------------------------------------------------------------------------------------

  Enable Multi Corner Analysis               :  Yes
  Enable Pessimism Removal                   :  Yes
  Pessimism Removal Resolution               :  Nearest Common Node
  Enable Input Delay Default Clock           :  No
  Enable Preset / Clear Arcs                 :  No
  Disable Flight Delays                      :  No
  Ignore I/O Paths                           :  No
  Timing Early Launch at Borrowing Latches   :  false

  Corner  Analyze    Analyze    
  Name    Max Paths  Min Paths  
  ------  ---------  ---------  
  Slow    Yes        Yes        
  Fast    Yes        Yes        



check_timing report

Table of Contents
-----------------
1. checking no_clock
2. checking constant_clock
3. checking pulse_width_clock
4. checking unconstrained_internal_endpoints
5. checking no_input_delay
6. checking no_output_delay
7. checking multiple_clock
8. checking generated_clocks
9. checking loops
10. checking partial_input_delay
11. checking partial_output_delay
12. checking latch_loops

1. checking no_clock
--------------------
 There is 1 register/latch pin with no clock driven by root clock pin: dna_cnt_reg[0]/Q (HIGH)


2. checking constant_clock
--------------------------
 There are 0 register/latch pins with constant_clock.


3. checking pulse_width_clock
-----------------------------
 There are 0 register/latch pins which need pulse_width check


4. checking unconstrained_internal_endpoints
--------------------------------------------
 There are 2 pins that are not constrained for maximum delay. (HIGH)

 There are 0 pins that are not constrained for maximum delay due to constant clock.


5. checking no_input_delay
--------------------------
 There are 3 input ports with no input delay specified. (HIGH)

 There are 0 input ports with no input delay but user has a false path constraint.


6. checking no_output_delay
---------------------------
 There are 3 ports with no output delay specified. (HIGH)

 There are 0 ports with no output delay but user has a false path constraint

 There are 0 ports with no output delay but with a timing clock defined on it or propagating through it


7. checking multiple_clock
--------------------------
 There are 0 register/latch pins with multiple clocks.


8. checking generated_clocks
----------------------------
 There are 0 generated clocks that are not connected to a clock source.


9. checking loops
-----------------
 There are 0 combinational loops in the design.


10. checking partial_input_delay
--------------------------------
 There are 0 input ports with partial input delay specified.


11. checking partial_output_delay
---------------------------------
 There are 0 ports with partial output delay specified.


12. checking latch_loops
------------------------
 There are 0 combinational latch loops in the design through latch input



------------------------------------------------------------------------------------------------
| Design Timing Summary
| ---------------------
------------------------------------------------------------------------------------------------

    WNS(ns)      TNS(ns)  TNS Failing Endpoints  TNS Total Endpoints      WHS(ns)      THS(ns)  THS Failing Endpoints  THS Total Endpoints     WPWS(ns)     TPWS(ns)  TPWS Failing Endpoints  TPWS Total Endpoints  
    -------      -------  ---------------------  -------------------      -------      -------  ---------------------  -------------------     --------     --------  ----------------------  --------------------  
      1.155        0.000                      0                 6177        0.036        0.000                      0                 6176        3.750        0.000                       0                  1935  


All user specified timing constraints are met.


------------------------------------------------------------------------------------------------
| Clock Summary
| -------------
------------------------------------------------------------------------------------------------

Clock    Waveform(ns)       Period(ns)      Frequency(MHz)
-----    ------------       ----------      --------------
clk12    {0.000 41.666}     83.333          12.000          
sys_clk  {0.000 5.000}      10.000          100.000         


------------------------------------------------------------------------------------------------
| Intra Clock Table
| -----------------
------------------------------------------------------------------------------------------------

Clock             WNS(ns)      TNS(ns)  TNS Failing Endpoints  TNS Total Endpoints      WHS(ns)      THS(ns)  THS Failing Endpoints  THS Total Endpoints     WPWS(ns)     TPWS(ns)  TPWS Failing Endpoints  TPWS Total Endpoints  
-----             -------      -------  ---------------------  -------------------      -------      -------  ---------------------  -------------------     --------     --------  ----------------------  --------------------  
clk12                                                                                                                                                          81.178        0.000                       0                     1  
sys_clk             1.155        0.000                      0                 6176        0.036        0.000                      0                 6176        3.750        0.000                       0                  1934  


------------------------------------------------------------------------------------------------
| Inter Clock Table
| -----------------
------------------------------------------------------------------------------------------------

From Clock    To Clock          WNS(ns)      TNS(ns)  TNS Failing Endpoints  TNS Total Endpoints      WHS(ns)      THS(ns)  THS Failing Endpoints  THS Total Endpoints  
----------    --------          -------      -------  ---------------------  -------------------      -------      -------  ---------------------  -------------------  
              sys_clk             2.538        0.000                      0                    1                                                                        


------------------------------------------------------------------------------------------------
| Other Path Groups Table
| -----------------------
------------------------------------------------------------------------------------------------

Path Group    From Clock    To Clock          WNS(ns)      TNS(ns)  TNS Failing Endpoints  TNS Total Endpoints      WHS(ns)      THS(ns)  THS Failing Endpoints  THS Total Endpoints  
----------    ----------    --------          -------      -------  ---------------------  -------------------      -------      -------  ---------------------  -------------------  


------------------------------------------------------------------------------------------------
| Timing Details
| --------------
------------------------------------------------------------------------------------------------


---------------------------------------------------------------------------------------------------
From Clock:  clk12
  To Clock:  clk12

Setup :           NA  Failing Endpoints,  Worst Slack           NA  ,  Total Violation           NA
Hold  :           NA  Failing Endpoints,  Worst Slack           NA  ,  Total Violation           NA
PW    :            0  Failing Endpoints,  Worst Slack       81.178ns,  Total Violation        0.000ns
---------------------------------------------------------------------------------------------------


Pulse Width Checks
--------------------------------------------------------------------------------------
Clock Name:         clk12
Waveform(ns):       { 0.000 41.667 }
Period(ns):         83.333
Sources:            { clk12 }

Check Type  Corner  Lib Pin  Reference Pin  Required(ns)  Actual(ns)  Slack(ns)  Location       Pin
Min Period  n/a     BUFG/I   n/a            2.155         83.333      81.178     BUFGCTRL_X0Y0  BUFG/I



---------------------------------------------------------------------------------------------------
From Clock:  sys_clk
  To Clock:  sys_clk

Setup :            0  Failing Endpoints,  Worst Slack        1.155ns,  Total Violation        0.000ns
Hold  :            0  Failing Endpoints,  Worst Slack        0.036ns,  Total Violation        0.000ns
PW    :            0  Failing Endpoints,  Worst Slack        3.750ns,  Total Violation        0.000ns
---------------------------------------------------------------------------------------------------


Max Delay Paths
--------------------------------------------------------------------------------------
Slack (MET) :             1.155ns  (required time - arrival time)
  Source:                 FDPE_1/C
                            (rising edge-triggered cell FDPE clocked by sys_clk  {rise@0.000ns fall@5.000ns period=10.000ns})
  Destination:            basesoc_interface_dat_w_reg[4]/R
                            (rising edge-triggered cell FDRE clocked by sys_clk  {rise@0.000ns fall@5.000ns period=10.000ns})
  Path Group:             sys_clk
  Path Type:              Setup (Max at Slow Process Corner)
  Requirement:            10.000ns  (sys_clk rise@10.000ns - sys_clk rise@0.000ns)
  Data Path Delay:        7.818ns  (logic 0.419ns (5.359%)  route 7.399ns (94.641%))
  Logic Levels:           0  
  Clock Path Skew:        -0.292ns (DCD - SCD + CPR)
    Destination Clock Delay (DCD):    1.444ns = ( 11.444 - 10.000 ) 
    Source Clock Delay      (SCD):    1.736ns
    Clock Pessimism Removal (CPR):    0.000ns
  Clock Uncertainty:      0.035ns  ((TSJ^2 + TIJ^2)^1/2 + DJ) / 2 + PE
    Total System Jitter     (TSJ):    0.071ns
    Total Input Jitter      (TIJ):    0.000ns
    Discrete Jitter          (DJ):    0.000ns
    Phase Error              (PE):    0.000ns

    Location             Delay type                Incr(ns)  Path(ns)    Netlist Resource(s)
  -------------------------------------------------------------------    -------------------
                         (clock sys_clk rise edge)    0.000     0.000 r  
    BUFGCTRL_X0Y0        BUFG                         0.000     0.000 r  BUFG/O
                         net (fo=1935, routed)        1.736     1.736    sys_clk
    SLICE_X26Y109        FDPE                                         r  FDPE_1/C
  -------------------------------------------------------------------    -------------------
    SLICE_X26Y109        FDPE (Prop_fdpe_C_Q)         0.419     2.155 r  FDPE_1/Q
                         net (fo=507, routed)         7.399     9.555    sys_rst
    SLICE_X46Y37         FDRE                                         r  basesoc_interface_dat_w_reg[4]/R
  -------------------------------------------------------------------    -------------------

                         (clock sys_clk rise edge)   10.000    10.000 r  
    BUFGCTRL_X0Y0        BUFG                         0.000    10.000 r  BUFG/O
                         net (fo=1935, routed)        1.444    11.444    sys_clk
    SLICE_X46Y37         FDRE                                         r  basesoc_interface_dat_w_reg[4]/C
                         clock pessimism              0.000    11.444    
                         clock uncertainty           -0.035    11.409    
    SLICE_X46Y37         FDRE (Setup_fdre_C_R)       -0.699    10.710    basesoc_interface_dat_w_reg[4]
  -------------------------------------------------------------------
                         required time                         10.710    
                         arrival time                          -9.555    
  -------------------------------------------------------------------
                         slack                                  1.155    

Slack (MET) :             1.155ns  (required time - arrival time)
  Source:                 FDPE_1/C
                            (rising edge-triggered cell FDPE clocked by sys_clk  {rise@0.000ns fall@5.000ns period=10.000ns})
  Destination:            basesoc_interface_dat_w_reg[5]/R
                            (rising edge-triggered cell FDRE clocked by sys_clk  {rise@0.000ns fall@5.000ns period=10.000ns})
  Path Group:             sys_clk
  Path Type:              Setup (Max at Slow Process Corner)
  Requirement:            10.000ns  (sys_clk rise@10.000ns - sys_clk rise@0.000ns)
  Data Path Delay:        7.818ns  (logic 0.419ns (5.359%)  route 7.399ns (94.641%))
  Logic Levels:           0  
  Clock Path Skew:        -0.292ns (DCD - SCD + CPR)
    Destination Clock Delay (DCD):    1.444ns = ( 11.444 - 10.000 ) 
    Source Clock Delay      (SCD):    1.736ns
    Clock Pessimism Removal (CPR):    0.000ns
  Clock Uncertainty:      0.035ns  ((TSJ^2 + TIJ^2)^1/2 + DJ) / 2 + PE
    Total System Jitter     (TSJ):    0.071ns
    Total Input Jitter      (TIJ):    0.000ns
    Discrete Jitter          (DJ):    0.000ns
    Phase Error              (PE):    0.000ns

    Location             Delay type                Incr(ns)  Path(ns)    Netlist Resource(s)
  -------------------------------------------------------------------    -------------------
                         (clock sys_clk rise edge)    0.000     0.000 r  
    BUFGCTRL_X0Y0        BUFG                         0.000     0.000 r  BUFG/O
                         net (fo=1935, routed)        1.736     1.736    sys_clk
    SLICE_X26Y109        FDPE                                         r  FDPE_1/C
  -------------------------------------------------------------------    -------------------
    SLICE_X26Y109        FDPE (Prop_fdpe_C_Q)         0.419     2.155 r  FDPE_1/Q
                         net (fo=507, routed)         7.399     9.555    sys_rst
    SLICE_X46Y37         FDRE                                         r  basesoc_interface_dat_w_reg[5]/R
  -------------------------------------------------------------------    -------------------

                         (clock sys_clk rise edge)   10.000    10.000 r  
    BUFGCTRL_X0Y0        BUFG                         0.000    10.000 r  BUFG/O
                         net (fo=1935, routed)        1.444    11.444    sys_clk
    SLICE_X46Y37         FDRE                                         r  basesoc_interface_dat_w_reg[5]/C
                         clock pessimism              0.000    11.444    
                         clock uncertainty           -0.035    11.409    
    SLICE_X46Y37         FDRE (Setup_fdre_C_R)       -0.699    10.710    basesoc_interface_dat_w_reg[5]
  -------------------------------------------------------------------
                         required time                         10.710    
                         arrival time                          -9.555    
  -------------------------------------------------------------------
                         slack                                  1.155    

Slack (MET) :             1.155ns  (required time - arrival time)
  Source:                 FDPE_1/C
                            (rising edge-triggered cell FDPE clocked by sys_clk  {rise@0.000ns fall@5.000ns period=10.000ns})
  Destination:            basesoc_interface_dat_w_reg[6]/R
                            (rising edge-triggered cell FDRE clocked by sys_clk  {rise@0.000ns fall@5.000ns period=10.000ns})
  Path Group:             sys_clk
  Path Type:              Setup (Max at Slow Process Corner)
  Requirement:            10.000ns  (sys_clk rise@10.000ns - sys_clk rise@0.000ns)
  Data Path Delay:        7.818ns  (logic 0.419ns (5.359%)  route 7.399ns (94.641%))
  Logic Levels:           0  
  Clock Path Skew:        -0.292ns (DCD - SCD + CPR)
    Destination Clock Delay (DCD):    1.444ns = ( 11.444 - 10.000 ) 
    Source Clock Delay      (SCD):    1.736ns
    Clock Pessimism Removal (CPR):    0.000ns
  Clock Uncertainty:      0.035ns  ((TSJ^2 + TIJ^2)^1/2 + DJ) / 2 + PE
    Total System Jitter     (TSJ):    0.071ns
    Total Input Jitter      (TIJ):    0.000ns
    Discrete Jitter          (DJ):    0.000ns
    Phase Error              (PE):    0.000ns

    Location             Delay type                Incr(ns)  Path(ns)    Netlist Resource(s)
  -------------------------------------------------------------------    -------------------
                         (clock sys_clk rise edge)    0.000     0.000 r  
    BUFGCTRL_X0Y0        BUFG                         0.000     0.000 r  BUFG/O
                         net (fo=1935, routed)        1.736     1.736    sys_clk
    SLICE_X26Y109        FDPE                                         r  FDPE_1/C
  -------------------------------------------------------------------    -------------------
    SLICE_X26Y109        FDPE (Prop_fdpe_C_Q)         0.419     2.155 r  FDPE_1/Q
                         net (fo=507, routed)         7.399     9.555    sys_rst
    SLICE_X46Y37         FDRE                                         r  basesoc_interface_dat_w_reg[6]/R
  -------------------------------------------------------------------    -------------------

                         (clock sys_clk rise edge)   10.000    10.000 r  
    BUFGCTRL_X0Y0        BUFG                         0.000    10.000 r  BUFG/O
                         net (fo=1935, routed)        1.444    11.444    sys_clk
    SLICE_X46Y37         FDRE                                         r  basesoc_interface_dat_w_reg[6]/C
                         clock pessimism              0.000    11.444    
                         clock uncertainty           -0.035    11.409    
    SLICE_X46Y37         FDRE (Setup_fdre_C_R)       -0.699    10.710    basesoc_interface_dat_w_reg[6]
  -------------------------------------------------------------------
                         required time                         10.710    
                         arrival time                          -9.555    
  -------------------------------------------------------------------
                         slack                                  1.155    

Slack (MET) :             1.190ns  (required time - arrival time)
  Source:                 FDPE_1/C
                            (rising edge-triggered cell FDPE clocked by sys_clk  {rise@0.000ns fall@5.000ns period=10.000ns})
  Destination:            basesoc_interface_dat_w_reg[7]/R
                            (rising edge-triggered cell FDRE clocked by sys_clk  {rise@0.000ns fall@5.000ns period=10.000ns})
  Path Group:             sys_clk
  Path Type:              Setup (Max at Slow Process Corner)
  Requirement:            10.000ns  (sys_clk rise@10.000ns - sys_clk rise@0.000ns)
  Data Path Delay:        7.785ns  (logic 0.419ns (5.382%)  route 7.366ns (94.618%))
  Logic Levels:           0  
  Clock Path Skew:        -0.291ns (DCD - SCD + CPR)
    Destination Clock Delay (DCD):    1.445ns = ( 11.445 - 10.000 ) 
    Source Clock Delay      (SCD):    1.736ns
    Clock Pessimism Removal (CPR):    0.000ns
  Clock Uncertainty:      0.035ns  ((TSJ^2 + TIJ^2)^1/2 + DJ) / 2 + PE
    Total System Jitter     (TSJ):    0.071ns
    Total Input Jitter      (TIJ):    0.000ns
    Discrete Jitter          (DJ):    0.000ns
    Phase Error              (PE):    0.000ns

    Location             Delay type                Incr(ns)  Path(ns)    Netlist Resource(s)
  -------------------------------------------------------------------    -------------------
                         (clock sys_clk rise edge)    0.000     0.000 r  
    BUFGCTRL_X0Y0        BUFG                         0.000     0.000 r  BUFG/O
                         net (fo=1935, routed)        1.736     1.736    sys_clk
    SLICE_X26Y109        FDPE                                         r  FDPE_1/C
  -------------------------------------------------------------------    -------------------
    SLICE_X26Y109        FDPE (Prop_fdpe_C_Q)         0.419     2.155 r  FDPE_1/Q
                         net (fo=507, routed)         7.366     9.521    sys_rst
    SLICE_X46Y38         FDRE                                         r  basesoc_interface_dat_w_reg[7]/R
  -------------------------------------------------------------------    -------------------

                         (clock sys_clk rise edge)   10.000    10.000 r  
    BUFGCTRL_X0Y0        BUFG                         0.000    10.000 r  BUFG/O
                         net (fo=1935, routed)        1.445    11.445    sys_clk
    SLICE_X46Y38         FDRE                                         r  basesoc_interface_dat_w_reg[7]/C
                         clock pessimism              0.000    11.445    
                         clock uncertainty           -0.035    11.410    
    SLICE_X46Y38         FDRE (Setup_fdre_C_R)       -0.699    10.711    basesoc_interface_dat_w_reg[7]
  -------------------------------------------------------------------
                         required time                         10.711    
                         arrival time                          -9.521    
  -------------------------------------------------------------------
                         slack                                  1.190    

Slack (MET) :             1.268ns  (required time - arrival time)
  Source:                 basesoc_uart_tx_pending_reg/C
                            (rising edge-triggered cell FDRE clocked by sys_clk  {rise@0.000ns fall@5.000ns period=10.000ns})
  Destination:            lm32_cpu/instruction_unit/icache/memories[0].way_0_tag_ram/mem_reg/ADDRARDADDR[8]
                            (rising edge-triggered cell RAMB18E1 clocked by sys_clk  {rise@0.000ns fall@5.000ns period=10.000ns})
  Path Group:             sys_clk
  Path Type:              Setup (Max at Slow Process Corner)
  Requirement:            10.000ns  (sys_clk rise@10.000ns - sys_clk rise@0.000ns)
  Data Path Delay:        8.130ns  (logic 1.552ns (19.089%)  route 6.578ns (80.911%))
  Logic Levels:           7  (LUT3=1 LUT4=2 LUT5=3 LUT6=1)
  Clock Path Skew:        -0.001ns (DCD - SCD + CPR)
    Destination Clock Delay (DCD):    1.484ns = ( 11.484 - 10.000 ) 
    Source Clock Delay      (SCD):    1.564ns
    Clock Pessimism Removal (CPR):    0.080ns
  Clock Uncertainty:      0.035ns  ((TSJ^2 + TIJ^2)^1/2 + DJ) / 2 + PE
    Total System Jitter     (TSJ):    0.071ns
    Total Input Jitter      (TIJ):    0.000ns
    Discrete Jitter          (DJ):    0.000ns
    Phase Error              (PE):    0.000ns

    Location             Delay type                Incr(ns)  Path(ns)    Netlist Resource(s)
  -------------------------------------------------------------------    -------------------
                         (clock sys_clk rise edge)    0.000     0.000 r  
    BUFGCTRL_X0Y0        BUFG                         0.000     0.000 r  BUFG/O
                         net (fo=1935, routed)        1.564     1.564    sys_clk
    SLICE_X36Y41         FDRE                                         r  basesoc_uart_tx_pending_reg/C
  -------------------------------------------------------------------    -------------------
    SLICE_X36Y41         FDRE (Prop_fdre_C_Q)         0.456     2.020 f  basesoc_uart_tx_pending_reg/Q
                         net (fo=4, routed)           0.682     2.703    lm32_cpu/load_store_unit/dcache/memories[0].data_memories.way_0_data_ram/basesoc_uart_tx_pending
    SLICE_X37Y40         LUT4 (Prop_lut4_I0_O)        0.124     2.827 f  lm32_cpu/load_store_unit/dcache/memories[0].data_memories.way_0_data_ram/pc_m[31]_i_5/O
                         net (fo=1, routed)           0.796     3.623    lm32_cpu/interrupt_unit/basesoc_lm32_interrupt[1]
    SLICE_X41Y31         LUT6 (Prop_lut6_I4_O)        0.124     3.747 r  lm32_cpu/interrupt_unit/pc_m[31]_i_2/O
                         net (fo=4, routed)           0.744     4.491    lm32_cpu/load_store_unit/dcache/memories[0].data_memories.way_0_data_ram/ie_reg
    SLICE_X42Y19         LUT5 (Prop_lut5_I2_O)        0.124     4.615 r  lm32_cpu/load_store_unit/dcache/memories[0].data_memories.way_0_data_ram/pc_m[31]_i_1/O
                         net (fo=187, routed)         0.702     5.317    lm32_cpu/mc_arithmetic/branch_flushX_m0
    SLICE_X44Y19         LUT5 (Prop_lut5_I4_O)        0.124     5.441 r  lm32_cpu/mc_arithmetic/pc_x[31]_i_2/O
                         net (fo=255, routed)         0.641     6.082    lm32_cpu/load_store_unit/dcache/state_reg[0]_0
    SLICE_X43Y19         LUT4 (Prop_lut4_I3_O)        0.150     6.232 f  lm32_cpu/load_store_unit/dcache/b[31]_i_8/O
                         net (fo=2, routed)           0.873     7.105    lm32_cpu/load_store_unit/dcache/b[31]_i_8_n_0
    SLICE_X43Y19         LUT5 (Prop_lut5_I0_O)        0.326     7.431 r  lm32_cpu/load_store_unit/dcache/mem_reg_i_12/O
                         net (fo=156, routed)         1.120     8.551    lm32_cpu/load_store_unit/dcache/valid_f2
    SLICE_X55Y17         LUT3 (Prop_lut3_I1_O)        0.124     8.675 r  lm32_cpu/load_store_unit/dcache/mem_reg_i_5__2/O
                         net (fo=2, routed)           1.020     9.695    lm32_cpu/instruction_unit/icache/memories[0].way_0_tag_ram/ADDRBWRADDR[3]
    RAMB18_X2Y10         RAMB18E1                                     r  lm32_cpu/instruction_unit/icache/memories[0].way_0_tag_ram/mem_reg/ADDRARDADDR[8]
  -------------------------------------------------------------------    -------------------

                         (clock sys_clk rise edge)   10.000    10.000 r  
    BUFGCTRL_X0Y0        BUFG                         0.000    10.000 r  BUFG/O
                         net (fo=1935, routed)        1.484    11.484    lm32_cpu/instruction_unit/icache/memories[0].way_0_tag_ram/out
    RAMB18_X2Y10         RAMB18E1                                     r  lm32_cpu/instruction_unit/icache/memories[0].way_0_tag_ram/mem_reg/CLKARDCLK
                         clock pessimism              0.080    11.564    
                         clock uncertainty           -0.035    11.529    
    RAMB18_X2Y10         RAMB18E1 (Setup_ramb18e1_CLKARDCLK_ADDRARDADDR[8])
                                                     -0.566    10.963    lm32_cpu/instruction_unit/icache/memories[0].way_0_tag_ram/mem_reg
  -------------------------------------------------------------------
                         required time                         10.963    
                         arrival time                          -9.695    
  -------------------------------------------------------------------
                         slack                                  1.268    

Slack (MET) :             1.297ns  (required time - arrival time)
  Source:                 lm32_cpu/load_store_unit/data_w_reg[31]/C
                            (rising edge-triggered cell FDRE clocked by sys_clk  {rise@0.000ns fall@5.000ns period=10.000ns})
  Destination:            lm32_cpu/multiplier/product0__0/A[11]
                            (rising edge-triggered cell DSP48E1 clocked by sys_clk  {rise@0.000ns fall@5.000ns period=10.000ns})
  Path Group:             sys_clk
  Path Type:              Setup (Max at Slow Process Corner)
  Requirement:            10.000ns  (sys_clk rise@10.000ns - sys_clk rise@0.000ns)
  Data Path Delay:        8.292ns  (logic 1.976ns (23.830%)  route 6.316ns (76.170%))
  Logic Levels:           7  (LUT3=4 LUT5=1 LUT6=2)
  Clock Path Skew:        -0.013ns (DCD - SCD + CPR)
    Destination Clock Delay (DCD):    1.529ns = ( 11.529 - 10.000 ) 
    Source Clock Delay      (SCD):    1.550ns
    Clock Pessimism Removal (CPR):    0.008ns
  Clock Uncertainty:      0.035ns  ((TSJ^2 + TIJ^2)^1/2 + DJ) / 2 + PE
    Total System Jitter     (TSJ):    0.071ns
    Total Input Jitter      (TIJ):    0.000ns
    Discrete Jitter          (DJ):    0.000ns
    Phase Error              (PE):    0.000ns

    Location             Delay type                Incr(ns)  Path(ns)    Netlist Resource(s)
  -------------------------------------------------------------------    -------------------
                         (clock sys_clk rise edge)    0.000     0.000 r  
    BUFGCTRL_X0Y0        BUFG                         0.000     0.000 r  BUFG/O
                         net (fo=1935, routed)        1.550     1.550    lm32_cpu/load_store_unit/out
    SLICE_X46Y22         FDRE                                         r  lm32_cpu/load_store_unit/data_w_reg[31]/C
  -------------------------------------------------------------------    -------------------
    SLICE_X46Y22         FDRE (Prop_fdre_C_Q)         0.478     2.028 r  lm32_cpu/load_store_unit/data_w_reg[31]/Q
                         net (fo=3, routed)           1.155     3.183    lm32_cpu/load_store_unit/p_0_in17_in
    SLICE_X30Y26         LUT3 (Prop_lut3_I2_O)        0.322     3.505 r  lm32_cpu/load_store_unit/registers_reg_r1_0_31_6_11_i_16/O
                         net (fo=2, routed)           0.313     3.819    lm32_cpu/load_store_unit/registers_reg_r1_0_31_6_11_i_16_n_0
    SLICE_X31Y27         LUT6 (Prop_lut6_I3_O)        0.328     4.147 r  lm32_cpu/load_store_unit/registers_reg_r1_0_31_6_11_i_7/O
                         net (fo=2, routed)           0.537     4.683    lm32_cpu/load_store_unit/registers_reg_r1_0_31_6_11_i_7_n_0
    SLICE_X30Y27         LUT3 (Prop_lut3_I0_O)        0.124     4.807 r  lm32_cpu/load_store_unit/registers_reg_r1_0_31_6_11_i_11/O
                         net (fo=8, routed)           0.646     5.453    lm32_cpu/load_store_unit/registers_reg_r1_0_31_6_11_i_11_n_0
    SLICE_X30Y24         LUT6 (Prop_lut6_I0_O)        0.124     5.577 r  lm32_cpu/load_store_unit/registers_reg_r1_0_31_6_11_i_5/O
                         net (fo=4, routed)           0.667     6.244    lm32_cpu/instruction_unit/w_result[11]
    SLICE_X39Y25         LUT5 (Prop_lut5_I4_O)        0.124     6.368 r  lm32_cpu/instruction_unit/a[11]_i_3/O
                         net (fo=1, routed)           0.594     6.962    lm32_cpu/instruction_unit/a[11]_i_3_n_0
    SLICE_X40Y25         LUT3 (Prop_lut3_I0_O)        0.150     7.112 r  lm32_cpu/instruction_unit/a[11]_i_2/O
                         net (fo=3, routed)           0.746     7.858    lm32_cpu/instruction_unit/p_0_in[9]
    SLICE_X48Y24         LUT3 (Prop_lut3_I2_O)        0.326     8.184 r  lm32_cpu/instruction_unit/product0__0_i_6/O
                         net (fo=3, routed)           1.658     9.842    lm32_cpu/multiplier/D[11]
    DSP48_X0Y11          DSP48E1                                      r  lm32_cpu/multiplier/product0__0/A[11]
  -------------------------------------------------------------------    -------------------

                         (clock sys_clk rise edge)   10.000    10.000 r  
    BUFGCTRL_X0Y0        BUFG                         0.000    10.000 r  BUFG/O
                         net (fo=1935, routed)        1.529    11.529    lm32_cpu/multiplier/out
    DSP48_X0Y11          DSP48E1                                      r  lm32_cpu/multiplier/product0__0/CLK
                         clock pessimism              0.008    11.537    
                         clock uncertainty           -0.035    11.502    
    DSP48_X0Y11          DSP48E1 (Setup_dsp48e1_CLK_A[11])
                                                     -0.362    11.140    lm32_cpu/multiplier/product0__0
  -------------------------------------------------------------------
                         required time                         11.140    
                         arrival time                          -9.842    
  -------------------------------------------------------------------
                         slack                                  1.297    

Slack (MET) :             1.299ns  (required time - arrival time)
  Source:                 lm32_cpu/load_store_unit/data_w_reg[31]/C
                            (rising edge-triggered cell FDRE clocked by sys_clk  {rise@0.000ns fall@5.000ns period=10.000ns})
  Destination:            lm32_cpu/multiplier/product_reg__0/A[11]
                            (rising edge-triggered cell DSP48E1 clocked by sys_clk  {rise@0.000ns fall@5.000ns period=10.000ns})
  Path Group:             sys_clk
  Path Type:              Setup (Max at Slow Process Corner)
  Requirement:            10.000ns  (sys_clk rise@10.000ns - sys_clk rise@0.000ns)
  Data Path Delay:        8.292ns  (logic 1.976ns (23.830%)  route 6.316ns (76.170%))
  Logic Levels:           7  (LUT3=4 LUT5=1 LUT6=2)
  Clock Path Skew:        -0.011ns (DCD - SCD + CPR)
    Destination Clock Delay (DCD):    1.531ns = ( 11.531 - 10.000 ) 
    Source Clock Delay      (SCD):    1.550ns
    Clock Pessimism Removal (CPR):    0.008ns
  Clock Uncertainty:      0.035ns  ((TSJ^2 + TIJ^2)^1/2 + DJ) / 2 + PE
    Total System Jitter     (TSJ):    0.071ns
    Total Input Jitter      (TIJ):    0.000ns
    Discrete Jitter          (DJ):    0.000ns
    Phase Error              (PE):    0.000ns

    Location             Delay type                Incr(ns)  Path(ns)    Netlist Resource(s)
  -------------------------------------------------------------------    -------------------
                         (clock sys_clk rise edge)    0.000     0.000 r  
    BUFGCTRL_X0Y0        BUFG                         0.000     0.000 r  BUFG/O
                         net (fo=1935, routed)        1.550     1.550    lm32_cpu/load_store_unit/out
    SLICE_X46Y22         FDRE                                         r  lm32_cpu/load_store_unit/data_w_reg[31]/C
  -------------------------------------------------------------------    -------------------
    SLICE_X46Y22         FDRE (Prop_fdre_C_Q)         0.478     2.028 r  lm32_cpu/load_store_unit/data_w_reg[31]/Q
                         net (fo=3, routed)           1.155     3.183    lm32_cpu/load_store_unit/p_0_in17_in
    SLICE_X30Y26         LUT3 (Prop_lut3_I2_O)        0.322     3.505 r  lm32_cpu/load_store_unit/registers_reg_r1_0_31_6_11_i_16/O
                         net (fo=2, routed)           0.313     3.819    lm32_cpu/load_store_unit/registers_reg_r1_0_31_6_11_i_16_n_0
    SLICE_X31Y27         LUT6 (Prop_lut6_I3_O)        0.328     4.147 r  lm32_cpu/load_store_unit/registers_reg_r1_0_31_6_11_i_7/O
                         net (fo=2, routed)           0.537     4.683    lm32_cpu/load_store_unit/registers_reg_r1_0_31_6_11_i_7_n_0
    SLICE_X30Y27         LUT3 (Prop_lut3_I0_O)        0.124     4.807 r  lm32_cpu/load_store_unit/registers_reg_r1_0_31_6_11_i_11/O
                         net (fo=8, routed)           0.646     5.453    lm32_cpu/load_store_unit/registers_reg_r1_0_31_6_11_i_11_n_0
    SLICE_X30Y24         LUT6 (Prop_lut6_I0_O)        0.124     5.577 r  lm32_cpu/load_store_unit/registers_reg_r1_0_31_6_11_i_5/O
                         net (fo=4, routed)           0.667     6.244    lm32_cpu/instruction_unit/w_result[11]
    SLICE_X39Y25         LUT5 (Prop_lut5_I4_O)        0.124     6.368 r  lm32_cpu/instruction_unit/a[11]_i_3/O
                         net (fo=1, routed)           0.594     6.962    lm32_cpu/instruction_unit/a[11]_i_3_n_0
    SLICE_X40Y25         LUT3 (Prop_lut3_I0_O)        0.150     7.112 r  lm32_cpu/instruction_unit/a[11]_i_2/O
                         net (fo=3, routed)           0.746     7.858    lm32_cpu/instruction_unit/p_0_in[9]
    SLICE_X48Y24         LUT3 (Prop_lut3_I2_O)        0.326     8.184 r  lm32_cpu/instruction_unit/product0__0_i_6/O
                         net (fo=3, routed)           1.658     9.843    lm32_cpu/multiplier/D[11]
    DSP48_X0Y12          DSP48E1                                      r  lm32_cpu/multiplier/product_reg__0/A[11]
  -------------------------------------------------------------------    -------------------

                         (clock sys_clk rise edge)   10.000    10.000 r  
    BUFGCTRL_X0Y0        BUFG                         0.000    10.000 r  BUFG/O
                         net (fo=1935, routed)        1.531    11.531    lm32_cpu/multiplier/out
    DSP48_X0Y12          DSP48E1                                      r  lm32_cpu/multiplier/product_reg__0/CLK
                         clock pessimism              0.008    11.539    
                         clock uncertainty           -0.035    11.504    
    DSP48_X0Y12          DSP48E1 (Setup_dsp48e1_CLK_A[11])
                                                     -0.362    11.142    lm32_cpu/multiplier/product_reg__0
  -------------------------------------------------------------------
                         required time                         11.142    
                         arrival time                          -9.843    
  -------------------------------------------------------------------
                         slack                                  1.299    

Slack (MET) :             1.322ns  (required time - arrival time)
  Source:                 basesoc_uart_tx_pending_reg/C
                            (rising edge-triggered cell FDRE clocked by sys_clk  {rise@0.000ns fall@5.000ns period=10.000ns})
  Destination:            lm32_cpu/instruction_unit/icache/memories[0].way_0_tag_ram/mem_reg/ADDRARDADDR[7]
                            (rising edge-triggered cell RAMB18E1 clocked by sys_clk  {rise@0.000ns fall@5.000ns period=10.000ns})
  Path Group:             sys_clk
  Path Type:              Setup (Max at Slow Process Corner)
  Requirement:            10.000ns  (sys_clk rise@10.000ns - sys_clk rise@0.000ns)
  Data Path Delay:        8.076ns  (logic 1.552ns (19.218%)  route 6.524ns (80.782%))
  Logic Levels:           7  (LUT3=1 LUT4=2 LUT5=3 LUT6=1)
  Clock Path Skew:        -0.001ns (DCD - SCD + CPR)
    Destination Clock Delay (DCD):    1.484ns = ( 11.484 - 10.000 ) 
    Source Clock Delay      (SCD):    1.564ns
    Clock Pessimism Removal (CPR):    0.080ns
  Clock Uncertainty:      0.035ns  ((TSJ^2 + TIJ^2)^1/2 + DJ) / 2 + PE
    Total System Jitter     (TSJ):    0.071ns
    Total Input Jitter      (TIJ):    0.000ns
    Discrete Jitter          (DJ):    0.000ns
    Phase Error              (PE):    0.000ns

    Location             Delay type                Incr(ns)  Path(ns)    Netlist Resource(s)
  -------------------------------------------------------------------    -------------------
                         (clock sys_clk rise edge)    0.000     0.000 r  
    BUFGCTRL_X0Y0        BUFG                         0.000     0.000 r  BUFG/O
                         net (fo=1935, routed)        1.564     1.564    sys_clk
    SLICE_X36Y41         FDRE                                         r  basesoc_uart_tx_pending_reg/C
  -------------------------------------------------------------------    -------------------
    SLICE_X36Y41         FDRE (Prop_fdre_C_Q)         0.456     2.020 f  basesoc_uart_tx_pending_reg/Q
                         net (fo=4, routed)           0.682     2.703    lm32_cpu/load_store_unit/dcache/memories[0].data_memories.way_0_data_ram/basesoc_uart_tx_pending
    SLICE_X37Y40         LUT4 (Prop_lut4_I0_O)        0.124     2.827 f  lm32_cpu/load_store_unit/dcache/memories[0].data_memories.way_0_data_ram/pc_m[31]_i_5/O
                         net (fo=1, routed)           0.796     3.623    lm32_cpu/interrupt_unit/basesoc_lm32_interrupt[1]
    SLICE_X41Y31         LUT6 (Prop_lut6_I4_O)        0.124     3.747 r  lm32_cpu/interrupt_unit/pc_m[31]_i_2/O
                         net (fo=4, routed)           0.744     4.491    lm32_cpu/load_store_unit/dcache/memories[0].data_memories.way_0_data_ram/ie_reg
    SLICE_X42Y19         LUT5 (Prop_lut5_I2_O)        0.124     4.615 r  lm32_cpu/load_store_unit/dcache/memories[0].data_memories.way_0_data_ram/pc_m[31]_i_1/O
                         net (fo=187, routed)         0.702     5.317    lm32_cpu/mc_arithmetic/branch_flushX_m0
    SLICE_X44Y19         LUT5 (Prop_lut5_I4_O)        0.124     5.441 r  lm32_cpu/mc_arithmetic/pc_x[31]_i_2/O
                         net (fo=255, routed)         0.641     6.082    lm32_cpu/load_store_unit/dcache/state_reg[0]_0
    SLICE_X43Y19         LUT4 (Prop_lut4_I3_O)        0.150     6.232 f  lm32_cpu/load_store_unit/dcache/b[31]_i_8/O
                         net (fo=2, routed)           0.873     7.105    lm32_cpu/load_store_unit/dcache/b[31]_i_8_n_0
    SLICE_X43Y19         LUT5 (Prop_lut5_I0_O)        0.326     7.431 r  lm32_cpu/load_store_unit/dcache/mem_reg_i_12/O
                         net (fo=156, routed)         1.123     8.554    lm32_cpu/load_store_unit/dcache/valid_f2
    SLICE_X55Y17         LUT3 (Prop_lut3_I1_O)        0.124     8.678 r  lm32_cpu/load_store_unit/dcache/mem_reg_i_6__2/O
                         net (fo=2, routed)           0.962     9.640    lm32_cpu/instruction_unit/icache/memories[0].way_0_tag_ram/ADDRBWRADDR[2]
    RAMB18_X2Y10         RAMB18E1                                     r  lm32_cpu/instruction_unit/icache/memories[0].way_0_tag_ram/mem_reg/ADDRARDADDR[7]
  -------------------------------------------------------------------    -------------------

                         (clock sys_clk rise edge)   10.000    10.000 r  
    BUFGCTRL_X0Y0        BUFG                         0.000    10.000 r  BUFG/O
                         net (fo=1935, routed)        1.484    11.484    lm32_cpu/instruction_unit/icache/memories[0].way_0_tag_ram/out
    RAMB18_X2Y10         RAMB18E1                                     r  lm32_cpu/instruction_unit/icache/memories[0].way_0_tag_ram/mem_reg/CLKARDCLK
                         clock pessimism              0.080    11.564    
                         clock uncertainty           -0.035    11.529    
    RAMB18_X2Y10         RAMB18E1 (Setup_ramb18e1_CLKARDCLK_ADDRARDADDR[7])
                                                     -0.566    10.963    lm32_cpu/instruction_unit/icache/memories[0].way_0_tag_ram/mem_reg
  -------------------------------------------------------------------
                         required time                         10.963    
                         arrival time                          -9.640    
  -------------------------------------------------------------------
                         slack                                  1.322    

Slack (MET) :             1.328ns  (required time - arrival time)
  Source:                 basesoc_uart_tx_pending_reg/C
                            (rising edge-triggered cell FDRE clocked by sys_clk  {rise@0.000ns fall@5.000ns period=10.000ns})
  Destination:            lm32_cpu/instruction_unit/icache/memories[0].way_0_tag_ram/mem_reg/ADDRARDADDR[9]
                            (rising edge-triggered cell RAMB18E1 clocked by sys_clk  {rise@0.000ns fall@5.000ns period=10.000ns})
  Path Group:             sys_clk
  Path Type:              Setup (Max at Slow Process Corner)
  Requirement:            10.000ns  (sys_clk rise@10.000ns - sys_clk rise@0.000ns)
  Data Path Delay:        8.070ns  (logic 1.552ns (19.231%)  route 6.518ns (80.769%))
  Logic Levels:           7  (LUT3=1 LUT4=2 LUT5=3 LUT6=1)
  Clock Path Skew:        -0.001ns (DCD - SCD + CPR)
    Destination Clock Delay (DCD):    1.484ns = ( 11.484 - 10.000 ) 
    Source Clock Delay      (SCD):    1.564ns
    Clock Pessimism Removal (CPR):    0.080ns
  Clock Uncertainty:      0.035ns  ((TSJ^2 + TIJ^2)^1/2 + DJ) / 2 + PE
    Total System Jitter     (TSJ):    0.071ns
    Total Input Jitter      (TIJ):    0.000ns
    Discrete Jitter          (DJ):    0.000ns
    Phase Error              (PE):    0.000ns

    Location             Delay type                Incr(ns)  Path(ns)    Netlist Resource(s)
  -------------------------------------------------------------------    -------------------
                         (clock sys_clk rise edge)    0.000     0.000 r  
    BUFGCTRL_X0Y0        BUFG                         0.000     0.000 r  BUFG/O
                         net (fo=1935, routed)        1.564     1.564    sys_clk
    SLICE_X36Y41         FDRE                                         r  basesoc_uart_tx_pending_reg/C
  -------------------------------------------------------------------    -------------------
    SLICE_X36Y41         FDRE (Prop_fdre_C_Q)         0.456     2.020 f  basesoc_uart_tx_pending_reg/Q
                         net (fo=4, routed)           0.682     2.703    lm32_cpu/load_store_unit/dcache/memories[0].data_memories.way_0_data_ram/basesoc_uart_tx_pending
    SLICE_X37Y40         LUT4 (Prop_lut4_I0_O)        0.124     2.827 f  lm32_cpu/load_store_unit/dcache/memories[0].data_memories.way_0_data_ram/pc_m[31]_i_5/O
                         net (fo=1, routed)           0.796     3.623    lm32_cpu/interrupt_unit/basesoc_lm32_interrupt[1]
    SLICE_X41Y31         LUT6 (Prop_lut6_I4_O)        0.124     3.747 r  lm32_cpu/interrupt_unit/pc_m[31]_i_2/O
                         net (fo=4, routed)           0.744     4.491    lm32_cpu/load_store_unit/dcache/memories[0].data_memories.way_0_data_ram/ie_reg
    SLICE_X42Y19         LUT5 (Prop_lut5_I2_O)        0.124     4.615 r  lm32_cpu/load_store_unit/dcache/memories[0].data_memories.way_0_data_ram/pc_m[31]_i_1/O
                         net (fo=187, routed)         0.702     5.317    lm32_cpu/mc_arithmetic/branch_flushX_m0
    SLICE_X44Y19         LUT5 (Prop_lut5_I4_O)        0.124     5.441 r  lm32_cpu/mc_arithmetic/pc_x[31]_i_2/O
                         net (fo=255, routed)         0.641     6.082    lm32_cpu/load_store_unit/dcache/state_reg[0]_0
    SLICE_X43Y19         LUT4 (Prop_lut4_I3_O)        0.150     6.232 f  lm32_cpu/load_store_unit/dcache/b[31]_i_8/O
                         net (fo=2, routed)           0.873     7.105    lm32_cpu/load_store_unit/dcache/b[31]_i_8_n_0
    SLICE_X43Y19         LUT5 (Prop_lut5_I0_O)        0.326     7.431 r  lm32_cpu/load_store_unit/dcache/mem_reg_i_12/O
                         net (fo=156, routed)         1.053     8.484    lm32_cpu/load_store_unit/dcache/valid_f2
    SLICE_X55Y17         LUT3 (Prop_lut3_I1_O)        0.124     8.608 r  lm32_cpu/load_store_unit/dcache/mem_reg_i_4__2/O
                         net (fo=2, routed)           1.027     9.635    lm32_cpu/instruction_unit/icache/memories[0].way_0_tag_ram/ADDRBWRADDR[4]
    RAMB18_X2Y10         RAMB18E1                                     r  lm32_cpu/instruction_unit/icache/memories[0].way_0_tag_ram/mem_reg/ADDRARDADDR[9]
  -------------------------------------------------------------------    -------------------

                         (clock sys_clk rise edge)   10.000    10.000 r  
    BUFGCTRL_X0Y0        BUFG                         0.000    10.000 r  BUFG/O
                         net (fo=1935, routed)        1.484    11.484    lm32_cpu/instruction_unit/icache/memories[0].way_0_tag_ram/out
    RAMB18_X2Y10         RAMB18E1                                     r  lm32_cpu/instruction_unit/icache/memories[0].way_0_tag_ram/mem_reg/CLKARDCLK
                         clock pessimism              0.080    11.564    
                         clock uncertainty           -0.035    11.529    
    RAMB18_X2Y10         RAMB18E1 (Setup_ramb18e1_CLKARDCLK_ADDRARDADDR[9])
                                                     -0.566    10.963    lm32_cpu/instruction_unit/icache/memories[0].way_0_tag_ram/mem_reg
  -------------------------------------------------------------------
                         required time                         10.963    
                         arrival time                          -9.635    
  -------------------------------------------------------------------
                         slack                                  1.328    

Slack (MET) :             1.403ns  (required time - arrival time)
  Source:                 basesoc_uart_tx_pending_reg/C
                            (rising edge-triggered cell FDRE clocked by sys_clk  {rise@0.000ns fall@5.000ns period=10.000ns})
  Destination:            lm32_cpu/instruction_unit/icache/memories[0].way_0_tag_ram/mem_reg/ADDRARDADDR[11]
                            (rising edge-triggered cell RAMB18E1 clocked by sys_clk  {rise@0.000ns fall@5.000ns period=10.000ns})
  Path Group:             sys_clk
  Path Type:              Setup (Max at Slow Process Corner)
  Requirement:            10.000ns  (sys_clk rise@10.000ns - sys_clk rise@0.000ns)
  Data Path Delay:        7.995ns  (logic 1.552ns (19.412%)  route 6.443ns (80.588%))
  Logic Levels:           7  (LUT3=1 LUT4=2 LUT5=3 LUT6=1)
  Clock Path Skew:        -0.001ns (DCD - SCD + CPR)
    Destination Clock Delay (DCD):    1.484ns = ( 11.484 - 10.000 ) 
    Source Clock Delay      (SCD):    1.564ns
    Clock Pessimism Removal (CPR):    0.080ns
  Clock Uncertainty:      0.035ns  ((TSJ^2 + TIJ^2)^1/2 + DJ) / 2 + PE
    Total System Jitter     (TSJ):    0.071ns
    Total Input Jitter      (TIJ):    0.000ns
    Discrete Jitter          (DJ):    0.000ns
    Phase Error              (PE):    0.000ns

    Location             Delay type                Incr(ns)  Path(ns)    Netlist Resource(s)
  -------------------------------------------------------------------    -------------------
                         (clock sys_clk rise edge)    0.000     0.000 r  
    BUFGCTRL_X0Y0        BUFG                         0.000     0.000 r  BUFG/O
                         net (fo=1935, routed)        1.564     1.564    sys_clk
    SLICE_X36Y41         FDRE                                         r  basesoc_uart_tx_pending_reg/C
  -------------------------------------------------------------------    -------------------
    SLICE_X36Y41         FDRE (Prop_fdre_C_Q)         0.456     2.020 f  basesoc_uart_tx_pending_reg/Q
                         net (fo=4, routed)           0.682     2.703    lm32_cpu/load_store_unit/dcache/memories[0].data_memories.way_0_data_ram/basesoc_uart_tx_pending
    SLICE_X37Y40         LUT4 (Prop_lut4_I0_O)        0.124     2.827 f  lm32_cpu/load_store_unit/dcache/memories[0].data_memories.way_0_data_ram/pc_m[31]_i_5/O
                         net (fo=1, routed)           0.796     3.623    lm32_cpu/interrupt_unit/basesoc_lm32_interrupt[1]
    SLICE_X41Y31         LUT6 (Prop_lut6_I4_O)        0.124     3.747 r  lm32_cpu/interrupt_unit/pc_m[31]_i_2/O
                         net (fo=4, routed)           0.744     4.491    lm32_cpu/load_store_unit/dcache/memories[0].data_memories.way_0_data_ram/ie_reg
    SLICE_X42Y19         LUT5 (Prop_lut5_I2_O)        0.124     4.615 r  lm32_cpu/load_store_unit/dcache/memories[0].data_memories.way_0_data_ram/pc_m[31]_i_1/O
                         net (fo=187, routed)         0.702     5.317    lm32_cpu/mc_arithmetic/branch_flushX_m0
    SLICE_X44Y19         LUT5 (Prop_lut5_I4_O)        0.124     5.441 r  lm32_cpu/mc_arithmetic/pc_x[31]_i_2/O
                         net (fo=255, routed)         0.641     6.082    lm32_cpu/load_store_unit/dcache/state_reg[0]_0
    SLICE_X43Y19         LUT4 (Prop_lut4_I3_O)        0.150     6.232 f  lm32_cpu/load_store_unit/dcache/b[31]_i_8/O
                         net (fo=2, routed)           0.873     7.105    lm32_cpu/load_store_unit/dcache/b[31]_i_8_n_0
    SLICE_X43Y19         LUT5 (Prop_lut5_I0_O)        0.326     7.431 r  lm32_cpu/load_store_unit/dcache/mem_reg_i_12/O
                         net (fo=156, routed)         0.977     8.408    lm32_cpu/load_store_unit/dcache/valid_f2
    SLICE_X53Y18         LUT3 (Prop_lut3_I1_O)        0.124     8.532 r  lm32_cpu/load_store_unit/dcache/mem_reg_i_2__2/O
                         net (fo=2, routed)           1.027     9.560    lm32_cpu/instruction_unit/icache/memories[0].way_0_tag_ram/ADDRBWRADDR[6]
    RAMB18_X2Y10         RAMB18E1                                     r  lm32_cpu/instruction_unit/icache/memories[0].way_0_tag_ram/mem_reg/ADDRARDADDR[11]
  -------------------------------------------------------------------    -------------------

                         (clock sys_clk rise edge)   10.000    10.000 r  
    BUFGCTRL_X0Y0        BUFG                         0.000    10.000 r  BUFG/O
                         net (fo=1935, routed)        1.484    11.484    lm32_cpu/instruction_unit/icache/memories[0].way_0_tag_ram/out
    RAMB18_X2Y10         RAMB18E1                                     r  lm32_cpu/instruction_unit/icache/memories[0].way_0_tag_ram/mem_reg/CLKARDCLK
                         clock pessimism              0.080    11.564    
                         clock uncertainty           -0.035    11.529    
    RAMB18_X2Y10         RAMB18E1 (Setup_ramb18e1_CLKARDCLK_ADDRARDADDR[11])
                                                     -0.566    10.963    lm32_cpu/instruction_unit/icache/memories[0].way_0_tag_ram/mem_reg
  -------------------------------------------------------------------
                         required time                         10.963    
                         arrival time                          -9.560    
  -------------------------------------------------------------------
                         slack                                  1.403    





Min Delay Paths
--------------------------------------------------------------------------------------
Slack (MET) :             0.036ns  (arrival time - required time)
  Source:                 lm32_cpu/write_idx_w_reg[0]/C
                            (rising edge-triggered cell FDRE clocked by sys_clk  {rise@0.000ns fall@5.000ns period=10.000ns})
  Destination:            lm32_cpu/registers_reg_r2_0_31_30_31/RAMA/WADR0
                            (rising edge-triggered cell RAMD32 clocked by sys_clk  {rise@0.000ns fall@5.000ns period=10.000ns})
  Path Group:             sys_clk
  Path Type:              Hold (Min at Fast Process Corner)
  Requirement:            0.000ns  (sys_clk rise@0.000ns - sys_clk rise@0.000ns)
  Data Path Delay:        0.359ns  (logic 0.141ns (39.235%)  route 0.218ns (60.765%))
  Logic Levels:           0  
  Clock Path Skew:        0.013ns (DCD - SCD - CPR)
    Destination Clock Delay (DCD):    0.822ns
    Source Clock Delay      (SCD):    0.555ns
    Clock Pessimism Removal (CPR):    0.254ns

    Location             Delay type                Incr(ns)  Path(ns)    Netlist Resource(s)
  -------------------------------------------------------------------    -------------------
                         (clock sys_clk rise edge)    0.000     0.000 r  
    BUFGCTRL_X0Y0        BUFG                         0.000     0.000 r  BUFG/O
                         net (fo=1935, routed)        0.555     0.555    lm32_cpu/out
    SLICE_X39Y30         FDRE                                         r  lm32_cpu/write_idx_w_reg[0]/C
  -------------------------------------------------------------------    -------------------
    SLICE_X39Y30         FDRE (Prop_fdre_C_Q)         0.141     0.696 r  lm32_cpu/write_idx_w_reg[0]/Q
                         net (fo=98, routed)          0.218     0.914    lm32_cpu/registers_reg_r2_0_31_30_31/ADDRD0
    SLICE_X38Y30         RAMD32                                       r  lm32_cpu/registers_reg_r2_0_31_30_31/RAMA/WADR0
  -------------------------------------------------------------------    -------------------

                         (clock sys_clk rise edge)    0.000     0.000 r  
    BUFGCTRL_X0Y0        BUFG                         0.000     0.000 r  BUFG/O
                         net (fo=1935, routed)        0.822     0.822    lm32_cpu/registers_reg_r2_0_31_30_31/WCLK
    SLICE_X38Y30         RAMD32                                       r  lm32_cpu/registers_reg_r2_0_31_30_31/RAMA/CLK
                         clock pessimism             -0.254     0.568    
    SLICE_X38Y30         RAMD32 (Hold_ramd32_CLK_WADR0)
                                                      0.310     0.878    lm32_cpu/registers_reg_r2_0_31_30_31/RAMA
  -------------------------------------------------------------------
                         required time                         -0.878    
                         arrival time                           0.914    
  -------------------------------------------------------------------
                         slack                                  0.036    

Slack (MET) :             0.036ns  (arrival time - required time)
  Source:                 lm32_cpu/write_idx_w_reg[0]/C
                            (rising edge-triggered cell FDRE clocked by sys_clk  {rise@0.000ns fall@5.000ns period=10.000ns})
  Destination:            lm32_cpu/registers_reg_r2_0_31_30_31/RAMA_D1/WADR0
                            (rising edge-triggered cell RAMD32 clocked by sys_clk  {rise@0.000ns fall@5.000ns period=10.000ns})
  Path Group:             sys_clk
  Path Type:              Hold (Min at Fast Process Corner)
  Requirement:            0.000ns  (sys_clk rise@0.000ns - sys_clk rise@0.000ns)
  Data Path Delay:        0.359ns  (logic 0.141ns (39.235%)  route 0.218ns (60.765%))
  Logic Levels:           0  
  Clock Path Skew:        0.013ns (DCD - SCD - CPR)
    Destination Clock Delay (DCD):    0.822ns
    Source Clock Delay      (SCD):    0.555ns
    Clock Pessimism Removal (CPR):    0.254ns

    Location             Delay type                Incr(ns)  Path(ns)    Netlist Resource(s)
  -------------------------------------------------------------------    -------------------
                         (clock sys_clk rise edge)    0.000     0.000 r  
    BUFGCTRL_X0Y0        BUFG                         0.000     0.000 r  BUFG/O
                         net (fo=1935, routed)        0.555     0.555    lm32_cpu/out
    SLICE_X39Y30         FDRE                                         r  lm32_cpu/write_idx_w_reg[0]/C
  -------------------------------------------------------------------    -------------------
    SLICE_X39Y30         FDRE (Prop_fdre_C_Q)         0.141     0.696 r  lm32_cpu/write_idx_w_reg[0]/Q
                         net (fo=98, routed)          0.218     0.914    lm32_cpu/registers_reg_r2_0_31_30_31/ADDRD0
    SLICE_X38Y30         RAMD32                                       r  lm32_cpu/registers_reg_r2_0_31_30_31/RAMA_D1/WADR0
  -------------------------------------------------------------------    -------------------

                         (clock sys_clk rise edge)    0.000     0.000 r  
    BUFGCTRL_X0Y0        BUFG                         0.000     0.000 r  BUFG/O
                         net (fo=1935, routed)        0.822     0.822    lm32_cpu/registers_reg_r2_0_31_30_31/WCLK
    SLICE_X38Y30         RAMD32                                       r  lm32_cpu/registers_reg_r2_0_31_30_31/RAMA_D1/CLK
                         clock pessimism             -0.254     0.568    
    SLICE_X38Y30         RAMD32 (Hold_ramd32_CLK_WADR0)
                                                      0.310     0.878    lm32_cpu/registers_reg_r2_0_31_30_31/RAMA_D1
  -------------------------------------------------------------------
                         required time                         -0.878    
                         arrival time                           0.914    
  -------------------------------------------------------------------
                         slack                                  0.036    

Slack (MET) :             0.036ns  (arrival time - required time)
  Source:                 lm32_cpu/write_idx_w_reg[0]/C
                            (rising edge-triggered cell FDRE clocked by sys_clk  {rise@0.000ns fall@5.000ns period=10.000ns})
  Destination:            lm32_cpu/registers_reg_r2_0_31_30_31/RAMB/WADR0
                            (rising edge-triggered cell RAMD32 clocked by sys_clk  {rise@0.000ns fall@5.000ns period=10.000ns})
  Path Group:             sys_clk
  Path Type:              Hold (Min at Fast Process Corner)
  Requirement:            0.000ns  (sys_clk rise@0.000ns - sys_clk rise@0.000ns)
  Data Path Delay:        0.359ns  (logic 0.141ns (39.235%)  route 0.218ns (60.765%))
  Logic Levels:           0  
  Clock Path Skew:        0.013ns (DCD - SCD - CPR)
    Destination Clock Delay (DCD):    0.822ns
    Source Clock Delay      (SCD):    0.555ns
    Clock Pessimism Removal (CPR):    0.254ns

    Location             Delay type                Incr(ns)  Path(ns)    Netlist Resource(s)
  -------------------------------------------------------------------    -------------------
                         (clock sys_clk rise edge)    0.000     0.000 r  
    BUFGCTRL_X0Y0        BUFG                         0.000     0.000 r  BUFG/O
                         net (fo=1935, routed)        0.555     0.555    lm32_cpu/out
    SLICE_X39Y30         FDRE                                         r  lm32_cpu/write_idx_w_reg[0]/C
  -------------------------------------------------------------------    -------------------
    SLICE_X39Y30         FDRE (Prop_fdre_C_Q)         0.141     0.696 r  lm32_cpu/write_idx_w_reg[0]/Q
                         net (fo=98, routed)          0.218     0.914    lm32_cpu/registers_reg_r2_0_31_30_31/ADDRD0
    SLICE_X38Y30         RAMD32                                       r  lm32_cpu/registers_reg_r2_0_31_30_31/RAMB/WADR0
  -------------------------------------------------------------------    -------------------

                         (clock sys_clk rise edge)    0.000     0.000 r  
    BUFGCTRL_X0Y0        BUFG                         0.000     0.000 r  BUFG/O
                         net (fo=1935, routed)        0.822     0.822    lm32_cpu/registers_reg_r2_0_31_30_31/WCLK
    SLICE_X38Y30         RAMD32                                       r  lm32_cpu/registers_reg_r2_0_31_30_31/RAMB/CLK
                         clock pessimism             -0.254     0.568    
    SLICE_X38Y30         RAMD32 (Hold_ramd32_CLK_WADR0)
                                                      0.310     0.878    lm32_cpu/registers_reg_r2_0_31_30_31/RAMB
  -------------------------------------------------------------------
                         required time                         -0.878    
                         arrival time                           0.914    
  -------------------------------------------------------------------
                         slack                                  0.036    

Slack (MET) :             0.036ns  (arrival time - required time)
  Source:                 lm32_cpu/write_idx_w_reg[0]/C
                            (rising edge-triggered cell FDRE clocked by sys_clk  {rise@0.000ns fall@5.000ns period=10.000ns})
  Destination:            lm32_cpu/registers_reg_r2_0_31_30_31/RAMB_D1/WADR0
                            (rising edge-triggered cell RAMD32 clocked by sys_clk  {rise@0.000ns fall@5.000ns period=10.000ns})
  Path Group:             sys_clk
  Path Type:              Hold (Min at Fast Process Corner)
  Requirement:            0.000ns  (sys_clk rise@0.000ns - sys_clk rise@0.000ns)
  Data Path Delay:        0.359ns  (logic 0.141ns (39.235%)  route 0.218ns (60.765%))
  Logic Levels:           0  
  Clock Path Skew:        0.013ns (DCD - SCD - CPR)
    Destination Clock Delay (DCD):    0.822ns
    Source Clock Delay      (SCD):    0.555ns
    Clock Pessimism Removal (CPR):    0.254ns

    Location             Delay type                Incr(ns)  Path(ns)    Netlist Resource(s)
  -------------------------------------------------------------------    -------------------
                         (clock sys_clk rise edge)    0.000     0.000 r  
    BUFGCTRL_X0Y0        BUFG                         0.000     0.000 r  BUFG/O
                         net (fo=1935, routed)        0.555     0.555    lm32_cpu/out
    SLICE_X39Y30         FDRE                                         r  lm32_cpu/write_idx_w_reg[0]/C
  -------------------------------------------------------------------    -------------------
    SLICE_X39Y30         FDRE (Prop_fdre_C_Q)         0.141     0.696 r  lm32_cpu/write_idx_w_reg[0]/Q
                         net (fo=98, routed)          0.218     0.914    lm32_cpu/registers_reg_r2_0_31_30_31/ADDRD0
    SLICE_X38Y30         RAMD32                                       r  lm32_cpu/registers_reg_r2_0_31_30_31/RAMB_D1/WADR0
  -------------------------------------------------------------------    -------------------

                         (clock sys_clk rise edge)    0.000     0.000 r  
    BUFGCTRL_X0Y0        BUFG                         0.000     0.000 r  BUFG/O
                         net (fo=1935, routed)        0.822     0.822    lm32_cpu/registers_reg_r2_0_31_30_31/WCLK
    SLICE_X38Y30         RAMD32                                       r  lm32_cpu/registers_reg_r2_0_31_30_31/RAMB_D1/CLK
                         clock pessimism             -0.254     0.568    
    SLICE_X38Y30         RAMD32 (Hold_ramd32_CLK_WADR0)
                                                      0.310     0.878    lm32_cpu/registers_reg_r2_0_31_30_31/RAMB_D1
  -------------------------------------------------------------------
                         required time                         -0.878    
                         arrival time                           0.914    
  -------------------------------------------------------------------
                         slack                                  0.036    

Slack (MET) :             0.036ns  (arrival time - required time)
  Source:                 lm32_cpu/write_idx_w_reg[0]/C
                            (rising edge-triggered cell FDRE clocked by sys_clk  {rise@0.000ns fall@5.000ns period=10.000ns})
  Destination:            lm32_cpu/registers_reg_r2_0_31_30_31/RAMC/WADR0
                            (rising edge-triggered cell RAMD32 clocked by sys_clk  {rise@0.000ns fall@5.000ns period=10.000ns})
  Path Group:             sys_clk
  Path Type:              Hold (Min at Fast Process Corner)
  Requirement:            0.000ns  (sys_clk rise@0.000ns - sys_clk rise@0.000ns)
  Data Path Delay:        0.359ns  (logic 0.141ns (39.235%)  route 0.218ns (60.765%))
  Logic Levels:           0  
  Clock Path Skew:        0.013ns (DCD - SCD - CPR)
    Destination Clock Delay (DCD):    0.822ns
    Source Clock Delay      (SCD):    0.555ns
    Clock Pessimism Removal (CPR):    0.254ns

    Location             Delay type                Incr(ns)  Path(ns)    Netlist Resource(s)
  -------------------------------------------------------------------    -------------------
                         (clock sys_clk rise edge)    0.000     0.000 r  
    BUFGCTRL_X0Y0        BUFG                         0.000     0.000 r  BUFG/O
                         net (fo=1935, routed)        0.555     0.555    lm32_cpu/out
    SLICE_X39Y30         FDRE                                         r  lm32_cpu/write_idx_w_reg[0]/C
  -------------------------------------------------------------------    -------------------
    SLICE_X39Y30         FDRE (Prop_fdre_C_Q)         0.141     0.696 r  lm32_cpu/write_idx_w_reg[0]/Q
                         net (fo=98, routed)          0.218     0.914    lm32_cpu/registers_reg_r2_0_31_30_31/ADDRD0
    SLICE_X38Y30         RAMD32                                       r  lm32_cpu/registers_reg_r2_0_31_30_31/RAMC/WADR0
  -------------------------------------------------------------------    -------------------

                         (clock sys_clk rise edge)    0.000     0.000 r  
    BUFGCTRL_X0Y0        BUFG                         0.000     0.000 r  BUFG/O
                         net (fo=1935, routed)        0.822     0.822    lm32_cpu/registers_reg_r2_0_31_30_31/WCLK
    SLICE_X38Y30         RAMD32                                       r  lm32_cpu/registers_reg_r2_0_31_30_31/RAMC/CLK
                         clock pessimism             -0.254     0.568    
    SLICE_X38Y30         RAMD32 (Hold_ramd32_CLK_WADR0)
                                                      0.310     0.878    lm32_cpu/registers_reg_r2_0_31_30_31/RAMC
  -------------------------------------------------------------------
                         required time                         -0.878    
                         arrival time                           0.914    
  -------------------------------------------------------------------
                         slack                                  0.036    

Slack (MET) :             0.036ns  (arrival time - required time)
  Source:                 lm32_cpu/write_idx_w_reg[0]/C
                            (rising edge-triggered cell FDRE clocked by sys_clk  {rise@0.000ns fall@5.000ns period=10.000ns})
  Destination:            lm32_cpu/registers_reg_r2_0_31_30_31/RAMC_D1/WADR0
                            (rising edge-triggered cell RAMD32 clocked by sys_clk  {rise@0.000ns fall@5.000ns period=10.000ns})
  Path Group:             sys_clk
  Path Type:              Hold (Min at Fast Process Corner)
  Requirement:            0.000ns  (sys_clk rise@0.000ns - sys_clk rise@0.000ns)
  Data Path Delay:        0.359ns  (logic 0.141ns (39.235%)  route 0.218ns (60.765%))
  Logic Levels:           0  
  Clock Path Skew:        0.013ns (DCD - SCD - CPR)
    Destination Clock Delay (DCD):    0.822ns
    Source Clock Delay      (SCD):    0.555ns
    Clock Pessimism Removal (CPR):    0.254ns

    Location             Delay type                Incr(ns)  Path(ns)    Netlist Resource(s)
  -------------------------------------------------------------------    -------------------
                         (clock sys_clk rise edge)    0.000     0.000 r  
    BUFGCTRL_X0Y0        BUFG                         0.000     0.000 r  BUFG/O
                         net (fo=1935, routed)        0.555     0.555    lm32_cpu/out
    SLICE_X39Y30         FDRE                                         r  lm32_cpu/write_idx_w_reg[0]/C
  -------------------------------------------------------------------    -------------------
    SLICE_X39Y30         FDRE (Prop_fdre_C_Q)         0.141     0.696 r  lm32_cpu/write_idx_w_reg[0]/Q
                         net (fo=98, routed)          0.218     0.914    lm32_cpu/registers_reg_r2_0_31_30_31/ADDRD0
    SLICE_X38Y30         RAMD32                                       r  lm32_cpu/registers_reg_r2_0_31_30_31/RAMC_D1/WADR0
  -------------------------------------------------------------------    -------------------

                         (clock sys_clk rise edge)    0.000     0.000 r  
    BUFGCTRL_X0Y0        BUFG                         0.000     0.000 r  BUFG/O
                         net (fo=1935, routed)        0.822     0.822    lm32_cpu/registers_reg_r2_0_31_30_31/WCLK
    SLICE_X38Y30         RAMD32                                       r  lm32_cpu/registers_reg_r2_0_31_30_31/RAMC_D1/CLK
                         clock pessimism             -0.254     0.568    
    SLICE_X38Y30         RAMD32 (Hold_ramd32_CLK_WADR0)
                                                      0.310     0.878    lm32_cpu/registers_reg_r2_0_31_30_31/RAMC_D1
  -------------------------------------------------------------------
                         required time                         -0.878    
                         arrival time                           0.914    
  -------------------------------------------------------------------
                         slack                                  0.036    

Slack (MET) :             0.036ns  (arrival time - required time)
  Source:                 lm32_cpu/write_idx_w_reg[0]/C
                            (rising edge-triggered cell FDRE clocked by sys_clk  {rise@0.000ns fall@5.000ns period=10.000ns})
  Destination:            lm32_cpu/registers_reg_r2_0_31_30_31/RAMD/ADR0
                            (rising edge-triggered cell RAMS32 clocked by sys_clk  {rise@0.000ns fall@5.000ns period=10.000ns})
  Path Group:             sys_clk
  Path Type:              Hold (Min at Fast Process Corner)
  Requirement:            0.000ns  (sys_clk rise@0.000ns - sys_clk rise@0.000ns)
  Data Path Delay:        0.359ns  (logic 0.141ns (39.235%)  route 0.218ns (60.765%))
  Logic Levels:           0  
  Clock Path Skew:        0.013ns (DCD - SCD - CPR)
    Destination Clock Delay (DCD):    0.822ns
    Source Clock Delay      (SCD):    0.555ns
    Clock Pessimism Removal (CPR):    0.254ns

    Location             Delay type                Incr(ns)  Path(ns)    Netlist Resource(s)
  -------------------------------------------------------------------    -------------------
                         (clock sys_clk rise edge)    0.000     0.000 r  
    BUFGCTRL_X0Y0        BUFG                         0.000     0.000 r  BUFG/O
                         net (fo=1935, routed)        0.555     0.555    lm32_cpu/out
    SLICE_X39Y30         FDRE                                         r  lm32_cpu/write_idx_w_reg[0]/C
  -------------------------------------------------------------------    -------------------
    SLICE_X39Y30         FDRE (Prop_fdre_C_Q)         0.141     0.696 r  lm32_cpu/write_idx_w_reg[0]/Q
                         net (fo=98, routed)          0.218     0.914    lm32_cpu/registers_reg_r2_0_31_30_31/ADDRD0
    SLICE_X38Y30         RAMS32                                       r  lm32_cpu/registers_reg_r2_0_31_30_31/RAMD/ADR0
  -------------------------------------------------------------------    -------------------

                         (clock sys_clk rise edge)    0.000     0.000 r  
    BUFGCTRL_X0Y0        BUFG                         0.000     0.000 r  BUFG/O
                         net (fo=1935, routed)        0.822     0.822    lm32_cpu/registers_reg_r2_0_31_30_31/WCLK
    SLICE_X38Y30         RAMS32                                       r  lm32_cpu/registers_reg_r2_0_31_30_31/RAMD/CLK
                         clock pessimism             -0.254     0.568    
    SLICE_X38Y30         RAMS32 (Hold_rams32_CLK_ADR0)
                                                      0.310     0.878    lm32_cpu/registers_reg_r2_0_31_30_31/RAMD
  -------------------------------------------------------------------
                         required time                         -0.878    
                         arrival time                           0.914    
  -------------------------------------------------------------------
                         slack                                  0.036    

Slack (MET) :             0.036ns  (arrival time - required time)
  Source:                 lm32_cpu/write_idx_w_reg[0]/C
                            (rising edge-triggered cell FDRE clocked by sys_clk  {rise@0.000ns fall@5.000ns period=10.000ns})
  Destination:            lm32_cpu/registers_reg_r2_0_31_30_31/RAMD_D1/ADR0
                            (rising edge-triggered cell RAMS32 clocked by sys_clk  {rise@0.000ns fall@5.000ns period=10.000ns})
  Path Group:             sys_clk
  Path Type:              Hold (Min at Fast Process Corner)
  Requirement:            0.000ns  (sys_clk rise@0.000ns - sys_clk rise@0.000ns)
  Data Path Delay:        0.359ns  (logic 0.141ns (39.235%)  route 0.218ns (60.765%))
  Logic Levels:           0  
  Clock Path Skew:        0.013ns (DCD - SCD - CPR)
    Destination Clock Delay (DCD):    0.822ns
    Source Clock Delay      (SCD):    0.555ns
    Clock Pessimism Removal (CPR):    0.254ns

    Location             Delay type                Incr(ns)  Path(ns)    Netlist Resource(s)
  -------------------------------------------------------------------    -------------------
                         (clock sys_clk rise edge)    0.000     0.000 r  
    BUFGCTRL_X0Y0        BUFG                         0.000     0.000 r  BUFG/O
                         net (fo=1935, routed)        0.555     0.555    lm32_cpu/out
    SLICE_X39Y30         FDRE                                         r  lm32_cpu/write_idx_w_reg[0]/C
  -------------------------------------------------------------------    -------------------
    SLICE_X39Y30         FDRE (Prop_fdre_C_Q)         0.141     0.696 r  lm32_cpu/write_idx_w_reg[0]/Q
                         net (fo=98, routed)          0.218     0.914    lm32_cpu/registers_reg_r2_0_31_30_31/ADDRD0
    SLICE_X38Y30         RAMS32                                       r  lm32_cpu/registers_reg_r2_0_31_30_31/RAMD_D1/ADR0
  -------------------------------------------------------------------    -------------------

                         (clock sys_clk rise edge)    0.000     0.000 r  
    BUFGCTRL_X0Y0        BUFG                         0.000     0.000 r  BUFG/O
                         net (fo=1935, routed)        0.822     0.822    lm32_cpu/registers_reg_r2_0_31_30_31/WCLK
    SLICE_X38Y30         RAMS32                                       r  lm32_cpu/registers_reg_r2_0_31_30_31/RAMD_D1/CLK
                         clock pessimism             -0.254     0.568    
    SLICE_X38Y30         RAMS32 (Hold_rams32_CLK_ADR0)
                                                      0.310     0.878    lm32_cpu/registers_reg_r2_0_31_30_31/RAMD_D1
  -------------------------------------------------------------------
                         required time                         -0.878    
                         arrival time                           0.914    
  -------------------------------------------------------------------
                         slack                                  0.036    

Slack (MET) :             0.036ns  (arrival time - required time)
  Source:                 basesoc_uart_rx_fifo_produce_reg[0]/C
                            (rising edge-triggered cell FDRE clocked by sys_clk  {rise@0.000ns fall@5.000ns period=10.000ns})
  Destination:            storage_1_reg_0_15_0_5/RAMA/WADR0
                            (rising edge-triggered cell RAMD32 clocked by sys_clk  {rise@0.000ns fall@5.000ns period=10.000ns})
  Path Group:             sys_clk
  Path Type:              Hold (Min at Fast Process Corner)
  Requirement:            0.000ns  (sys_clk rise@0.000ns - sys_clk rise@0.000ns)
  Data Path Delay:        0.359ns  (logic 0.141ns (39.235%)  route 0.218ns (60.765%))
  Logic Levels:           0  
  Clock Path Skew:        0.013ns (DCD - SCD - CPR)
    Destination Clock Delay (DCD):    0.831ns
    Source Clock Delay      (SCD):    0.562ns
    Clock Pessimism Removal (CPR):    0.256ns

    Location             Delay type                Incr(ns)  Path(ns)    Netlist Resource(s)
  -------------------------------------------------------------------    -------------------
                         (clock sys_clk rise edge)    0.000     0.000 r  
    BUFGCTRL_X0Y0        BUFG                         0.000     0.000 r  BUFG/O
                         net (fo=1935, routed)        0.562     0.562    sys_clk
    SLICE_X35Y43         FDRE                                         r  basesoc_uart_rx_fifo_produce_reg[0]/C
  -------------------------------------------------------------------    -------------------
    SLICE_X35Y43         FDRE (Prop_fdre_C_Q)         0.141     0.703 r  basesoc_uart_rx_fifo_produce_reg[0]/Q
                         net (fo=20, routed)          0.218     0.921    storage_1_reg_0_15_0_5/ADDRD0
    SLICE_X34Y43         RAMD32                                       r  storage_1_reg_0_15_0_5/RAMA/WADR0
  -------------------------------------------------------------------    -------------------

                         (clock sys_clk rise edge)    0.000     0.000 r  
    BUFGCTRL_X0Y0        BUFG                         0.000     0.000 r  BUFG/O
                         net (fo=1935, routed)        0.831     0.831    storage_1_reg_0_15_0_5/WCLK
    SLICE_X34Y43         RAMD32                                       r  storage_1_reg_0_15_0_5/RAMA/CLK
                         clock pessimism             -0.256     0.575    
    SLICE_X34Y43         RAMD32 (Hold_ramd32_CLK_WADR0)
                                                      0.310     0.885    storage_1_reg_0_15_0_5/RAMA
  -------------------------------------------------------------------
                         required time                         -0.885    
                         arrival time                           0.921    
  -------------------------------------------------------------------
                         slack                                  0.036    

Slack (MET) :             0.036ns  (arrival time - required time)
  Source:                 basesoc_uart_rx_fifo_produce_reg[0]/C
                            (rising edge-triggered cell FDRE clocked by sys_clk  {rise@0.000ns fall@5.000ns period=10.000ns})
  Destination:            storage_1_reg_0_15_0_5/RAMA_D1/WADR0
                            (rising edge-triggered cell RAMD32 clocked by sys_clk  {rise@0.000ns fall@5.000ns period=10.000ns})
  Path Group:             sys_clk
  Path Type:              Hold (Min at Fast Process Corner)
  Requirement:            0.000ns  (sys_clk rise@0.000ns - sys_clk rise@0.000ns)
  Data Path Delay:        0.359ns  (logic 0.141ns (39.235%)  route 0.218ns (60.765%))
  Logic Levels:           0  
  Clock Path Skew:        0.013ns (DCD - SCD - CPR)
    Destination Clock Delay (DCD):    0.831ns
    Source Clock Delay      (SCD):    0.562ns
    Clock Pessimism Removal (CPR):    0.256ns

    Location             Delay type                Incr(ns)  Path(ns)    Netlist Resource(s)
  -------------------------------------------------------------------    -------------------
                         (clock sys_clk rise edge)    0.000     0.000 r  
    BUFGCTRL_X0Y0        BUFG                         0.000     0.000 r  BUFG/O
                         net (fo=1935, routed)        0.562     0.562    sys_clk
    SLICE_X35Y43         FDRE                                         r  basesoc_uart_rx_fifo_produce_reg[0]/C
  -------------------------------------------------------------------    -------------------
    SLICE_X35Y43         FDRE (Prop_fdre_C_Q)         0.141     0.703 r  basesoc_uart_rx_fifo_produce_reg[0]/Q
                         net (fo=20, routed)          0.218     0.921    storage_1_reg_0_15_0_5/ADDRD0
    SLICE_X34Y43         RAMD32                                       r  storage_1_reg_0_15_0_5/RAMA_D1/WADR0
  -------------------------------------------------------------------    -------------------

                         (clock sys_clk rise edge)    0.000     0.000 r  
    BUFGCTRL_X0Y0        BUFG                         0.000     0.000 r  BUFG/O
                         net (fo=1935, routed)        0.831     0.831    storage_1_reg_0_15_0_5/WCLK
    SLICE_X34Y43         RAMD32                                       r  storage_1_reg_0_15_0_5/RAMA_D1/CLK
                         clock pessimism             -0.256     0.575    
    SLICE_X34Y43         RAMD32 (Hold_ramd32_CLK_WADR0)
                                                      0.310     0.885    storage_1_reg_0_15_0_5/RAMA_D1
  -------------------------------------------------------------------
                         required time                         -0.885    
                         arrival time                           0.921    
  -------------------------------------------------------------------
                         slack                                  0.036    





Pulse Width Checks
--------------------------------------------------------------------------------------
Clock Name:         sys_clk
Waveform(ns):       { 0.000 5.000 }
Period(ns):         10.000
Sources:            { BUFG/O }

Check Type        Corner  Lib Pin             Reference Pin  Required(ns)  Actual(ns)  Slack(ns)  Location      Pin
Min Period        n/a     XADC/DCLK           n/a            4.000         10.000      6.000      XADC_X0Y0     XADC/DCLK
Min Period        n/a     DSP48E1/CLK         n/a            3.884         10.000      6.116      DSP48_X0Y12   lm32_cpu/multiplier/product_reg__0/CLK
Min Period        n/a     DSP48E1/CLK         n/a            3.884         10.000      6.116      DSP48_X0Y10   lm32_cpu/multiplier/product0/CLK
Min Period        n/a     RAMB36E1/CLKARDCLK  n/a            2.576         10.000      7.424      RAMB36_X2Y2   mem_1_reg_3_0/CLKARDCLK
Min Period        n/a     RAMB36E1/CLKARDCLK  n/a            2.576         10.000      7.424      RAMB36_X1Y4   lm32_cpu/load_store_unit/dcache/memories[0].data_memories.way_0_data_ram/mem_reg/CLKARDCLK
Min Period        n/a     RAMB36E1/CLKARDCLK  n/a            2.576         10.000      7.424      RAMB36_X2Y4   mem_1_reg_3_1/CLKARDCLK
Min Period        n/a     RAMB36E1/CLKBWRCLK  n/a            2.576         10.000      7.424      RAMB36_X1Y4   lm32_cpu/load_store_unit/dcache/memories[0].data_memories.way_0_data_ram/mem_reg/CLKBWRCLK
Min Period        n/a     RAMB36E1/CLKARDCLK  n/a            2.576         10.000      7.424      RAMB36_X1Y5   memadr_reg_0/CLKARDCLK
Min Period        n/a     RAMB36E1/CLKARDCLK  n/a            2.576         10.000      7.424      RAMB36_X0Y5   memadr_reg_1/CLKARDCLK
Min Period        n/a     RAMB18E1/CLKARDCLK  n/a            2.576         10.000      7.424      RAMB18_X1Y6   lm32_cpu/load_store_unit/dcache/memories[0].way_0_tag_ram/mem_reg/CLKARDCLK
Low Pulse Width   Slow    RAMD32/CLK          n/a            1.250         5.000       3.750      SLICE_X34Y26  lm32_cpu/registers_reg_r1_0_31_0_5/RAMA/CLK
Low Pulse Width   Slow    RAMD32/CLK          n/a            1.250         5.000       3.750      SLICE_X34Y26  lm32_cpu/registers_reg_r1_0_31_0_5/RAMA_D1/CLK
Low Pulse Width   Slow    RAMD32/CLK          n/a            1.250         5.000       3.750      SLICE_X34Y26  lm32_cpu/registers_reg_r1_0_31_0_5/RAMB/CLK
Low Pulse Width   Slow    RAMD32/CLK          n/a            1.250         5.000       3.750      SLICE_X34Y26  lm32_cpu/registers_reg_r1_0_31_0_5/RAMB_D1/CLK
Low Pulse Width   Slow    RAMD32/CLK          n/a            1.250         5.000       3.750      SLICE_X34Y26  lm32_cpu/registers_reg_r1_0_31_0_5/RAMC/CLK
Low Pulse Width   Slow    RAMD32/CLK          n/a            1.250         5.000       3.750      SLICE_X34Y26  lm32_cpu/registers_reg_r1_0_31_0_5/RAMC_D1/CLK
Low Pulse Width   Slow    RAMS32/CLK          n/a            1.250         5.000       3.750      SLICE_X34Y26  lm32_cpu/registers_reg_r1_0_31_0_5/RAMD/CLK
Low Pulse Width   Slow    RAMS32/CLK          n/a            1.250         5.000       3.750      SLICE_X34Y26  lm32_cpu/registers_reg_r1_0_31_0_5/RAMD_D1/CLK
Low Pulse Width   Slow    RAMD32/CLK          n/a            1.250         5.000       3.750      SLICE_X34Y27  lm32_cpu/registers_reg_r1_0_31_12_17/RAMA/CLK
Low Pulse Width   Fast    RAMD32/CLK          n/a            1.250         5.000       3.750      SLICE_X34Y27  lm32_cpu/registers_reg_r1_0_31_12_17/RAMA/CLK
High Pulse Width  Fast    RAMD32/CLK          n/a            1.250         5.000       3.750      SLICE_X34Y28  lm32_cpu/registers_reg_r1_0_31_18_23/RAMA/CLK
High Pulse Width  Fast    RAMD32/CLK          n/a            1.250         5.000       3.750      SLICE_X34Y28  lm32_cpu/registers_reg_r1_0_31_18_23/RAMA_D1/CLK
High Pulse Width  Fast    RAMD32/CLK          n/a            1.250         5.000       3.750      SLICE_X34Y28  lm32_cpu/registers_reg_r1_0_31_18_23/RAMB/CLK
High Pulse Width  Fast    RAMD32/CLK          n/a            1.250         5.000       3.750      SLICE_X34Y28  lm32_cpu/registers_reg_r1_0_31_18_23/RAMB_D1/CLK
High Pulse Width  Fast    RAMD32/CLK          n/a            1.250         5.000       3.750      SLICE_X34Y28  lm32_cpu/registers_reg_r1_0_31_18_23/RAMC/CLK
High Pulse Width  Fast    RAMD32/CLK          n/a            1.250         5.000       3.750      SLICE_X34Y28  lm32_cpu/registers_reg_r1_0_31_18_23/RAMC_D1/CLK
High Pulse Width  Fast    RAMS32/CLK          n/a            1.250         5.000       3.750      SLICE_X34Y28  lm32_cpu/registers_reg_r1_0_31_18_23/RAMD/CLK
High Pulse Width  Fast    RAMS32/CLK          n/a            1.250         5.000       3.750      SLICE_X34Y28  lm32_cpu/registers_reg_r1_0_31_18_23/RAMD_D1/CLK
High Pulse Width  Slow    RAMD32/CLK          n/a            1.250         5.000       3.750      SLICE_X34Y25  lm32_cpu/registers_reg_r1_0_31_6_11/RAMA/CLK
High Pulse Width  Slow    RAMD32/CLK          n/a            1.250         5.000       3.750      SLICE_X34Y25  lm32_cpu/registers_reg_r1_0_31_6_11/RAMA_D1/CLK



---------------------------------------------------------------------------------------------------
From Clock:  
  To Clock:  sys_clk

Setup :            0  Failing Endpoints,  Worst Slack        2.538ns,  Total Violation        0.000ns
Hold  :           NA  Failing Endpoints,  Worst Slack           NA  ,  Total Violation           NA
---------------------------------------------------------------------------------------------------


Max Delay Paths
--------------------------------------------------------------------------------------
Slack (MET) :             2.538ns  (required time - arrival time)
  Source:                 FDPE/Q
                            (internal pin)
  Destination:            FDPE_1/D
                            (rising edge-triggered cell FDPE clocked by sys_clk  {rise@0.000ns fall@5.000ns period=10.000ns})
  Path Group:             sys_clk
  Path Type:              Setup (Max at Fast Process Corner)
  Requirement:            2.000ns  (MaxDelay Path 2.000ns)
  Data Path Delay:        0.075ns  (logic 0.000ns (0.000%)  route 0.075ns (100.000%))
  Logic Levels:           0  
  Clock Path Skew:        0.643ns (DCD - SCD + CPR)
    Destination Clock Delay (DCD):    0.643ns
    Source Clock Delay      (SCD):    0.000ns
    Clock Pessimism Removal (CPR):    0.000ns
  Clock Uncertainty:      0.025ns  ((TSJ^2 + TIJ^2)^1/2 + DJ) / 2 + PE
    Total System Jitter     (TSJ):    0.050ns
    Total Input Jitter      (TIJ):    0.000ns
    Discrete Jitter          (DJ):    0.000ns
    Phase Error              (PE):    0.000ns
  Timing Exception:       MaxDelay Path 2.000ns

    Location             Delay type                Incr(ns)  Path(ns)    Netlist Resource(s)
  -------------------------------------------------------------------    -------------------
    SLICE_X26Y109        FDPE                         0.000     0.000 r  FDPE/Q
                         net (fo=1, routed)           0.075     0.075    rst_meta
    SLICE_X26Y109        FDPE                                         r  FDPE_1/D
  -------------------------------------------------------------------    -------------------

                         max delay                    2.000     2.000    
    BUFGCTRL_X0Y0        BUFG                         0.000     2.000 r  BUFG/O
                         net (fo=1935, routed)        0.643     2.643    sys_clk
    SLICE_X26Y109        FDPE                                         r  FDPE_1/C
                         clock pessimism              0.000     2.643    
                         clock uncertainty           -0.025     2.618    
    SLICE_X26Y109        FDPE (Setup_fdpe_C_D)       -0.005     2.613    FDPE_1
  -------------------------------------------------------------------
                         required time                          2.613    
                         arrival time                          -0.075    
  -------------------------------------------------------------------
                         slack                                  2.538    





------------------------------------------------------------------------------------------------
| Data sheet
| ----------
------------------------------------------------------------------------------------------------

Input Ports Setup/Hold

----------+------------------+---------+-------+---------------+---------+---------------+---------+----------+
Reference | Input            | IO Reg  | Delay |     Setup(ns) | Process |      Hold(ns) | Process | Internal |
Clock     | Port             | Type    | Type  | to Clk (Edge) | Corner  | to Clk (Edge) | Corner  | Clock    |
----------+------------------+---------+-------+---------------+---------+---------------+---------+----------+
sys_clk   | serial_rx        | FDRE    | -     |     2.068 (r) | SLOW    |    -0.233 (r) | FAST    |          |
sys_clk   | spiflash_1x_miso | FDRE    | -     |     2.947 (r) | SLOW    |    -0.259 (r) | FAST    |          |
sys_clk   | user_btn0        | FDPE    | -     |     2.041 (r) | SLOW    |    -0.171 (r) | FAST    |          |
----------+------------------+---------+-------+---------------+---------+---------------+---------+----------+


Output Ports Clock-to-out

----------+------------------+--------+-------+----------------+---------+----------------+---------+----------+
Reference | Output           | IO Reg | Delay | Max Clk (Edge) | Process | Min Clk (Edge) | Process | Internal |
Clock     | Port             | Type   | Type  |    to port(ns) | Corner  |    to port(ns) | Corner  | Clock    |
----------+------------------+--------+-------+----------------+---------+----------------+---------+----------+
sys_clk   | serial_tx        | FDSE   | -     |      8.571 (r) | SLOW    |      2.892 (r) | FAST    |          |
sys_clk   | spiflash_1x_cs_n | FDRE   | -     |      9.507 (r) | SLOW    |      2.958 (r) | FAST    |          |
sys_clk   | spiflash_1x_mosi | FDRE   | -     |      9.959 (r) | SLOW    |      3.097 (r) | FAST    |          |
----------+------------------+--------+-------+----------------+---------+----------------+---------+----------+


Setup between Clocks

--------+-------------+---------------+---------+---------------+---------+---------------+---------+---------------+---------+
Source  | Destination |  Src:Rise     | Process |  Src:Rise     | Process |  Src:Fall     | Process |  Src:Fall     | Process |
Clock   | Clock       | Dest:Rise(ns) | Corner  | Dest:Fall(ns) | Corner  | Dest:Rise(ns) | Corner  | Dest:Fall(ns) | Corner  |
--------+-------------+---------------+---------+---------------+---------+---------------+---------+---------------+---------+
sys_clk | sys_clk     |         8.845 | SLOW    |               |         |               |         |               |         |
--------+-------------+---------------+---------+---------------+---------+---------------+---------+---------------+---------+



