Copyright 1986-2017 Xilinx, Inc. All Rights Reserved.
---------------------------------------------------------------------------------------------------
| Tool Version : Vivado v.2017.3 (lin64) Build 2018833 Wed Oct  4 19:58:07 MDT 2017
| Date         : Tue Jul  9 05:31:05 2019
| Host         : travis-job-157b1ca0-f161-4add-9900-9e476fdf18c2 running 64-bit Ubuntu 14.04.5 LTS
| Command      : report_utilization -hierarchical -file top_utilization_hierarchical_synth.rpt
| Design       : top
| Device       : 7a35tcsg324-1
| Design State : Synthesized
---------------------------------------------------------------------------------------------------

Utilization Design Information

Table of Contents
-----------------
1. Utilization by Hierarchy

1. Utilization by Hierarchy
---------------------------

+----------------------------+------------------+------------+------------+---------+------+------+--------+--------+--------------+
|          Instance          |      Module      | Total LUTs | Logic LUTs | LUTRAMs | SRLs |  FFs | RAMB36 | RAMB18 | DSP48 Blocks |
+----------------------------+------------------+------------+------------+---------+------+------+--------+--------+--------------+
| top                        |            (top) |       4634 |       4448 |     184 |    2 | 3906 |     18 |     31 |            0 |
|   (top)                    |            (top) |       2717 |       2531 |     184 |    2 | 2910 |     18 |     27 |            0 |
|   VexRiscv                 |         VexRiscv |       1917 |       1917 |       0 |    0 |  996 |      0 |      4 |            0 |
|     (VexRiscv)             |         VexRiscv |       1192 |       1192 |       0 |    0 |  900 |      0 |      2 |            0 |
|     IBusCachedPlugin_cache | InstructionCache |        725 |        725 |       0 |    0 |   96 |      0 |      2 |            0 |
+----------------------------+------------------+------------+------------+---------+------+------+--------+--------+--------------+


