Copyright 1986-2017 Xilinx, Inc. All Rights Reserved.
---------------------------------------------------------------------------------------------------
| Tool Version : Vivado v.2017.3 (lin64) Build 2018833 Wed Oct  4 19:58:07 MDT 2017
| Date         : Mon Jul  8 18:38:26 2019
| Host         : travis-job-44903f12-ad47-43cd-a923-f7c95b678dcd running 64-bit Ubuntu 14.04.5 LTS
| Command      : report_timing_summary -datasheet -max_paths 10 -file top_timing.rpt
| Design       : top
| Device       : 7a35t-cpg236
| Speed File   : -1  PRODUCTION 1.19 2017-08-11
---------------------------------------------------------------------------------------------------

Timing Summary Report

------------------------------------------------------------------------------------------------
| Timer Settings
| --------------
------------------------------------------------------------------------------------------------

  Enable Multi Corner Analysis               :  Yes
  Enable Pessimism Removal                   :  Yes
  Pessimism Removal Resolution               :  Nearest Common Node
  Enable Input Delay Default Clock           :  No
  Enable Preset / Clear Arcs                 :  No
  Disable Flight Delays                      :  No
  Ignore I/O Paths                           :  No
  Timing Early Launch at Borrowing Latches   :  false

  Corner  Analyze    Analyze    
  Name    Max Paths  Min Paths  
  ------  ---------  ---------  
  Slow    Yes        Yes        
  Fast    Yes        Yes        



check_timing report

Table of Contents
-----------------
1. checking no_clock
2. checking constant_clock
3. checking pulse_width_clock
4. checking unconstrained_internal_endpoints
5. checking no_input_delay
6. checking no_output_delay
7. checking multiple_clock
8. checking generated_clocks
9. checking loops
10. checking partial_input_delay
11. checking partial_output_delay
12. checking latch_loops

1. checking no_clock
--------------------
 There is 1 register/latch pin with no clock driven by root clock pin: dna_cnt_reg[0]/Q (HIGH)


2. checking constant_clock
--------------------------
 There are 0 register/latch pins with constant_clock.


3. checking pulse_width_clock
-----------------------------
 There are 0 register/latch pins which need pulse_width check


4. checking unconstrained_internal_endpoints
--------------------------------------------
 There are 2 pins that are not constrained for maximum delay. (HIGH)

 There are 0 pins that are not constrained for maximum delay due to constant clock.


5. checking no_input_delay
--------------------------
 There are 3 input ports with no input delay specified. (HIGH)

 There are 0 input ports with no input delay but user has a false path constraint.


6. checking no_output_delay
---------------------------
 There are 3 ports with no output delay specified. (HIGH)

 There are 0 ports with no output delay but user has a false path constraint

 There are 0 ports with no output delay but with a timing clock defined on it or propagating through it


7. checking multiple_clock
--------------------------
 There are 0 register/latch pins with multiple clocks.


8. checking generated_clocks
----------------------------
 There are 0 generated clocks that are not connected to a clock source.


9. checking loops
-----------------
 There are 0 combinational loops in the design.


10. checking partial_input_delay
--------------------------------
 There are 0 input ports with partial input delay specified.


11. checking partial_output_delay
---------------------------------
 There are 0 ports with partial output delay specified.


12. checking latch_loops
------------------------
 There are 0 combinational latch loops in the design through latch input



------------------------------------------------------------------------------------------------
| Design Timing Summary
| ---------------------
------------------------------------------------------------------------------------------------

    WNS(ns)      TNS(ns)  TNS Failing Endpoints  TNS Total Endpoints      WHS(ns)      THS(ns)  THS Failing Endpoints  THS Total Endpoints     WPWS(ns)     TPWS(ns)  TPWS Failing Endpoints  TPWS Total Endpoints  
    -------      -------  ---------------------  -------------------      -------      -------  ---------------------  -------------------     --------     --------  ----------------------  --------------------  
      0.433        0.000                      0                 6222        0.017        0.000                      0                 6221        3.750        0.000                       0                  1956  


All user specified timing constraints are met.


------------------------------------------------------------------------------------------------
| Clock Summary
| -------------
------------------------------------------------------------------------------------------------

Clock    Waveform(ns)       Period(ns)      Frequency(MHz)
-----    ------------       ----------      --------------
clk12    {0.000 41.666}     83.333          12.000          
sys_clk  {0.000 5.000}      10.000          100.000         


------------------------------------------------------------------------------------------------
| Intra Clock Table
| -----------------
------------------------------------------------------------------------------------------------

Clock             WNS(ns)      TNS(ns)  TNS Failing Endpoints  TNS Total Endpoints      WHS(ns)      THS(ns)  THS Failing Endpoints  THS Total Endpoints     WPWS(ns)     TPWS(ns)  TPWS Failing Endpoints  TPWS Total Endpoints  
-----             -------      -------  ---------------------  -------------------      -------      -------  ---------------------  -------------------     --------     --------  ----------------------  --------------------  
clk12                                                                                                                                                          81.178        0.000                       0                     1  
sys_clk             0.433        0.000                      0                 6221        0.017        0.000                      0                 6221        3.750        0.000                       0                  1955  


------------------------------------------------------------------------------------------------
| Inter Clock Table
| -----------------
------------------------------------------------------------------------------------------------

From Clock    To Clock          WNS(ns)      TNS(ns)  TNS Failing Endpoints  TNS Total Endpoints      WHS(ns)      THS(ns)  THS Failing Endpoints  THS Total Endpoints  
----------    --------          -------      -------  ---------------------  -------------------      -------      -------  ---------------------  -------------------  
              sys_clk             2.569        0.000                      0                    1                                                                        


------------------------------------------------------------------------------------------------
| Other Path Groups Table
| -----------------------
------------------------------------------------------------------------------------------------

Path Group    From Clock    To Clock          WNS(ns)      TNS(ns)  TNS Failing Endpoints  TNS Total Endpoints      WHS(ns)      THS(ns)  THS Failing Endpoints  THS Total Endpoints  
----------    ----------    --------          -------      -------  ---------------------  -------------------      -------      -------  ---------------------  -------------------  


------------------------------------------------------------------------------------------------
| Timing Details
| --------------
------------------------------------------------------------------------------------------------


---------------------------------------------------------------------------------------------------
From Clock:  clk12
  To Clock:  clk12

Setup :           NA  Failing Endpoints,  Worst Slack           NA  ,  Total Violation           NA
Hold  :           NA  Failing Endpoints,  Worst Slack           NA  ,  Total Violation           NA
PW    :            0  Failing Endpoints,  Worst Slack       81.178ns,  Total Violation        0.000ns
---------------------------------------------------------------------------------------------------


Pulse Width Checks
--------------------------------------------------------------------------------------
Clock Name:         clk12
Waveform(ns):       { 0.000 41.667 }
Period(ns):         83.333
Sources:            { clk12 }

Check Type  Corner  Lib Pin  Reference Pin  Required(ns)  Actual(ns)  Slack(ns)  Location       Pin
Min Period  n/a     BUFG/I   n/a            2.155         83.333      81.178     BUFGCTRL_X0Y0  BUFG/I



---------------------------------------------------------------------------------------------------
From Clock:  sys_clk
  To Clock:  sys_clk

Setup :            0  Failing Endpoints,  Worst Slack        0.433ns,  Total Violation        0.000ns
Hold  :            0  Failing Endpoints,  Worst Slack        0.017ns,  Total Violation        0.000ns
PW    :            0  Failing Endpoints,  Worst Slack        3.750ns,  Total Violation        0.000ns
---------------------------------------------------------------------------------------------------


Max Delay Paths
--------------------------------------------------------------------------------------
Slack (MET) :             0.433ns  (required time - arrival time)
  Source:                 FDPE_1/C
                            (rising edge-triggered cell FDPE clocked by sys_clk  {rise@0.000ns fall@5.000ns period=10.000ns})
  Destination:            spiflash_sr_reg[17]/R
                            (rising edge-triggered cell FDRE clocked by sys_clk  {rise@0.000ns fall@5.000ns period=10.000ns})
  Path Group:             sys_clk
  Path Type:              Setup (Max at Slow Process Corner)
  Requirement:            10.000ns  (sys_clk rise@10.000ns - sys_clk rise@0.000ns)
  Data Path Delay:        8.457ns  (logic 0.419ns (4.955%)  route 8.038ns (95.045%))
  Logic Levels:           0  
  Clock Path Skew:        -0.376ns (DCD - SCD + CPR)
    Destination Clock Delay (DCD):    1.432ns = ( 11.432 - 10.000 ) 
    Source Clock Delay      (SCD):    1.808ns
    Clock Pessimism Removal (CPR):    0.000ns
  Clock Uncertainty:      0.035ns  ((TSJ^2 + TIJ^2)^1/2 + DJ) / 2 + PE
    Total System Jitter     (TSJ):    0.071ns
    Total Input Jitter      (TIJ):    0.000ns
    Discrete Jitter          (DJ):    0.000ns
    Phase Error              (PE):    0.000ns

    Location             Delay type                Incr(ns)  Path(ns)    Netlist Resource(s)
  -------------------------------------------------------------------    -------------------
                         (clock sys_clk rise edge)    0.000     0.000 r  
    BUFGCTRL_X0Y0        BUFG                         0.000     0.000 r  BUFG/O
                         net (fo=1956, routed)        1.808     1.808    sys_clk
    SLICE_X0Y107         FDPE                                         r  FDPE_1/C
  -------------------------------------------------------------------    -------------------
    SLICE_X0Y107         FDPE (Prop_fdpe_C_Q)         0.419     2.227 r  FDPE_1/Q
                         net (fo=509, routed)         8.038    10.265    sys_rst
    SLICE_X42Y23         FDRE                                         r  spiflash_sr_reg[17]/R
  -------------------------------------------------------------------    -------------------

                         (clock sys_clk rise edge)   10.000    10.000 r  
    BUFGCTRL_X0Y0        BUFG                         0.000    10.000 r  BUFG/O
                         net (fo=1956, routed)        1.432    11.432    sys_clk
    SLICE_X42Y23         FDRE                                         r  spiflash_sr_reg[17]/C
                         clock pessimism              0.000    11.432    
                         clock uncertainty           -0.035    11.397    
    SLICE_X42Y23         FDRE (Setup_fdre_C_R)       -0.699    10.698    spiflash_sr_reg[17]
  -------------------------------------------------------------------
                         required time                         10.698    
                         arrival time                         -10.265    
  -------------------------------------------------------------------
                         slack                                  0.433    

Slack (MET) :             0.528ns  (required time - arrival time)
  Source:                 FDPE_1/C
                            (rising edge-triggered cell FDPE clocked by sys_clk  {rise@0.000ns fall@5.000ns period=10.000ns})
  Destination:            spiflash_sr_reg[18]/R
                            (rising edge-triggered cell FDRE clocked by sys_clk  {rise@0.000ns fall@5.000ns period=10.000ns})
  Path Group:             sys_clk
  Path Type:              Setup (Max at Slow Process Corner)
  Requirement:            10.000ns  (sys_clk rise@10.000ns - sys_clk rise@0.000ns)
  Data Path Delay:        8.457ns  (logic 0.419ns (4.955%)  route 8.038ns (95.045%))
  Logic Levels:           0  
  Clock Path Skew:        -0.376ns (DCD - SCD + CPR)
    Destination Clock Delay (DCD):    1.432ns = ( 11.432 - 10.000 ) 
    Source Clock Delay      (SCD):    1.808ns
    Clock Pessimism Removal (CPR):    0.000ns
  Clock Uncertainty:      0.035ns  ((TSJ^2 + TIJ^2)^1/2 + DJ) / 2 + PE
    Total System Jitter     (TSJ):    0.071ns
    Total Input Jitter      (TIJ):    0.000ns
    Discrete Jitter          (DJ):    0.000ns
    Phase Error              (PE):    0.000ns

    Location             Delay type                Incr(ns)  Path(ns)    Netlist Resource(s)
  -------------------------------------------------------------------    -------------------
                         (clock sys_clk rise edge)    0.000     0.000 r  
    BUFGCTRL_X0Y0        BUFG                         0.000     0.000 r  BUFG/O
                         net (fo=1956, routed)        1.808     1.808    sys_clk
    SLICE_X0Y107         FDPE                                         r  FDPE_1/C
  -------------------------------------------------------------------    -------------------
    SLICE_X0Y107         FDPE (Prop_fdpe_C_Q)         0.419     2.227 r  FDPE_1/Q
                         net (fo=509, routed)         8.038    10.265    sys_rst
    SLICE_X43Y23         FDRE                                         r  spiflash_sr_reg[18]/R
  -------------------------------------------------------------------    -------------------

                         (clock sys_clk rise edge)   10.000    10.000 r  
    BUFGCTRL_X0Y0        BUFG                         0.000    10.000 r  BUFG/O
                         net (fo=1956, routed)        1.432    11.432    sys_clk
    SLICE_X43Y23         FDRE                                         r  spiflash_sr_reg[18]/C
                         clock pessimism              0.000    11.432    
                         clock uncertainty           -0.035    11.397    
    SLICE_X43Y23         FDRE (Setup_fdre_C_R)       -0.604    10.793    spiflash_sr_reg[18]
  -------------------------------------------------------------------
                         required time                         10.793    
                         arrival time                         -10.265    
  -------------------------------------------------------------------
                         slack                                  0.528    

Slack (MET) :             0.528ns  (required time - arrival time)
  Source:                 FDPE_1/C
                            (rising edge-triggered cell FDPE clocked by sys_clk  {rise@0.000ns fall@5.000ns period=10.000ns})
  Destination:            spiflash_sr_reg[19]/R
                            (rising edge-triggered cell FDRE clocked by sys_clk  {rise@0.000ns fall@5.000ns period=10.000ns})
  Path Group:             sys_clk
  Path Type:              Setup (Max at Slow Process Corner)
  Requirement:            10.000ns  (sys_clk rise@10.000ns - sys_clk rise@0.000ns)
  Data Path Delay:        8.457ns  (logic 0.419ns (4.955%)  route 8.038ns (95.045%))
  Logic Levels:           0  
  Clock Path Skew:        -0.376ns (DCD - SCD + CPR)
    Destination Clock Delay (DCD):    1.432ns = ( 11.432 - 10.000 ) 
    Source Clock Delay      (SCD):    1.808ns
    Clock Pessimism Removal (CPR):    0.000ns
  Clock Uncertainty:      0.035ns  ((TSJ^2 + TIJ^2)^1/2 + DJ) / 2 + PE
    Total System Jitter     (TSJ):    0.071ns
    Total Input Jitter      (TIJ):    0.000ns
    Discrete Jitter          (DJ):    0.000ns
    Phase Error              (PE):    0.000ns

    Location             Delay type                Incr(ns)  Path(ns)    Netlist Resource(s)
  -------------------------------------------------------------------    -------------------
                         (clock sys_clk rise edge)    0.000     0.000 r  
    BUFGCTRL_X0Y0        BUFG                         0.000     0.000 r  BUFG/O
                         net (fo=1956, routed)        1.808     1.808    sys_clk
    SLICE_X0Y107         FDPE                                         r  FDPE_1/C
  -------------------------------------------------------------------    -------------------
    SLICE_X0Y107         FDPE (Prop_fdpe_C_Q)         0.419     2.227 r  FDPE_1/Q
                         net (fo=509, routed)         8.038    10.265    sys_rst
    SLICE_X43Y23         FDRE                                         r  spiflash_sr_reg[19]/R
  -------------------------------------------------------------------    -------------------

                         (clock sys_clk rise edge)   10.000    10.000 r  
    BUFGCTRL_X0Y0        BUFG                         0.000    10.000 r  BUFG/O
                         net (fo=1956, routed)        1.432    11.432    sys_clk
    SLICE_X43Y23         FDRE                                         r  spiflash_sr_reg[19]/C
                         clock pessimism              0.000    11.432    
                         clock uncertainty           -0.035    11.397    
    SLICE_X43Y23         FDRE (Setup_fdre_C_R)       -0.604    10.793    spiflash_sr_reg[19]
  -------------------------------------------------------------------
                         required time                         10.793    
                         arrival time                         -10.265    
  -------------------------------------------------------------------
                         slack                                  0.528    

Slack (MET) :             0.652ns  (required time - arrival time)
  Source:                 FDPE_1/C
                            (rising edge-triggered cell FDPE clocked by sys_clk  {rise@0.000ns fall@5.000ns period=10.000ns})
  Destination:            spiflash_sr_reg[23]/R
                            (rising edge-triggered cell FDRE clocked by sys_clk  {rise@0.000ns fall@5.000ns period=10.000ns})
  Path Group:             sys_clk
  Path Type:              Setup (Max at Slow Process Corner)
  Requirement:            10.000ns  (sys_clk rise@10.000ns - sys_clk rise@0.000ns)
  Data Path Delay:        8.331ns  (logic 0.419ns (5.030%)  route 7.912ns (94.970%))
  Logic Levels:           0  
  Clock Path Skew:        -0.378ns (DCD - SCD + CPR)
    Destination Clock Delay (DCD):    1.430ns = ( 11.430 - 10.000 ) 
    Source Clock Delay      (SCD):    1.808ns
    Clock Pessimism Removal (CPR):    0.000ns
  Clock Uncertainty:      0.035ns  ((TSJ^2 + TIJ^2)^1/2 + DJ) / 2 + PE
    Total System Jitter     (TSJ):    0.071ns
    Total Input Jitter      (TIJ):    0.000ns
    Discrete Jitter          (DJ):    0.000ns
    Phase Error              (PE):    0.000ns

    Location             Delay type                Incr(ns)  Path(ns)    Netlist Resource(s)
  -------------------------------------------------------------------    -------------------
                         (clock sys_clk rise edge)    0.000     0.000 r  
    BUFGCTRL_X0Y0        BUFG                         0.000     0.000 r  BUFG/O
                         net (fo=1956, routed)        1.808     1.808    sys_clk
    SLICE_X0Y107         FDPE                                         r  FDPE_1/C
  -------------------------------------------------------------------    -------------------
    SLICE_X0Y107         FDPE (Prop_fdpe_C_Q)         0.419     2.227 r  FDPE_1/Q
                         net (fo=509, routed)         7.912    10.139    sys_rst
    SLICE_X40Y24         FDRE                                         r  spiflash_sr_reg[23]/R
  -------------------------------------------------------------------    -------------------

                         (clock sys_clk rise edge)   10.000    10.000 r  
    BUFGCTRL_X0Y0        BUFG                         0.000    10.000 r  BUFG/O
                         net (fo=1956, routed)        1.430    11.430    sys_clk
    SLICE_X40Y24         FDRE                                         r  spiflash_sr_reg[23]/C
                         clock pessimism              0.000    11.430    
                         clock uncertainty           -0.035    11.395    
    SLICE_X40Y24         FDRE (Setup_fdre_C_R)       -0.604    10.791    spiflash_sr_reg[23]
  -------------------------------------------------------------------
                         required time                         10.791    
                         arrival time                         -10.139    
  -------------------------------------------------------------------
                         slack                                  0.652    

Slack (MET) :             0.652ns  (required time - arrival time)
  Source:                 FDPE_1/C
                            (rising edge-triggered cell FDPE clocked by sys_clk  {rise@0.000ns fall@5.000ns period=10.000ns})
  Destination:            spiflash_sr_reg[24]/R
                            (rising edge-triggered cell FDRE clocked by sys_clk  {rise@0.000ns fall@5.000ns period=10.000ns})
  Path Group:             sys_clk
  Path Type:              Setup (Max at Slow Process Corner)
  Requirement:            10.000ns  (sys_clk rise@10.000ns - sys_clk rise@0.000ns)
  Data Path Delay:        8.331ns  (logic 0.419ns (5.030%)  route 7.912ns (94.970%))
  Logic Levels:           0  
  Clock Path Skew:        -0.378ns (DCD - SCD + CPR)
    Destination Clock Delay (DCD):    1.430ns = ( 11.430 - 10.000 ) 
    Source Clock Delay      (SCD):    1.808ns
    Clock Pessimism Removal (CPR):    0.000ns
  Clock Uncertainty:      0.035ns  ((TSJ^2 + TIJ^2)^1/2 + DJ) / 2 + PE
    Total System Jitter     (TSJ):    0.071ns
    Total Input Jitter      (TIJ):    0.000ns
    Discrete Jitter          (DJ):    0.000ns
    Phase Error              (PE):    0.000ns

    Location             Delay type                Incr(ns)  Path(ns)    Netlist Resource(s)
  -------------------------------------------------------------------    -------------------
                         (clock sys_clk rise edge)    0.000     0.000 r  
    BUFGCTRL_X0Y0        BUFG                         0.000     0.000 r  BUFG/O
                         net (fo=1956, routed)        1.808     1.808    sys_clk
    SLICE_X0Y107         FDPE                                         r  FDPE_1/C
  -------------------------------------------------------------------    -------------------
    SLICE_X0Y107         FDPE (Prop_fdpe_C_Q)         0.419     2.227 r  FDPE_1/Q
                         net (fo=509, routed)         7.912    10.139    sys_rst
    SLICE_X40Y24         FDRE                                         r  spiflash_sr_reg[24]/R
  -------------------------------------------------------------------    -------------------

                         (clock sys_clk rise edge)   10.000    10.000 r  
    BUFGCTRL_X0Y0        BUFG                         0.000    10.000 r  BUFG/O
                         net (fo=1956, routed)        1.430    11.430    sys_clk
    SLICE_X40Y24         FDRE                                         r  spiflash_sr_reg[24]/C
                         clock pessimism              0.000    11.430    
                         clock uncertainty           -0.035    11.395    
    SLICE_X40Y24         FDRE (Setup_fdre_C_R)       -0.604    10.791    spiflash_sr_reg[24]
  -------------------------------------------------------------------
                         required time                         10.791    
                         arrival time                         -10.139    
  -------------------------------------------------------------------
                         slack                                  0.652    

Slack (MET) :             0.652ns  (required time - arrival time)
  Source:                 FDPE_1/C
                            (rising edge-triggered cell FDPE clocked by sys_clk  {rise@0.000ns fall@5.000ns period=10.000ns})
  Destination:            spiflash_sr_reg[27]/R
                            (rising edge-triggered cell FDRE clocked by sys_clk  {rise@0.000ns fall@5.000ns period=10.000ns})
  Path Group:             sys_clk
  Path Type:              Setup (Max at Slow Process Corner)
  Requirement:            10.000ns  (sys_clk rise@10.000ns - sys_clk rise@0.000ns)
  Data Path Delay:        8.331ns  (logic 0.419ns (5.030%)  route 7.912ns (94.970%))
  Logic Levels:           0  
  Clock Path Skew:        -0.378ns (DCD - SCD + CPR)
    Destination Clock Delay (DCD):    1.430ns = ( 11.430 - 10.000 ) 
    Source Clock Delay      (SCD):    1.808ns
    Clock Pessimism Removal (CPR):    0.000ns
  Clock Uncertainty:      0.035ns  ((TSJ^2 + TIJ^2)^1/2 + DJ) / 2 + PE
    Total System Jitter     (TSJ):    0.071ns
    Total Input Jitter      (TIJ):    0.000ns
    Discrete Jitter          (DJ):    0.000ns
    Phase Error              (PE):    0.000ns

    Location             Delay type                Incr(ns)  Path(ns)    Netlist Resource(s)
  -------------------------------------------------------------------    -------------------
                         (clock sys_clk rise edge)    0.000     0.000 r  
    BUFGCTRL_X0Y0        BUFG                         0.000     0.000 r  BUFG/O
                         net (fo=1956, routed)        1.808     1.808    sys_clk
    SLICE_X0Y107         FDPE                                         r  FDPE_1/C
  -------------------------------------------------------------------    -------------------
    SLICE_X0Y107         FDPE (Prop_fdpe_C_Q)         0.419     2.227 r  FDPE_1/Q
                         net (fo=509, routed)         7.912    10.139    sys_rst
    SLICE_X40Y24         FDRE                                         r  spiflash_sr_reg[27]/R
  -------------------------------------------------------------------    -------------------

                         (clock sys_clk rise edge)   10.000    10.000 r  
    BUFGCTRL_X0Y0        BUFG                         0.000    10.000 r  BUFG/O
                         net (fo=1956, routed)        1.430    11.430    sys_clk
    SLICE_X40Y24         FDRE                                         r  spiflash_sr_reg[27]/C
                         clock pessimism              0.000    11.430    
                         clock uncertainty           -0.035    11.395    
    SLICE_X40Y24         FDRE (Setup_fdre_C_R)       -0.604    10.791    spiflash_sr_reg[27]
  -------------------------------------------------------------------
                         required time                         10.791    
                         arrival time                         -10.139    
  -------------------------------------------------------------------
                         slack                                  0.652    

Slack (MET) :             0.652ns  (required time - arrival time)
  Source:                 FDPE_1/C
                            (rising edge-triggered cell FDPE clocked by sys_clk  {rise@0.000ns fall@5.000ns period=10.000ns})
  Destination:            spiflash_sr_reg[28]/R
                            (rising edge-triggered cell FDRE clocked by sys_clk  {rise@0.000ns fall@5.000ns period=10.000ns})
  Path Group:             sys_clk
  Path Type:              Setup (Max at Slow Process Corner)
  Requirement:            10.000ns  (sys_clk rise@10.000ns - sys_clk rise@0.000ns)
  Data Path Delay:        8.331ns  (logic 0.419ns (5.030%)  route 7.912ns (94.970%))
  Logic Levels:           0  
  Clock Path Skew:        -0.378ns (DCD - SCD + CPR)
    Destination Clock Delay (DCD):    1.430ns = ( 11.430 - 10.000 ) 
    Source Clock Delay      (SCD):    1.808ns
    Clock Pessimism Removal (CPR):    0.000ns
  Clock Uncertainty:      0.035ns  ((TSJ^2 + TIJ^2)^1/2 + DJ) / 2 + PE
    Total System Jitter     (TSJ):    0.071ns
    Total Input Jitter      (TIJ):    0.000ns
    Discrete Jitter          (DJ):    0.000ns
    Phase Error              (PE):    0.000ns

    Location             Delay type                Incr(ns)  Path(ns)    Netlist Resource(s)
  -------------------------------------------------------------------    -------------------
                         (clock sys_clk rise edge)    0.000     0.000 r  
    BUFGCTRL_X0Y0        BUFG                         0.000     0.000 r  BUFG/O
                         net (fo=1956, routed)        1.808     1.808    sys_clk
    SLICE_X0Y107         FDPE                                         r  FDPE_1/C
  -------------------------------------------------------------------    -------------------
    SLICE_X0Y107         FDPE (Prop_fdpe_C_Q)         0.419     2.227 r  FDPE_1/Q
                         net (fo=509, routed)         7.912    10.139    sys_rst
    SLICE_X40Y24         FDRE                                         r  spiflash_sr_reg[28]/R
  -------------------------------------------------------------------    -------------------

                         (clock sys_clk rise edge)   10.000    10.000 r  
    BUFGCTRL_X0Y0        BUFG                         0.000    10.000 r  BUFG/O
                         net (fo=1956, routed)        1.430    11.430    sys_clk
    SLICE_X40Y24         FDRE                                         r  spiflash_sr_reg[28]/C
                         clock pessimism              0.000    11.430    
                         clock uncertainty           -0.035    11.395    
    SLICE_X40Y24         FDRE (Setup_fdre_C_R)       -0.604    10.791    spiflash_sr_reg[28]
  -------------------------------------------------------------------
                         required time                         10.791    
                         arrival time                         -10.139    
  -------------------------------------------------------------------
                         slack                                  0.652    

Slack (MET) :             0.657ns  (required time - arrival time)
  Source:                 FDPE_1/C
                            (rising edge-triggered cell FDPE clocked by sys_clk  {rise@0.000ns fall@5.000ns period=10.000ns})
  Destination:            spiflash_sr_reg[20]/R
                            (rising edge-triggered cell FDRE clocked by sys_clk  {rise@0.000ns fall@5.000ns period=10.000ns})
  Path Group:             sys_clk
  Path Type:              Setup (Max at Slow Process Corner)
  Requirement:            10.000ns  (sys_clk rise@10.000ns - sys_clk rise@0.000ns)
  Data Path Delay:        8.326ns  (logic 0.419ns (5.032%)  route 7.907ns (94.968%))
  Logic Levels:           0  
  Clock Path Skew:        -0.377ns (DCD - SCD + CPR)
    Destination Clock Delay (DCD):    1.431ns = ( 11.431 - 10.000 ) 
    Source Clock Delay      (SCD):    1.808ns
    Clock Pessimism Removal (CPR):    0.000ns
  Clock Uncertainty:      0.035ns  ((TSJ^2 + TIJ^2)^1/2 + DJ) / 2 + PE
    Total System Jitter     (TSJ):    0.071ns
    Total Input Jitter      (TIJ):    0.000ns
    Discrete Jitter          (DJ):    0.000ns
    Phase Error              (PE):    0.000ns

    Location             Delay type                Incr(ns)  Path(ns)    Netlist Resource(s)
  -------------------------------------------------------------------    -------------------
                         (clock sys_clk rise edge)    0.000     0.000 r  
    BUFGCTRL_X0Y0        BUFG                         0.000     0.000 r  BUFG/O
                         net (fo=1956, routed)        1.808     1.808    sys_clk
    SLICE_X0Y107         FDPE                                         r  FDPE_1/C
  -------------------------------------------------------------------    -------------------
    SLICE_X0Y107         FDPE (Prop_fdpe_C_Q)         0.419     2.227 r  FDPE_1/Q
                         net (fo=509, routed)         7.907    10.135    sys_rst
    SLICE_X44Y24         FDRE                                         r  spiflash_sr_reg[20]/R
  -------------------------------------------------------------------    -------------------

                         (clock sys_clk rise edge)   10.000    10.000 r  
    BUFGCTRL_X0Y0        BUFG                         0.000    10.000 r  BUFG/O
                         net (fo=1956, routed)        1.431    11.431    sys_clk
    SLICE_X44Y24         FDRE                                         r  spiflash_sr_reg[20]/C
                         clock pessimism              0.000    11.431    
                         clock uncertainty           -0.035    11.396    
    SLICE_X44Y24         FDRE (Setup_fdre_C_R)       -0.604    10.792    spiflash_sr_reg[20]
  -------------------------------------------------------------------
                         required time                         10.792    
                         arrival time                         -10.135    
  -------------------------------------------------------------------
                         slack                                  0.657    

Slack (MET) :             0.657ns  (required time - arrival time)
  Source:                 FDPE_1/C
                            (rising edge-triggered cell FDPE clocked by sys_clk  {rise@0.000ns fall@5.000ns period=10.000ns})
  Destination:            spiflash_sr_reg[21]/R
                            (rising edge-triggered cell FDRE clocked by sys_clk  {rise@0.000ns fall@5.000ns period=10.000ns})
  Path Group:             sys_clk
  Path Type:              Setup (Max at Slow Process Corner)
  Requirement:            10.000ns  (sys_clk rise@10.000ns - sys_clk rise@0.000ns)
  Data Path Delay:        8.326ns  (logic 0.419ns (5.032%)  route 7.907ns (94.968%))
  Logic Levels:           0  
  Clock Path Skew:        -0.377ns (DCD - SCD + CPR)
    Destination Clock Delay (DCD):    1.431ns = ( 11.431 - 10.000 ) 
    Source Clock Delay      (SCD):    1.808ns
    Clock Pessimism Removal (CPR):    0.000ns
  Clock Uncertainty:      0.035ns  ((TSJ^2 + TIJ^2)^1/2 + DJ) / 2 + PE
    Total System Jitter     (TSJ):    0.071ns
    Total Input Jitter      (TIJ):    0.000ns
    Discrete Jitter          (DJ):    0.000ns
    Phase Error              (PE):    0.000ns

    Location             Delay type                Incr(ns)  Path(ns)    Netlist Resource(s)
  -------------------------------------------------------------------    -------------------
                         (clock sys_clk rise edge)    0.000     0.000 r  
    BUFGCTRL_X0Y0        BUFG                         0.000     0.000 r  BUFG/O
                         net (fo=1956, routed)        1.808     1.808    sys_clk
    SLICE_X0Y107         FDPE                                         r  FDPE_1/C
  -------------------------------------------------------------------    -------------------
    SLICE_X0Y107         FDPE (Prop_fdpe_C_Q)         0.419     2.227 r  FDPE_1/Q
                         net (fo=509, routed)         7.907    10.135    sys_rst
    SLICE_X44Y24         FDRE                                         r  spiflash_sr_reg[21]/R
  -------------------------------------------------------------------    -------------------

                         (clock sys_clk rise edge)   10.000    10.000 r  
    BUFGCTRL_X0Y0        BUFG                         0.000    10.000 r  BUFG/O
                         net (fo=1956, routed)        1.431    11.431    sys_clk
    SLICE_X44Y24         FDRE                                         r  spiflash_sr_reg[21]/C
                         clock pessimism              0.000    11.431    
                         clock uncertainty           -0.035    11.396    
    SLICE_X44Y24         FDRE (Setup_fdre_C_R)       -0.604    10.792    spiflash_sr_reg[21]
  -------------------------------------------------------------------
                         required time                         10.792    
                         arrival time                         -10.135    
  -------------------------------------------------------------------
                         slack                                  0.657    

Slack (MET) :             0.657ns  (required time - arrival time)
  Source:                 FDPE_1/C
                            (rising edge-triggered cell FDPE clocked by sys_clk  {rise@0.000ns fall@5.000ns period=10.000ns})
  Destination:            spiflash_sr_reg[22]/R
                            (rising edge-triggered cell FDRE clocked by sys_clk  {rise@0.000ns fall@5.000ns period=10.000ns})
  Path Group:             sys_clk
  Path Type:              Setup (Max at Slow Process Corner)
  Requirement:            10.000ns  (sys_clk rise@10.000ns - sys_clk rise@0.000ns)
  Data Path Delay:        8.326ns  (logic 0.419ns (5.032%)  route 7.907ns (94.968%))
  Logic Levels:           0  
  Clock Path Skew:        -0.377ns (DCD - SCD + CPR)
    Destination Clock Delay (DCD):    1.431ns = ( 11.431 - 10.000 ) 
    Source Clock Delay      (SCD):    1.808ns
    Clock Pessimism Removal (CPR):    0.000ns
  Clock Uncertainty:      0.035ns  ((TSJ^2 + TIJ^2)^1/2 + DJ) / 2 + PE
    Total System Jitter     (TSJ):    0.071ns
    Total Input Jitter      (TIJ):    0.000ns
    Discrete Jitter          (DJ):    0.000ns
    Phase Error              (PE):    0.000ns

    Location             Delay type                Incr(ns)  Path(ns)    Netlist Resource(s)
  -------------------------------------------------------------------    -------------------
                         (clock sys_clk rise edge)    0.000     0.000 r  
    BUFGCTRL_X0Y0        BUFG                         0.000     0.000 r  BUFG/O
                         net (fo=1956, routed)        1.808     1.808    sys_clk
    SLICE_X0Y107         FDPE                                         r  FDPE_1/C
  -------------------------------------------------------------------    -------------------
    SLICE_X0Y107         FDPE (Prop_fdpe_C_Q)         0.419     2.227 r  FDPE_1/Q
                         net (fo=509, routed)         7.907    10.135    sys_rst
    SLICE_X44Y24         FDRE                                         r  spiflash_sr_reg[22]/R
  -------------------------------------------------------------------    -------------------

                         (clock sys_clk rise edge)   10.000    10.000 r  
    BUFGCTRL_X0Y0        BUFG                         0.000    10.000 r  BUFG/O
                         net (fo=1956, routed)        1.431    11.431    sys_clk
    SLICE_X44Y24         FDRE                                         r  spiflash_sr_reg[22]/C
                         clock pessimism              0.000    11.431    
                         clock uncertainty           -0.035    11.396    
    SLICE_X44Y24         FDRE (Setup_fdre_C_R)       -0.604    10.792    spiflash_sr_reg[22]
  -------------------------------------------------------------------
                         required time                         10.792    
                         arrival time                         -10.135    
  -------------------------------------------------------------------
                         slack                                  0.657    





Min Delay Paths
--------------------------------------------------------------------------------------
Slack (MET) :             0.017ns  (arrival time - required time)
  Source:                 csrbankarray_interface3_bank_bus_dat_r_reg[7]/C
                            (rising edge-triggered cell FDRE clocked by sys_clk  {rise@0.000ns fall@5.000ns period=10.000ns})
  Destination:            basesoc_bus_wishbone_dat_r_reg[7]/D
                            (rising edge-triggered cell FDRE clocked by sys_clk  {rise@0.000ns fall@5.000ns period=10.000ns})
  Path Group:             sys_clk
  Path Type:              Hold (Min at Fast Process Corner)
  Requirement:            0.000ns  (sys_clk rise@0.000ns - sys_clk rise@0.000ns)
  Data Path Delay:        0.402ns  (logic 0.209ns (52.048%)  route 0.193ns (47.952%))
  Logic Levels:           1  (LUT5=1)
  Clock Path Skew:        0.265ns (DCD - SCD - CPR)
    Destination Clock Delay (DCD):    0.828ns
    Source Clock Delay      (SCD):    0.559ns
    Clock Pessimism Removal (CPR):    0.005ns

    Location             Delay type                Incr(ns)  Path(ns)    Netlist Resource(s)
  -------------------------------------------------------------------    -------------------
                         (clock sys_clk rise edge)    0.000     0.000 r  
    BUFGCTRL_X0Y0        BUFG                         0.000     0.000 r  BUFG/O
                         net (fo=1956, routed)        0.559     0.559    sys_clk
    SLICE_X34Y57         FDRE                                         r  csrbankarray_interface3_bank_bus_dat_r_reg[7]/C
  -------------------------------------------------------------------    -------------------
    SLICE_X34Y57         FDRE (Prop_fdre_C_Q)         0.164     0.723 r  csrbankarray_interface3_bank_bus_dat_r_reg[7]/Q
                         net (fo=1, routed)           0.193     0.915    csrbankarray_interface3_bank_bus_dat_r_reg_n_0_[7]
    SLICE_X38Y58         LUT5 (Prop_lut5_I1_O)        0.045     0.960 r  basesoc_bus_wishbone_dat_r[7]_i_1/O
                         net (fo=1, routed)           0.000     0.960    basesoc_bus_wishbone_dat_r[7]_i_1_n_0
    SLICE_X38Y58         FDRE                                         r  basesoc_bus_wishbone_dat_r_reg[7]/D
  -------------------------------------------------------------------    -------------------

                         (clock sys_clk rise edge)    0.000     0.000 r  
    BUFGCTRL_X0Y0        BUFG                         0.000     0.000 r  BUFG/O
                         net (fo=1956, routed)        0.828     0.828    sys_clk
    SLICE_X38Y58         FDRE                                         r  basesoc_bus_wishbone_dat_r_reg[7]/C
                         clock pessimism             -0.005     0.823    
    SLICE_X38Y58         FDRE (Hold_fdre_C_D)         0.120     0.943    basesoc_bus_wishbone_dat_r_reg[7]
  -------------------------------------------------------------------
                         required time                         -0.943    
                         arrival time                           0.960    
  -------------------------------------------------------------------
                         slack                                  0.017    

Slack (MET) :             0.055ns  (arrival time - required time)
  Source:                 lm32_cpu/store_operand_x_reg[0]/C
                            (rising edge-triggered cell FDRE clocked by sys_clk  {rise@0.000ns fall@5.000ns period=10.000ns})
  Destination:            lm32_cpu/load_store_unit/store_data_m_reg[8]/D
                            (rising edge-triggered cell FDRE clocked by sys_clk  {rise@0.000ns fall@5.000ns period=10.000ns})
  Path Group:             sys_clk
  Path Type:              Hold (Min at Fast Process Corner)
  Requirement:            0.000ns  (sys_clk rise@0.000ns - sys_clk rise@0.000ns)
  Data Path Delay:        0.424ns  (logic 0.192ns (45.286%)  route 0.232ns (54.714%))
  Logic Levels:           1  (LUT3=1)
  Clock Path Skew:        0.262ns (DCD - SCD - CPR)
    Destination Clock Delay (DCD):    0.820ns
    Source Clock Delay      (SCD):    0.553ns
    Clock Pessimism Removal (CPR):    0.005ns

    Location             Delay type                Incr(ns)  Path(ns)    Netlist Resource(s)
  -------------------------------------------------------------------    -------------------
                         (clock sys_clk rise edge)    0.000     0.000 r  
    BUFGCTRL_X0Y0        BUFG                         0.000     0.000 r  BUFG/O
                         net (fo=1956, routed)        0.553     0.553    lm32_cpu/out
    SLICE_X39Y28         FDRE                                         r  lm32_cpu/store_operand_x_reg[0]/C
  -------------------------------------------------------------------    -------------------
    SLICE_X39Y28         FDRE (Prop_fdre_C_Q)         0.141     0.694 r  lm32_cpu/store_operand_x_reg[0]/Q
                         net (fo=4, routed)           0.232     0.926    lm32_cpu/load_store_unit/store_operand_x[0]
    SLICE_X33Y28         LUT3 (Prop_lut3_I2_O)        0.051     0.977 r  lm32_cpu/load_store_unit/store_data_m[8]_i_1/O
                         net (fo=1, routed)           0.000     0.977    lm32_cpu/load_store_unit/store_data_x[8]
    SLICE_X33Y28         FDRE                                         r  lm32_cpu/load_store_unit/store_data_m_reg[8]/D
  -------------------------------------------------------------------    -------------------

                         (clock sys_clk rise edge)    0.000     0.000 r  
    BUFGCTRL_X0Y0        BUFG                         0.000     0.000 r  BUFG/O
                         net (fo=1956, routed)        0.820     0.820    lm32_cpu/load_store_unit/out
    SLICE_X33Y28         FDRE                                         r  lm32_cpu/load_store_unit/store_data_m_reg[8]/C
                         clock pessimism             -0.005     0.815    
    SLICE_X33Y28         FDRE (Hold_fdre_C_D)         0.107     0.922    lm32_cpu/load_store_unit/store_data_m_reg[8]
  -------------------------------------------------------------------
                         required time                         -0.922    
                         arrival time                           0.977    
  -------------------------------------------------------------------
                         slack                                  0.055    

Slack (MET) :             0.058ns  (arrival time - required time)
  Source:                 lm32_cpu/load_store_unit/wb_data_m_reg[2]/C
                            (rising edge-triggered cell FDRE clocked by sys_clk  {rise@0.000ns fall@5.000ns period=10.000ns})
  Destination:            lm32_cpu/load_store_unit/data_w_reg[2]/D
                            (rising edge-triggered cell FDRE clocked by sys_clk  {rise@0.000ns fall@5.000ns period=10.000ns})
  Path Group:             sys_clk
  Path Type:              Hold (Min at Fast Process Corner)
  Requirement:            0.000ns  (sys_clk rise@0.000ns - sys_clk rise@0.000ns)
  Data Path Delay:        0.441ns  (logic 0.186ns (42.143%)  route 0.255ns (57.857%))
  Logic Levels:           1  (LUT3=1)
  Clock Path Skew:        0.262ns (DCD - SCD - CPR)
    Destination Clock Delay (DCD):    0.817ns
    Source Clock Delay      (SCD):    0.550ns
    Clock Pessimism Removal (CPR):    0.005ns

    Location             Delay type                Incr(ns)  Path(ns)    Netlist Resource(s)
  -------------------------------------------------------------------    -------------------
                         (clock sys_clk rise edge)    0.000     0.000 r  
    BUFGCTRL_X0Y0        BUFG                         0.000     0.000 r  BUFG/O
                         net (fo=1956, routed)        0.550     0.550    lm32_cpu/load_store_unit/out
    SLICE_X35Y23         FDRE                                         r  lm32_cpu/load_store_unit/wb_data_m_reg[2]/C
  -------------------------------------------------------------------    -------------------
    SLICE_X35Y23         FDRE (Prop_fdre_C_Q)         0.141     0.691 r  lm32_cpu/load_store_unit/wb_data_m_reg[2]/Q
                         net (fo=2, routed)           0.255     0.946    lm32_cpu/load_store_unit/dcache/memories[0].data_memories.way_0_data_ram/wb_data_m_reg[31][2]
    SLICE_X38Y23         LUT3 (Prop_lut3_I0_O)        0.045     0.991 r  lm32_cpu/load_store_unit/dcache/memories[0].data_memories.way_0_data_ram/data_w[2]_i_1/O
                         net (fo=1, routed)           0.000     0.991    lm32_cpu/load_store_unit/data_m[2]
    SLICE_X38Y23         FDRE                                         r  lm32_cpu/load_store_unit/data_w_reg[2]/D
  -------------------------------------------------------------------    -------------------

                         (clock sys_clk rise edge)    0.000     0.000 r  
    BUFGCTRL_X0Y0        BUFG                         0.000     0.000 r  BUFG/O
                         net (fo=1956, routed)        0.817     0.817    lm32_cpu/load_store_unit/out
    SLICE_X38Y23         FDRE                                         r  lm32_cpu/load_store_unit/data_w_reg[2]/C
                         clock pessimism             -0.005     0.812    
    SLICE_X38Y23         FDRE (Hold_fdre_C_D)         0.121     0.933    lm32_cpu/load_store_unit/data_w_reg[2]
  -------------------------------------------------------------------
                         required time                         -0.933    
                         arrival time                           0.991    
  -------------------------------------------------------------------
                         slack                                  0.058    

Slack (MET) :             0.060ns  (arrival time - required time)
  Source:                 lm32_cpu/instruction_unit/icache_refill_data_reg[23]/C
                            (rising edge-triggered cell FDRE clocked by sys_clk  {rise@0.000ns fall@5.000ns period=10.000ns})
  Destination:            lm32_cpu/instruction_unit/icache/memories[0].way_0_data_ram/mem_reg/DIADI[23]
                            (rising edge-triggered cell RAMB36E1 clocked by sys_clk  {rise@0.000ns fall@5.000ns period=10.000ns})
  Path Group:             sys_clk
  Path Type:              Hold (Min at Fast Process Corner)
  Requirement:            0.000ns  (sys_clk rise@0.000ns - sys_clk rise@0.000ns)
  Data Path Delay:        0.361ns  (logic 0.128ns (35.438%)  route 0.233ns (64.562%))
  Logic Levels:           0  
  Clock Path Skew:        0.058ns (DCD - SCD - CPR)
    Destination Clock Delay (DCD):    0.866ns
    Source Clock Delay      (SCD):    0.554ns
    Clock Pessimism Removal (CPR):    0.254ns

    Location             Delay type                Incr(ns)  Path(ns)    Netlist Resource(s)
  -------------------------------------------------------------------    -------------------
                         (clock sys_clk rise edge)    0.000     0.000 r  
    BUFGCTRL_X0Y0        BUFG                         0.000     0.000 r  BUFG/O
                         net (fo=1956, routed)        0.554     0.554    lm32_cpu/instruction_unit/out
    SLICE_X48Y26         FDRE                                         r  lm32_cpu/instruction_unit/icache_refill_data_reg[23]/C
  -------------------------------------------------------------------    -------------------
    SLICE_X48Y26         FDRE (Prop_fdre_C_Q)         0.128     0.682 r  lm32_cpu/instruction_unit/icache_refill_data_reg[23]/Q
                         net (fo=1, routed)           0.233     0.915    lm32_cpu/instruction_unit/icache/memories[0].way_0_data_ram/icache_refill_data_reg[31][23]
    RAMB36_X1Y5          RAMB36E1                                     r  lm32_cpu/instruction_unit/icache/memories[0].way_0_data_ram/mem_reg/DIADI[23]
  -------------------------------------------------------------------    -------------------

                         (clock sys_clk rise edge)    0.000     0.000 r  
    BUFGCTRL_X0Y0        BUFG                         0.000     0.000 r  BUFG/O
                         net (fo=1956, routed)        0.866     0.866    lm32_cpu/instruction_unit/icache/memories[0].way_0_data_ram/out
    RAMB36_X1Y5          RAMB36E1                                     r  lm32_cpu/instruction_unit/icache/memories[0].way_0_data_ram/mem_reg/CLKARDCLK
                         clock pessimism             -0.254     0.612    
    RAMB36_X1Y5          RAMB36E1 (Hold_ramb36e1_CLKARDCLK_DIADI[23])
                                                      0.243     0.855    lm32_cpu/instruction_unit/icache/memories[0].way_0_data_ram/mem_reg
  -------------------------------------------------------------------
                         required time                         -0.855    
                         arrival time                           0.915    
  -------------------------------------------------------------------
                         slack                                  0.060    

Slack (MET) :             0.064ns  (arrival time - required time)
  Source:                 lm32_cpu/store_operand_x_reg[0]/C
                            (rising edge-triggered cell FDRE clocked by sys_clk  {rise@0.000ns fall@5.000ns period=10.000ns})
  Destination:            lm32_cpu/load_store_unit/store_data_m_reg[24]/D
                            (rising edge-triggered cell FDRE clocked by sys_clk  {rise@0.000ns fall@5.000ns period=10.000ns})
  Path Group:             sys_clk
  Path Type:              Hold (Min at Fast Process Corner)
  Requirement:            0.000ns  (sys_clk rise@0.000ns - sys_clk rise@0.000ns)
  Data Path Delay:        0.418ns  (logic 0.186ns (44.501%)  route 0.232ns (55.499%))
  Logic Levels:           1  (LUT5=1)
  Clock Path Skew:        0.262ns (DCD - SCD - CPR)
    Destination Clock Delay (DCD):    0.820ns
    Source Clock Delay      (SCD):    0.553ns
    Clock Pessimism Removal (CPR):    0.005ns

    Location             Delay type                Incr(ns)  Path(ns)    Netlist Resource(s)
  -------------------------------------------------------------------    -------------------
                         (clock sys_clk rise edge)    0.000     0.000 r  
    BUFGCTRL_X0Y0        BUFG                         0.000     0.000 r  BUFG/O
                         net (fo=1956, routed)        0.553     0.553    lm32_cpu/out
    SLICE_X39Y28         FDRE                                         r  lm32_cpu/store_operand_x_reg[0]/C
  -------------------------------------------------------------------    -------------------
    SLICE_X39Y28         FDRE (Prop_fdre_C_Q)         0.141     0.694 r  lm32_cpu/store_operand_x_reg[0]/Q
                         net (fo=4, routed)           0.232     0.926    lm32_cpu/load_store_unit/store_operand_x[0]
    SLICE_X33Y28         LUT5 (Prop_lut5_I4_O)        0.045     0.971 r  lm32_cpu/load_store_unit/store_data_m[24]_i_1/O
                         net (fo=1, routed)           0.000     0.971    lm32_cpu/load_store_unit/store_data_x[24]
    SLICE_X33Y28         FDRE                                         r  lm32_cpu/load_store_unit/store_data_m_reg[24]/D
  -------------------------------------------------------------------    -------------------

                         (clock sys_clk rise edge)    0.000     0.000 r  
    BUFGCTRL_X0Y0        BUFG                         0.000     0.000 r  BUFG/O
                         net (fo=1956, routed)        0.820     0.820    lm32_cpu/load_store_unit/out
    SLICE_X33Y28         FDRE                                         r  lm32_cpu/load_store_unit/store_data_m_reg[24]/C
                         clock pessimism             -0.005     0.815    
    SLICE_X33Y28         FDRE (Hold_fdre_C_D)         0.092     0.907    lm32_cpu/load_store_unit/store_data_m_reg[24]
  -------------------------------------------------------------------
                         required time                         -0.907    
                         arrival time                           0.971    
  -------------------------------------------------------------------
                         slack                                  0.064    

Slack (MET) :             0.069ns  (arrival time - required time)
  Source:                 basesoc_uart_rx_fifo_produce_reg[0]/C
                            (rising edge-triggered cell FDRE clocked by sys_clk  {rise@0.000ns fall@5.000ns period=10.000ns})
  Destination:            storage_1_reg_0_15_6_9/RAMA/WADR0
                            (rising edge-triggered cell RAMD32 clocked by sys_clk  {rise@0.000ns fall@5.000ns period=10.000ns})
  Path Group:             sys_clk
  Path Type:              Hold (Min at Fast Process Corner)
  Requirement:            0.000ns  (sys_clk rise@0.000ns - sys_clk rise@0.000ns)
  Data Path Delay:        0.412ns  (logic 0.141ns (34.209%)  route 0.271ns (65.791%))
  Logic Levels:           0  
  Clock Path Skew:        0.033ns (DCD - SCD - CPR)
    Destination Clock Delay (DCD):    0.825ns
    Source Clock Delay      (SCD):    0.559ns
    Clock Pessimism Removal (CPR):    0.234ns

    Location             Delay type                Incr(ns)  Path(ns)    Netlist Resource(s)
  -------------------------------------------------------------------    -------------------
                         (clock sys_clk rise edge)    0.000     0.000 r  
    BUFGCTRL_X0Y0        BUFG                         0.000     0.000 r  BUFG/O
                         net (fo=1956, routed)        0.559     0.559    sys_clk
    SLICE_X40Y61         FDRE                                         r  basesoc_uart_rx_fifo_produce_reg[0]/C
  -------------------------------------------------------------------    -------------------
    SLICE_X40Y61         FDRE (Prop_fdre_C_Q)         0.141     0.700 r  basesoc_uart_rx_fifo_produce_reg[0]/Q
                         net (fo=20, routed)          0.271     0.971    storage_1_reg_0_15_6_9/ADDRD0
    SLICE_X38Y62         RAMD32                                       r  storage_1_reg_0_15_6_9/RAMA/WADR0
  -------------------------------------------------------------------    -------------------

                         (clock sys_clk rise edge)    0.000     0.000 r  
    BUFGCTRL_X0Y0        BUFG                         0.000     0.000 r  BUFG/O
                         net (fo=1956, routed)        0.825     0.825    storage_1_reg_0_15_6_9/WCLK
    SLICE_X38Y62         RAMD32                                       r  storage_1_reg_0_15_6_9/RAMA/CLK
                         clock pessimism             -0.234     0.592    
    SLICE_X38Y62         RAMD32 (Hold_ramd32_CLK_WADR0)
                                                      0.310     0.902    storage_1_reg_0_15_6_9/RAMA
  -------------------------------------------------------------------
                         required time                         -0.902    
                         arrival time                           0.971    
  -------------------------------------------------------------------
                         slack                                  0.069    

Slack (MET) :             0.069ns  (arrival time - required time)
  Source:                 basesoc_uart_rx_fifo_produce_reg[0]/C
                            (rising edge-triggered cell FDRE clocked by sys_clk  {rise@0.000ns fall@5.000ns period=10.000ns})
  Destination:            storage_1_reg_0_15_6_9/RAMA_D1/WADR0
                            (rising edge-triggered cell RAMD32 clocked by sys_clk  {rise@0.000ns fall@5.000ns period=10.000ns})
  Path Group:             sys_clk
  Path Type:              Hold (Min at Fast Process Corner)
  Requirement:            0.000ns  (sys_clk rise@0.000ns - sys_clk rise@0.000ns)
  Data Path Delay:        0.412ns  (logic 0.141ns (34.209%)  route 0.271ns (65.791%))
  Logic Levels:           0  
  Clock Path Skew:        0.033ns (DCD - SCD - CPR)
    Destination Clock Delay (DCD):    0.825ns
    Source Clock Delay      (SCD):    0.559ns
    Clock Pessimism Removal (CPR):    0.234ns

    Location             Delay type                Incr(ns)  Path(ns)    Netlist Resource(s)
  -------------------------------------------------------------------    -------------------
                         (clock sys_clk rise edge)    0.000     0.000 r  
    BUFGCTRL_X0Y0        BUFG                         0.000     0.000 r  BUFG/O
                         net (fo=1956, routed)        0.559     0.559    sys_clk
    SLICE_X40Y61         FDRE                                         r  basesoc_uart_rx_fifo_produce_reg[0]/C
  -------------------------------------------------------------------    -------------------
    SLICE_X40Y61         FDRE (Prop_fdre_C_Q)         0.141     0.700 r  basesoc_uart_rx_fifo_produce_reg[0]/Q
                         net (fo=20, routed)          0.271     0.971    storage_1_reg_0_15_6_9/ADDRD0
    SLICE_X38Y62         RAMD32                                       r  storage_1_reg_0_15_6_9/RAMA_D1/WADR0
  -------------------------------------------------------------------    -------------------

                         (clock sys_clk rise edge)    0.000     0.000 r  
    BUFGCTRL_X0Y0        BUFG                         0.000     0.000 r  BUFG/O
                         net (fo=1956, routed)        0.825     0.825    storage_1_reg_0_15_6_9/WCLK
    SLICE_X38Y62         RAMD32                                       r  storage_1_reg_0_15_6_9/RAMA_D1/CLK
                         clock pessimism             -0.234     0.592    
    SLICE_X38Y62         RAMD32 (Hold_ramd32_CLK_WADR0)
                                                      0.310     0.902    storage_1_reg_0_15_6_9/RAMA_D1
  -------------------------------------------------------------------
                         required time                         -0.902    
                         arrival time                           0.971    
  -------------------------------------------------------------------
                         slack                                  0.069    

Slack (MET) :             0.069ns  (arrival time - required time)
  Source:                 basesoc_uart_rx_fifo_produce_reg[0]/C
                            (rising edge-triggered cell FDRE clocked by sys_clk  {rise@0.000ns fall@5.000ns period=10.000ns})
  Destination:            storage_1_reg_0_15_6_9/RAMB/WADR0
                            (rising edge-triggered cell RAMD32 clocked by sys_clk  {rise@0.000ns fall@5.000ns period=10.000ns})
  Path Group:             sys_clk
  Path Type:              Hold (Min at Fast Process Corner)
  Requirement:            0.000ns  (sys_clk rise@0.000ns - sys_clk rise@0.000ns)
  Data Path Delay:        0.412ns  (logic 0.141ns (34.209%)  route 0.271ns (65.791%))
  Logic Levels:           0  
  Clock Path Skew:        0.033ns (DCD - SCD - CPR)
    Destination Clock Delay (DCD):    0.825ns
    Source Clock Delay      (SCD):    0.559ns
    Clock Pessimism Removal (CPR):    0.234ns

    Location             Delay type                Incr(ns)  Path(ns)    Netlist Resource(s)
  -------------------------------------------------------------------    -------------------
                         (clock sys_clk rise edge)    0.000     0.000 r  
    BUFGCTRL_X0Y0        BUFG                         0.000     0.000 r  BUFG/O
                         net (fo=1956, routed)        0.559     0.559    sys_clk
    SLICE_X40Y61         FDRE                                         r  basesoc_uart_rx_fifo_produce_reg[0]/C
  -------------------------------------------------------------------    -------------------
    SLICE_X40Y61         FDRE (Prop_fdre_C_Q)         0.141     0.700 r  basesoc_uart_rx_fifo_produce_reg[0]/Q
                         net (fo=20, routed)          0.271     0.971    storage_1_reg_0_15_6_9/ADDRD0
    SLICE_X38Y62         RAMD32                                       r  storage_1_reg_0_15_6_9/RAMB/WADR0
  -------------------------------------------------------------------    -------------------

                         (clock sys_clk rise edge)    0.000     0.000 r  
    BUFGCTRL_X0Y0        BUFG                         0.000     0.000 r  BUFG/O
                         net (fo=1956, routed)        0.825     0.825    storage_1_reg_0_15_6_9/WCLK
    SLICE_X38Y62         RAMD32                                       r  storage_1_reg_0_15_6_9/RAMB/CLK
                         clock pessimism             -0.234     0.592    
    SLICE_X38Y62         RAMD32 (Hold_ramd32_CLK_WADR0)
                                                      0.310     0.902    storage_1_reg_0_15_6_9/RAMB
  -------------------------------------------------------------------
                         required time                         -0.902    
                         arrival time                           0.971    
  -------------------------------------------------------------------
                         slack                                  0.069    

Slack (MET) :             0.069ns  (arrival time - required time)
  Source:                 basesoc_uart_rx_fifo_produce_reg[0]/C
                            (rising edge-triggered cell FDRE clocked by sys_clk  {rise@0.000ns fall@5.000ns period=10.000ns})
  Destination:            storage_1_reg_0_15_6_9/RAMB_D1/WADR0
                            (rising edge-triggered cell RAMD32 clocked by sys_clk  {rise@0.000ns fall@5.000ns period=10.000ns})
  Path Group:             sys_clk
  Path Type:              Hold (Min at Fast Process Corner)
  Requirement:            0.000ns  (sys_clk rise@0.000ns - sys_clk rise@0.000ns)
  Data Path Delay:        0.412ns  (logic 0.141ns (34.209%)  route 0.271ns (65.791%))
  Logic Levels:           0  
  Clock Path Skew:        0.033ns (DCD - SCD - CPR)
    Destination Clock Delay (DCD):    0.825ns
    Source Clock Delay      (SCD):    0.559ns
    Clock Pessimism Removal (CPR):    0.234ns

    Location             Delay type                Incr(ns)  Path(ns)    Netlist Resource(s)
  -------------------------------------------------------------------    -------------------
                         (clock sys_clk rise edge)    0.000     0.000 r  
    BUFGCTRL_X0Y0        BUFG                         0.000     0.000 r  BUFG/O
                         net (fo=1956, routed)        0.559     0.559    sys_clk
    SLICE_X40Y61         FDRE                                         r  basesoc_uart_rx_fifo_produce_reg[0]/C
  -------------------------------------------------------------------    -------------------
    SLICE_X40Y61         FDRE (Prop_fdre_C_Q)         0.141     0.700 r  basesoc_uart_rx_fifo_produce_reg[0]/Q
                         net (fo=20, routed)          0.271     0.971    storage_1_reg_0_15_6_9/ADDRD0
    SLICE_X38Y62         RAMD32                                       r  storage_1_reg_0_15_6_9/RAMB_D1/WADR0
  -------------------------------------------------------------------    -------------------

                         (clock sys_clk rise edge)    0.000     0.000 r  
    BUFGCTRL_X0Y0        BUFG                         0.000     0.000 r  BUFG/O
                         net (fo=1956, routed)        0.825     0.825    storage_1_reg_0_15_6_9/WCLK
    SLICE_X38Y62         RAMD32                                       r  storage_1_reg_0_15_6_9/RAMB_D1/CLK
                         clock pessimism             -0.234     0.592    
    SLICE_X38Y62         RAMD32 (Hold_ramd32_CLK_WADR0)
                                                      0.310     0.902    storage_1_reg_0_15_6_9/RAMB_D1
  -------------------------------------------------------------------
                         required time                         -0.902    
                         arrival time                           0.971    
  -------------------------------------------------------------------
                         slack                                  0.069    

Slack (MET) :             0.069ns  (arrival time - required time)
  Source:                 basesoc_uart_rx_fifo_produce_reg[0]/C
                            (rising edge-triggered cell FDRE clocked by sys_clk  {rise@0.000ns fall@5.000ns period=10.000ns})
  Destination:            storage_1_reg_0_15_6_9/RAMC/WADR0
                            (rising edge-triggered cell RAMD32 clocked by sys_clk  {rise@0.000ns fall@5.000ns period=10.000ns})
  Path Group:             sys_clk
  Path Type:              Hold (Min at Fast Process Corner)
  Requirement:            0.000ns  (sys_clk rise@0.000ns - sys_clk rise@0.000ns)
  Data Path Delay:        0.412ns  (logic 0.141ns (34.209%)  route 0.271ns (65.791%))
  Logic Levels:           0  
  Clock Path Skew:        0.033ns (DCD - SCD - CPR)
    Destination Clock Delay (DCD):    0.825ns
    Source Clock Delay      (SCD):    0.559ns
    Clock Pessimism Removal (CPR):    0.234ns

    Location             Delay type                Incr(ns)  Path(ns)    Netlist Resource(s)
  -------------------------------------------------------------------    -------------------
                         (clock sys_clk rise edge)    0.000     0.000 r  
    BUFGCTRL_X0Y0        BUFG                         0.000     0.000 r  BUFG/O
                         net (fo=1956, routed)        0.559     0.559    sys_clk
    SLICE_X40Y61         FDRE                                         r  basesoc_uart_rx_fifo_produce_reg[0]/C
  -------------------------------------------------------------------    -------------------
    SLICE_X40Y61         FDRE (Prop_fdre_C_Q)         0.141     0.700 r  basesoc_uart_rx_fifo_produce_reg[0]/Q
                         net (fo=20, routed)          0.271     0.971    storage_1_reg_0_15_6_9/ADDRD0
    SLICE_X38Y62         RAMD32                                       r  storage_1_reg_0_15_6_9/RAMC/WADR0
  -------------------------------------------------------------------    -------------------

                         (clock sys_clk rise edge)    0.000     0.000 r  
    BUFGCTRL_X0Y0        BUFG                         0.000     0.000 r  BUFG/O
                         net (fo=1956, routed)        0.825     0.825    storage_1_reg_0_15_6_9/WCLK
    SLICE_X38Y62         RAMD32                                       r  storage_1_reg_0_15_6_9/RAMC/CLK
                         clock pessimism             -0.234     0.592    
    SLICE_X38Y62         RAMD32 (Hold_ramd32_CLK_WADR0)
                                                      0.310     0.902    storage_1_reg_0_15_6_9/RAMC
  -------------------------------------------------------------------
                         required time                         -0.902    
                         arrival time                           0.971    
  -------------------------------------------------------------------
                         slack                                  0.069    





Pulse Width Checks
--------------------------------------------------------------------------------------
Clock Name:         sys_clk
Waveform(ns):       { 0.000 5.000 }
Period(ns):         10.000
Sources:            { BUFG/O }

Check Type        Corner  Lib Pin             Reference Pin  Required(ns)  Actual(ns)  Slack(ns)  Location      Pin
Min Period        n/a     XADC/DCLK           n/a            4.000         10.000      6.000      XADC_X0Y0     XADC/DCLK
Min Period        n/a     DSP48E1/CLK         n/a            3.884         10.000      6.116      DSP48_X1Y12   lm32_cpu/multiplier/product_reg__0/CLK
Min Period        n/a     DSP48E1/CLK         n/a            3.884         10.000      6.116      DSP48_X1Y13   lm32_cpu/multiplier/product0/CLK
Min Period        n/a     RAMB36E1/CLKARDCLK  n/a            2.576         10.000      7.424      RAMB36_X0Y4   mem_1_reg_3_0/CLKARDCLK
Min Period        n/a     RAMB36E1/CLKARDCLK  n/a            2.576         10.000      7.424      RAMB36_X0Y5   mem_1_reg_3_1/CLKARDCLK
Min Period        n/a     RAMB36E1/CLKARDCLK  n/a            2.576         10.000      7.424      RAMB36_X1Y3   lm32_cpu/load_store_unit/dcache/memories[0].data_memories.way_0_data_ram/mem_reg/CLKARDCLK
Min Period        n/a     RAMB36E1/CLKBWRCLK  n/a            2.576         10.000      7.424      RAMB36_X1Y3   lm32_cpu/load_store_unit/dcache/memories[0].data_memories.way_0_data_ram/mem_reg/CLKBWRCLK
Min Period        n/a     RAMB36E1/CLKARDCLK  n/a            2.576         10.000      7.424      RAMB36_X0Y6   memadr_reg_0/CLKARDCLK
Min Period        n/a     RAMB36E1/CLKARDCLK  n/a            2.576         10.000      7.424      RAMB36_X1Y6   memadr_reg_1/CLKARDCLK
Min Period        n/a     RAMB18E1/CLKARDCLK  n/a            2.576         10.000      7.424      RAMB18_X1Y9   lm32_cpu/load_store_unit/dcache/memories[0].way_0_tag_ram/mem_reg/CLKARDCLK
Low Pulse Width   Fast    RAMD32/CLK          n/a            1.250         5.000       3.750      SLICE_X38Y30  lm32_cpu/registers_reg_r1_0_31_12_17/RAMA/CLK
Low Pulse Width   Fast    RAMD32/CLK          n/a            1.250         5.000       3.750      SLICE_X38Y30  lm32_cpu/registers_reg_r1_0_31_12_17/RAMA_D1/CLK
Low Pulse Width   Fast    RAMD32/CLK          n/a            1.250         5.000       3.750      SLICE_X38Y30  lm32_cpu/registers_reg_r1_0_31_12_17/RAMB/CLK
Low Pulse Width   Fast    RAMD32/CLK          n/a            1.250         5.000       3.750      SLICE_X38Y30  lm32_cpu/registers_reg_r1_0_31_12_17/RAMB_D1/CLK
Low Pulse Width   Fast    RAMD32/CLK          n/a            1.250         5.000       3.750      SLICE_X38Y30  lm32_cpu/registers_reg_r1_0_31_12_17/RAMC/CLK
Low Pulse Width   Fast    RAMD32/CLK          n/a            1.250         5.000       3.750      SLICE_X38Y30  lm32_cpu/registers_reg_r1_0_31_12_17/RAMC_D1/CLK
Low Pulse Width   Fast    RAMS32/CLK          n/a            1.250         5.000       3.750      SLICE_X38Y30  lm32_cpu/registers_reg_r1_0_31_12_17/RAMD/CLK
Low Pulse Width   Fast    RAMS32/CLK          n/a            1.250         5.000       3.750      SLICE_X38Y30  lm32_cpu/registers_reg_r1_0_31_12_17/RAMD_D1/CLK
Low Pulse Width   Slow    RAMD32/CLK          n/a            1.250         5.000       3.750      SLICE_X38Y33  lm32_cpu/registers_reg_r1_0_31_30_31/RAMA/CLK
Low Pulse Width   Slow    RAMD32/CLK          n/a            1.250         5.000       3.750      SLICE_X38Y33  lm32_cpu/registers_reg_r1_0_31_30_31/RAMA_D1/CLK
High Pulse Width  Fast    RAMD32/CLK          n/a            1.250         5.000       3.750      SLICE_X34Y28  lm32_cpu/registers_reg_r1_0_31_18_23/RAMA/CLK
High Pulse Width  Fast    RAMD32/CLK          n/a            1.250         5.000       3.750      SLICE_X34Y28  lm32_cpu/registers_reg_r1_0_31_18_23/RAMA_D1/CLK
High Pulse Width  Fast    RAMD32/CLK          n/a            1.250         5.000       3.750      SLICE_X34Y28  lm32_cpu/registers_reg_r1_0_31_18_23/RAMB/CLK
High Pulse Width  Fast    RAMD32/CLK          n/a            1.250         5.000       3.750      SLICE_X34Y28  lm32_cpu/registers_reg_r1_0_31_18_23/RAMB_D1/CLK
High Pulse Width  Fast    RAMD32/CLK          n/a            1.250         5.000       3.750      SLICE_X34Y28  lm32_cpu/registers_reg_r1_0_31_18_23/RAMC/CLK
High Pulse Width  Fast    RAMD32/CLK          n/a            1.250         5.000       3.750      SLICE_X34Y28  lm32_cpu/registers_reg_r1_0_31_18_23/RAMC_D1/CLK
High Pulse Width  Fast    RAMS32/CLK          n/a            1.250         5.000       3.750      SLICE_X34Y28  lm32_cpu/registers_reg_r1_0_31_18_23/RAMD/CLK
High Pulse Width  Fast    RAMS32/CLK          n/a            1.250         5.000       3.750      SLICE_X34Y28  lm32_cpu/registers_reg_r1_0_31_18_23/RAMD_D1/CLK
High Pulse Width  Slow    RAMD32/CLK          n/a            1.250         5.000       3.750      SLICE_X38Y61  storage_1_reg_0_15_0_5/RAMA/CLK
High Pulse Width  Slow    RAMD32/CLK          n/a            1.250         5.000       3.750      SLICE_X38Y61  storage_1_reg_0_15_0_5/RAMA_D1/CLK



---------------------------------------------------------------------------------------------------
From Clock:  
  To Clock:  sys_clk

Setup :            0  Failing Endpoints,  Worst Slack        2.569ns,  Total Violation        0.000ns
Hold  :           NA  Failing Endpoints,  Worst Slack           NA  ,  Total Violation           NA
---------------------------------------------------------------------------------------------------


Max Delay Paths
--------------------------------------------------------------------------------------
Slack (MET) :             2.569ns  (required time - arrival time)
  Source:                 FDPE/Q
                            (internal pin)
  Destination:            FDPE_1/D
                            (rising edge-triggered cell FDPE clocked by sys_clk  {rise@0.000ns fall@5.000ns period=10.000ns})
  Path Group:             sys_clk
  Path Type:              Setup (Max at Fast Process Corner)
  Requirement:            2.000ns  (MaxDelay Path 2.000ns)
  Data Path Delay:        0.075ns  (logic 0.000ns (0.000%)  route 0.075ns (100.000%))
  Logic Levels:           0  
  Clock Path Skew:        0.674ns (DCD - SCD + CPR)
    Destination Clock Delay (DCD):    0.674ns
    Source Clock Delay      (SCD):    0.000ns
    Clock Pessimism Removal (CPR):    0.000ns
  Clock Uncertainty:      0.025ns  ((TSJ^2 + TIJ^2)^1/2 + DJ) / 2 + PE
    Total System Jitter     (TSJ):    0.050ns
    Total Input Jitter      (TIJ):    0.000ns
    Discrete Jitter          (DJ):    0.000ns
    Phase Error              (PE):    0.000ns
  Timing Exception:       MaxDelay Path 2.000ns

    Location             Delay type                Incr(ns)  Path(ns)    Netlist Resource(s)
  -------------------------------------------------------------------    -------------------
    SLICE_X0Y107         FDPE                         0.000     0.000 r  FDPE/Q
                         net (fo=1, routed)           0.075     0.075    rst_meta
    SLICE_X0Y107         FDPE                                         r  FDPE_1/D
  -------------------------------------------------------------------    -------------------

                         max delay                    2.000     2.000    
    BUFGCTRL_X0Y0        BUFG                         0.000     2.000 r  BUFG/O
                         net (fo=1956, routed)        0.674     2.674    sys_clk
    SLICE_X0Y107         FDPE                                         r  FDPE_1/C
                         clock pessimism              0.000     2.674    
                         clock uncertainty           -0.025     2.649    
    SLICE_X0Y107         FDPE (Setup_fdpe_C_D)       -0.005     2.644    FDPE_1
  -------------------------------------------------------------------
                         required time                          2.644    
                         arrival time                          -0.075    
  -------------------------------------------------------------------
                         slack                                  2.569    





------------------------------------------------------------------------------------------------
| Data sheet
| ----------
------------------------------------------------------------------------------------------------

Input Ports Setup/Hold

----------+------------------+---------+-------+---------------+---------+---------------+---------+----------+
Reference | Input            | IO Reg  | Delay |     Setup(ns) | Process |      Hold(ns) | Process | Internal |
Clock     | Port             | Type    | Type  | to Clk (Edge) | Corner  | to Clk (Edge) | Corner  | Clock    |
----------+------------------+---------+-------+---------------+---------+---------------+---------+----------+
sys_clk   | serial_rx        | FDRE    | -     |     2.822 (r) | SLOW    |    -0.483 (r) | FAST    |          |
sys_clk   | spiflash_1x_miso | FDRE    | -     |     2.003 (r) | SLOW    |    -0.179 (r) | FAST    |          |
sys_clk   | user_btn0        | FDPE    | -     |     1.297 (r) | SLOW    |     0.172 (r) | FAST    |          |
----------+------------------+---------+-------+---------------+---------+---------------+---------+----------+


Output Ports Clock-to-out

----------+------------------+--------+-------+----------------+---------+----------------+---------+----------+
Reference | Output           | IO Reg | Delay | Max Clk (Edge) | Process | Min Clk (Edge) | Process | Internal |
Clock     | Port             | Type   | Type  |    to port(ns) | Corner  |    to port(ns) | Corner  | Clock    |
----------+------------------+--------+-------+----------------+---------+----------------+---------+----------+
sys_clk   | serial_tx        | FDSE   | -     |      8.950 (r) | SLOW    |      2.997 (r) | FAST    |          |
sys_clk   | spiflash_1x_cs_n | FDRE   | -     |      9.898 (r) | SLOW    |      3.093 (r) | FAST    |          |
sys_clk   | spiflash_1x_mosi | FDRE   | -     |      9.457 (r) | SLOW    |      2.983 (r) | FAST    |          |
----------+------------------+--------+-------+----------------+---------+----------------+---------+----------+


Setup between Clocks

--------+-------------+---------------+---------+---------------+---------+---------------+---------+---------------+---------+
Source  | Destination |  Src:Rise     | Process |  Src:Rise     | Process |  Src:Fall     | Process |  Src:Fall     | Process |
Clock   | Clock       | Dest:Rise(ns) | Corner  | Dest:Fall(ns) | Corner  | Dest:Rise(ns) | Corner  | Dest:Fall(ns) | Corner  |
--------+-------------+---------------+---------+---------------+---------+---------------+---------+---------------+---------+
sys_clk | sys_clk     |         9.567 | SLOW    |               |         |               |         |               |         |
--------+-------------+---------------+---------+---------------+---------+---------------+---------+---------------+---------+



