Copyright 1986-2017 Xilinx, Inc. All Rights Reserved.
-----------------------------------------------------------------------------------------------------------
| Tool Version : Vivado v.2017.3 (lin64) Build 2018833 Wed Oct  4 19:58:07 MDT 2017
| Date         : Fri Oct 26 10:24:57 2018
| Host         : travis-job-mithro-hdmi2usb-litex-446546523.travisci.net running 64-bit Ubuntu 14.04.5 LTS
| Command      : report_utilization -hierarchical -file top_utilization_hierarchical_place.rpt
| Design       : top
| Device       : 7a35tcsg324-1
| Design State : Fully Placed
-----------------------------------------------------------------------------------------------------------

Utilization Design Information

Table of Contents
-----------------
1. Utilization by Hierarchy

1. Utilization by Hierarchy
---------------------------

+----------------------------+------------------+------------+------------+---------+------+------+--------+--------+--------------+
|          Instance          |      Module      | Total LUTs | Logic LUTs | LUTRAMs | SRLs |  FFs | RAMB36 | RAMB18 | DSP48 Blocks |
+----------------------------+------------------+------------+------------+---------+------+------+--------+--------+--------------+
| top                        |            (top) |       4644 |       4434 |     208 |    2 | 3865 |     19 |     35 |            4 |
|   (top)                    |            (top) |       2436 |       2250 |     184 |    2 | 2407 |     18 |     27 |            0 |
|   VexRiscv                 |         VexRiscv |       2208 |       2184 |      24 |    0 | 1458 |      1 |      8 |            4 |
|     (VexRiscv)             |         VexRiscv |        860 |        860 |       0 |    0 |  905 |      0 |      2 |            4 |
|     IBusCachedPlugin_cache | InstructionCache |        352 |        352 |       0 |    0 |   97 |      1 |      1 |            0 |
|     dataCache_1            |        DataCache |        996 |        972 |      24 |    0 |  456 |      0 |      5 |            0 |
+----------------------------+------------------+------------+------------+---------+------+------+--------+--------+--------------+
* Note: The sum of lower-level cells may be larger than their parent cells total, due to cross-hierarchy LUT combining


