Copyright 1986-2017 Xilinx, Inc. All Rights Reserved.
---------------------------------------------------------------------------------------------------
| Tool Version : Vivado v.2017.3 (lin64) Build 2018833 Wed Oct  4 19:58:07 MDT 2017
| Date         : Thu Jul 11 08:35:49 2019
| Host         : travis-job-f808d096-6f9b-4186-b172-fe0dedd06b2c running 64-bit Ubuntu 14.04.5 LTS
| Command      : report_utilization -hierarchical -file top_utilization_hierarchical_place.rpt
| Design       : top
| Device       : 7a35tcsg324-1
| Design State : Fully Placed
---------------------------------------------------------------------------------------------------

Utilization Design Information

Table of Contents
-----------------
1. Utilization by Hierarchy

1. Utilization by Hierarchy
---------------------------

+----------------------------+------------------+------------+------------+---------+------+------+--------+--------+--------------+
|          Instance          |      Module      | Total LUTs | Logic LUTs | LUTRAMs | SRLs |  FFs | RAMB36 | RAMB18 | DSP48 Blocks |
+----------------------------+------------------+------------+------------+---------+------+------+--------+--------+--------------+
| top                        |            (top) |       4249 |       4103 |     144 |    2 | 3637 |     17 |     25 |            4 |
|   (top)                    |            (top) |       2182 |       2036 |     144 |    2 | 2410 |     16 |     17 |            0 |
|   VexRiscv                 |         VexRiscv |       2067 |       2067 |       0 |    0 | 1227 |      1 |      8 |            4 |
|     (VexRiscv)             |         VexRiscv |        993 |        993 |       0 |    0 | 1006 |      0 |      2 |            4 |
|     IBusCachedPlugin_cache | InstructionCache |        567 |        567 |       0 |    0 |  100 |      1 |      1 |            0 |
|     dataCache_1_           |        DataCache |        507 |        507 |       0 |    0 |  121 |      0 |      5 |            0 |
+----------------------------+------------------+------------+------------+---------+------+------+--------+--------+--------------+
* Note: The sum of lower-level cells may be larger than their parent cells total, due to cross-hierarchy LUT combining


