Copyright 1986-2017 Xilinx, Inc. All Rights Reserved.
---------------------------------------------------------------------------------------------------
| Tool Version : Vivado v.2017.3 (lin64) Build 2018833 Wed Oct  4 19:58:07 MDT 2017
| Date         : Sun Jul  7 04:59:37 2019
| Host         : travis-job-ff2a478f-b8d1-4939-bb87-6e15dedbd291 running 64-bit Ubuntu 14.04.5 LTS
| Command      : report_utilization -hierarchical -file top_utilization_hierarchical_synth.rpt
| Design       : top
| Device       : 7a50tfgg484-1
| Design State : Synthesized
---------------------------------------------------------------------------------------------------

Utilization Design Information

Table of Contents
-----------------
1. Utilization by Hierarchy

1. Utilization by Hierarchy
---------------------------

+----------------------------+------------------+------------+------------+---------+------+------+--------+--------+--------------+
|          Instance          |      Module      | Total LUTs | Logic LUTs | LUTRAMs | SRLs |  FFs | RAMB36 | RAMB18 | DSP48 Blocks |
+----------------------------+------------------+------------+------------+---------+------+------+--------+--------+--------------+
| top                        |            (top) |       4749 |       4563 |     184 |    2 | 4012 |     27 |     35 |            4 |
|   (top)                    |            (top) |       2595 |       2409 |     184 |    2 | 2784 |     26 |     27 |            0 |
|   VexRiscv                 |         VexRiscv |       2154 |       2154 |       0 |    0 | 1228 |      1 |      8 |            4 |
|     (VexRiscv)             |         VexRiscv |       1068 |       1068 |       0 |    0 | 1004 |      0 |      2 |            4 |
|     IBusCachedPlugin_cache | InstructionCache |        578 |        578 |       0 |    0 |  103 |      1 |      1 |            0 |
|     dataCache_1_           |        DataCache |        508 |        508 |       0 |    0 |  121 |      0 |      5 |            0 |
+----------------------------+------------------+------------+------------+---------+------+------+--------+--------+--------------+


