Copyright 1986-2017 Xilinx, Inc. All Rights Reserved.
---------------------------------------------------------------------------------------------------
| Tool Version : Vivado v.2017.3 (lin64) Build 2018833 Wed Oct  4 19:58:07 MDT 2017
| Date         : Thu Jul 11 09:21:18 2019
| Host         : travis-job-19c934d2-bf93-4010-b1f6-d7bf6b47d890 running 64-bit Ubuntu 14.04.5 LTS
| Command      : report_utilization -hierarchical -file top_utilization_hierarchical_place.rpt
| Design       : top
| Device       : 7a35tcsg324-1
| Design State : Fully Placed
---------------------------------------------------------------------------------------------------

Utilization Design Information

Table of Contents
-----------------
1. Utilization by Hierarchy

1. Utilization by Hierarchy
---------------------------

+----------------------------+------------------+------------+------------+---------+------+------+--------+--------+--------------+
|          Instance          |      Module      | Total LUTs | Logic LUTs | LUTRAMs | SRLs |  FFs | RAMB36 | RAMB18 | DSP48 Blocks |
+----------------------------+------------------+------------+------------+---------+------+------+--------+--------+--------------+
| top                        |            (top) |       3974 |       3828 |     144 |    2 | 3397 |     16 |     21 |            0 |
|   (top)                    |            (top) |       2172 |       2026 |     144 |    2 | 2402 |     16 |     17 |            0 |
|   VexRiscv                 |         VexRiscv |       1803 |       1803 |       0 |    0 |  995 |      0 |      4 |            0 |
|     (VexRiscv)             |         VexRiscv |       1108 |       1108 |       0 |    0 |  899 |      0 |      2 |            0 |
|     IBusCachedPlugin_cache | InstructionCache |        696 |        696 |       0 |    0 |   96 |      0 |      2 |            0 |
+----------------------------+------------------+------------+------------+---------+------+------+--------+--------+--------------+
* Note: The sum of lower-level cells may be larger than their parent cells total, due to cross-hierarchy LUT combining


