Copyright 1986-2017 Xilinx, Inc. All Rights Reserved.
---------------------------------------------------------------------------------------------------
| Tool Version : Vivado v.2017.3 (lin64) Build 2018833 Wed Oct  4 19:58:07 MDT 2017
| Date         : Sun Aug  4 00:20:07 2019
| Host         : travis-job-7127d0dd-0219-4968-b9d5-d66daeced2be running 64-bit Ubuntu 16.04.6 LTS
| Command      : report_utilization -hierarchical -file top_utilization_hierarchical_place.rpt
| Design       : top
| Device       : 7a35tcsg324-1
| Design State : Fully Placed
---------------------------------------------------------------------------------------------------

Utilization Design Information

Table of Contents
-----------------
1. Utilization by Hierarchy

1. Utilization by Hierarchy
---------------------------

+----------------------------+------------------+------------+------------+---------+------+------+--------+--------+--------------+
|          Instance          |      Module      | Total LUTs | Logic LUTs | LUTRAMs | SRLs |  FFs | RAMB36 | RAMB18 | DSP48 Blocks |
+----------------------------+------------------+------------+------------+---------+------+------+--------+--------+--------------+
| top                        |            (top) |       4853 |       4667 |     184 |    2 | 4136 |     19 |     35 |            4 |
|   (top)                    |            (top) |       2681 |       2495 |     184 |    2 | 2908 |     18 |     27 |            0 |
|   VexRiscv                 |         VexRiscv |       2174 |       2174 |       0 |    0 | 1228 |      1 |      8 |            4 |
|     (VexRiscv)             |         VexRiscv |       1060 |       1060 |       0 |    0 | 1007 |      0 |      2 |            4 |
|     IBusCachedPlugin_cache | InstructionCache |        590 |        590 |       0 |    0 |  100 |      1 |      1 |            0 |
|     dataCache_1_           |        DataCache |        525 |        525 |       0 |    0 |  121 |      0 |      5 |            0 |
+----------------------------+------------------+------------+------------+---------+------+------+--------+--------+--------------+
* Note: The sum of lower-level cells may be larger than their parent cells total, due to cross-hierarchy LUT combining


