Copyright 1986-2017 Xilinx, Inc. All Rights Reserved.
---------------------------------------------------------------------------------------------------
| Tool Version : Vivado v.2017.3 (lin64) Build 2018833 Wed Oct  4 19:58:07 MDT 2017
| Date         : Tue Jul  9 04:07:35 2019
| Host         : travis-job-99a734c4-b5ee-41b0-9005-93646323ff71 running 64-bit Ubuntu 14.04.5 LTS
| Command      : report_utilization -hierarchical -file top_utilization_hierarchical_place.rpt
| Design       : top
| Device       : 7a35tcsg324-1
| Design State : Fully Placed
---------------------------------------------------------------------------------------------------

Utilization Design Information

Table of Contents
-----------------
1. Utilization by Hierarchy

1. Utilization by Hierarchy
---------------------------

+----------------+-------------------+------------+------------+---------+------+------+--------+--------+--------------+
|    Instance    |       Module      | Total LUTs | Logic LUTs | LUTRAMs | SRLs |  FFs | RAMB36 | RAMB18 | DSP48 Blocks |
+----------------+-------------------+------------+------------+---------+------+------+--------+--------+--------------+
| top            |             (top) |       5030 |       4756 |     272 |    2 | 4080 |     18 |     27 |            0 |
|   (top)        |             (top) |       2683 |       2497 |     184 |    2 | 2913 |     18 |     27 |            0 |
|   picorv32     |          picorv32 |       2347 |       2259 |      88 |    0 | 1167 |      0 |      0 |            0 |
|     (picorv32) |          picorv32 |       1698 |       1610 |      88 |    0 |  712 |      0 |      0 |            0 |
|     pcpi_div   | picorv32_pcpi_div |        376 |        376 |       0 |    0 |  200 |      0 |      0 |            0 |
|     pcpi_mul   | picorv32_pcpi_mul |        274 |        274 |       0 |    0 |  255 |      0 |      0 |            0 |
+----------------+-------------------+------------+------------+---------+------+------+--------+--------+--------------+
* Note: The sum of lower-level cells may be larger than their parent cells total, due to cross-hierarchy LUT combining


