Copyright 1986-2017 Xilinx, Inc. All Rights Reserved.
---------------------------------------------------------------------------------------------------
| Tool Version : Vivado v.2017.3 (lin64) Build 2018833 Wed Oct  4 19:58:07 MDT 2017
| Date         : Tue Jul  9 04:00:01 2019
| Host         : travis-job-99a734c4-b5ee-41b0-9005-93646323ff71 running 64-bit Ubuntu 14.04.5 LTS
| Command      : report_utilization -hierarchical -file top_utilization_hierarchical_place.rpt
| Design       : top
| Device       : 7a35tcsg324-1
| Design State : Fully Placed
---------------------------------------------------------------------------------------------------

Utilization Design Information

Table of Contents
-----------------
1. Utilization by Hierarchy

1. Utilization by Hierarchy
---------------------------

+----------------+-------------------+------------+------------+---------+------+------+--------+--------+--------------+
|    Instance    |       Module      | Total LUTs | Logic LUTs | LUTRAMs | SRLs |  FFs | RAMB36 | RAMB18 | DSP48 Blocks |
+----------------+-------------------+------------+------------+---------+------+------+--------+--------+--------------+
| top            |             (top) |       4510 |       4276 |     232 |    2 | 3567 |     16 |     17 |            0 |
|   (top)        |             (top) |       2170 |       2024 |     144 |    2 | 2408 |     16 |     17 |            0 |
|   picorv32     |          picorv32 |       2340 |       2252 |      88 |    0 | 1159 |      0 |      0 |            0 |
|     (picorv32) |          picorv32 |       1695 |       1607 |      88 |    0 |  704 |      0 |      0 |            0 |
|     pcpi_div   | picorv32_pcpi_div |        410 |        410 |       0 |    0 |  200 |      0 |      0 |            0 |
|     pcpi_mul   | picorv32_pcpi_mul |        235 |        235 |       0 |    0 |  255 |      0 |      0 |            0 |
+----------------+-------------------+------------+------------+---------+------+------+--------+--------+--------------+
* Note: The sum of lower-level cells may be larger than their parent cells total, due to cross-hierarchy LUT combining


