Copyright 1986-2017 Xilinx, Inc. All Rights Reserved.
---------------------------------------------------------------------------------------------------
| Tool Version : Vivado v.2017.3 (lin64) Build 2018833 Wed Oct  4 19:58:07 MDT 2017
| Date         : Wed Feb 13 08:01:24 2019
| Host         : travis-job-d1a95a7a-7880-4ec1-9752-30377aab0676 running 64-bit Ubuntu 14.04.5 LTS
| Command      : report_utilization -hierarchical -file top_utilization_hierarchical_place.rpt
| Design       : top
| Device       : 7a50tfgg484-1
| Design State : Fully Placed
---------------------------------------------------------------------------------------------------

Utilization Design Information

Table of Contents
-----------------
1. Utilization by Hierarchy

1. Utilization by Hierarchy
---------------------------

+----------------+-------------------+------------+------------+---------+------+------+--------+--------+--------------+
|    Instance    |       Module      | Total LUTs | Logic LUTs | LUTRAMs | SRLs |  FFs | RAMB36 | RAMB18 | DSP48 Blocks |
+----------------+-------------------+------------+------------+---------+------+------+--------+--------+--------------+
| top            |             (top) |       4304 |       4070 |     232 |    2 | 3472 |     24 |     17 |            0 |
|   (top)        |             (top) |       2044 |       1898 |     144 |    2 | 2301 |     24 |     17 |            0 |
|   picorv32     |          picorv32 |       2261 |       2173 |      88 |    0 | 1171 |      0 |      0 |            0 |
|     (picorv32) |          picorv32 |       1612 |       1524 |      88 |    0 |  716 |      0 |      0 |            0 |
|     pcpi_div   | picorv32_pcpi_div |        377 |        377 |       0 |    0 |  200 |      0 |      0 |            0 |
|     pcpi_mul   | picorv32_pcpi_mul |        273 |        273 |       0 |    0 |  255 |      0 |      0 |            0 |
+----------------+-------------------+------------+------------+---------+------+------+--------+--------+--------------+
* Note: The sum of lower-level cells may be larger than their parent cells total, due to cross-hierarchy LUT combining


